Starting a Gradle Daemon (subsequent builds will be faster)

Gradle Test Executor 1 STANDARD_ERROR
    SLF4J: Failed to load class "org.slf4j.impl.StaticLoggerBinder".
    SLF4J: Defaulting to no-operation (NOP) logger implementation
    SLF4J: See http://www.slf4j.org/codes.html#StaticLoggerBinder for further details.

Gradle Test Executor 1 STANDARD_OUT
    16:32:18.466 0    INFO  - Configurations are loaded from config.properties and default.properties, where config.properties taking preference - [utils.config.ConfigManager.<init>(ConfigManager.java:30)]
    [TestNG] [WARN] AnnotationTransformer already set
    16:32:18.650 184  INFO  - android debug bridge (adb) file located at => /home/manikrishna/android-sdk-linux/platform-tools/adb - [utils.ui.ADBUtils.getADBExecutable(ADBUtils.java:206)]
    16:32:18.656 190  INFO  - executing command : bash -c /home/manikrishna/android-sdk-linux/platform-tools/adb devices -l - [utils.test_utils.CommandLineExecutor.execCommand(CommandLineExecutor.java:56)]
    16:32:18.675 209  INFO  - connected android devices with model: {1f3497d7=ONEPLUS A5000} - [utils.ui.ADBUtils.getConnectedDevices(ADBUtils.java:242)]

Myntra Test Suite STANDARD_OUT
    16:32:19.058 592  INFO  - Refreshing org.springframework.context.support.ClassPathXmlApplicationContext@5c5b2265: startup date [Mon Jul 02 16:32:19 IST 2018]; root of context hierarchy - [context.support.AbstractApplicationContext.prepareRefresh(AbstractApplicationContext.java:590)]
    16:32:19.180 714  INFO  - Loading XML bean definitions from URL [jar:file:/home/manikrishna/.gradle/caches/modules-2/files-2.1/com.myntra.myntra-core-test-framework/myntra-core-automation-frmwk/2.0.1-RELEASE/41d50c643399f5cf27b63f10599ddcc7ac627d1b/myntra-core-automation-frmwk-2.0.1-RELEASE.jar!/db-config.xml] - [factory.xml.XmlBeanDefinitionReader.loadBeanDefinitions(XmlBeanDefinitionReader.java:316)]
    16:32:19.343 877  ERROR - db-configuration.xml not found - [utils.db.DBUtilities.initializeDBUtils(DBUtilities.java:240)]
    16:32:19.343 877  INFO  - running tests in parallel mode => none - [utils.test_utils.BaseTest.initBeforeSuite(BaseTest.java:114)]
    About to begin executing Test Test Scenario

Myntra Test Suite > Test Scenario STANDARD_OUT
    16:32:19.426 960  INFO  - parallel thread count => 1 - [utils.listeners.TestExecutionListener.onStart(TestExecutionListener.java:54)]
    16:32:19.426 960  INFO  - **************** test-context 'Test Scenario' started **************** - [utils.listeners.TestExecutionListener.onStart(TestExecutionListener.java:59)]
    About to begin executing Test Test Scenario

com.myntra.scenarios.CCDCTest STANDARD_OUT
    16:32:19.479 1013 INFO  - executing command : bash -c /home/manikrishna/android-sdk-linux/platform-tools/adb -s 1f3497d7 shell pm path 'com.myntra.android' | wc -l - [utils.test_utils.CommandLineExecutor.execCommand(CommandLineExecutor.java:56)]
    16:32:19.865 1399 INFO  - executing command : bash -c /home/manikrishna/android-sdk-linux/platform-tools/adb -s 1f3497d7 uninstall com.myntra.android - [utils.test_utils.CommandLineExecutor.execCommand(CommandLineExecutor.java:56)]
    16:32:20.362 1896 INFO  - uninstalling app package 'com.myntra.android' from device '1f3497d7' successful ? true - [utils.ui.ADBUtils.uninstallApp(ADBUtils.java:276)]
    16:32:20.370 1904 INFO  - executing command : bash -c which appium - [utils.test_utils.CommandLineExecutor.execCommand(CommandLineExecutor.java:56)]
    16:32:20.375 1909 INFO  - executing command : bash -c which node - [utils.test_utils.CommandLineExecutor.execCommand(CommandLineExecutor.java:56)]
    16:32:20.380 1914 INFO  - executing command : bash -c fuser -k 4723/tcp - [utils.test_utils.CommandLineExecutor.execCommand(CommandLineExecutor.java:56)]
    16:32:20.526 2060 INFO  - executing command : bash -c fuser -k 4823/tcp - [utils.test_utils.CommandLineExecutor.execCommand(CommandLineExecutor.java:56)]
    16:32:20.682 2216 INFO  - executing command : bash -c fuser -k 4623/tcp - [utils.test_utils.CommandLineExecutor.execCommand(CommandLineExecutor.java:56)]
    16:32:20.830 2364 INFO  - executing command : bash -c fuser -k 4923/tcp - [utils.test_utils.CommandLineExecutor.execCommand(CommandLineExecutor.java:56)]
    16:32:21.060 2594 INFO  - executing command : bash -c /home/manikrishna/android-sdk-linux/platform-tools/adb -s 1f3497d7 shell dumpsys package com.android.chrome | grep -iE '(versionName=)([0-9\.]+)' - [utils.test_utils.CommandLineExecutor.execCommand(CommandLineExecutor.java:56)]
    16:32:21.120 2654 INFO  - chrome browser version found on device '1f3497d7' => 67.0.3396.87 - [utils.ui.ServiceFactory.getDeviceChromeVersion(ServiceFactory.java:174)]
    16:32:22.436 3970 INFO  - chrome driver path => /home/manikrishna/Projects/moolya-ui-automation/src/test/resources/driver/chrome/2.40/linux_64 - [myntra.ui.DriverFactory.getDriverExecutable(DriverFactory.java:299)]
    (node:24637) [DEP0005] DeprecationWarning: Buffer() is deprecated due to security and usability issues. Please use the Buffer.alloc(), Buffer.allocUnsafe(), or Buffer.from() methods instead.
    16:32:24.440 5974 INFO  - appium session started for device '1f3497d7' at http://0.0.0.0:4723/wd/hub and writing logs to 'logs/appium/1f3497d7_pPyOre.log' - [utils.ui.ServiceFactory.startAppiumService(ServiceFactory.java:133)]
    16:32:24.441 5975 INFO  - executing command : bash -c /home/manikrishna/android-sdk-linux/platform-tools/adb -s 1f3497d7 shell pm list packages -f | grep -i 'io.appium' - [utils.test_utils.CommandLineExecutor.execCommand(CommandLineExecutor.java:56)]
    16:32:24.814 6348 INFO  - executing command : bash -c /home/manikrishna/android-sdk-linux/platform-tools/adb -s 1f3497d7 uninstall io.appium.uiautomator2.server.test - [utils.test_utils.CommandLineExecutor.execCommand(CommandLineExecutor.java:56)]
    16:32:24.814 6348 INFO  - executing command : bash -c /home/manikrishna/android-sdk-linux/platform-tools/adb -s 1f3497d7 uninstall io.appium.android.ime - [utils.test_utils.CommandLineExecutor.execCommand(CommandLineExecutor.java:56)]
    16:32:24.814 6348 INFO  - executing command : bash -c /home/manikrishna/android-sdk-linux/platform-tools/adb -s 1f3497d7 uninstall io.appium.unlock - [utils.test_utils.CommandLineExecutor.execCommand(CommandLineExecutor.java:56)]
    16:32:24.814 6348 INFO  - executing command : bash -c /home/manikrishna/android-sdk-linux/platform-tools/adb -s 1f3497d7 uninstall io.appium.settings - [utils.test_utils.CommandLineExecutor.execCommand(CommandLineExecutor.java:56)]
    16:32:24.814 6348 INFO  - executing command : bash -c /home/manikrishna/android-sdk-linux/platform-tools/adb -s 1f3497d7 uninstall io.appium.uiautomator2.server - [utils.test_utils.CommandLineExecutor.execCommand(CommandLineExecutor.java:56)]
    16:32:25.269 6803 INFO  - uninstalling app package 'io.appium.uiautomator2.server.test' from device '1f3497d7' successful ? true - [utils.ui.ADBUtils.uninstallApp(ADBUtils.java:276)]
    16:32:25.577 7111 INFO  - uninstalling app package 'io.appium.android.ime' from device '1f3497d7' successful ? true - [utils.ui.ADBUtils.uninstallApp(ADBUtils.java:276)]
    16:32:26.343 7877 INFO  - uninstalling app package 'io.appium.unlock' from device '1f3497d7' successful ? true - [utils.ui.ADBUtils.uninstallApp(ADBUtils.java:276)]
    16:32:26.886 8420 INFO  - uninstalling app package 'io.appium.settings' from device '1f3497d7' successful ? true - [utils.ui.ADBUtils.uninstallApp(ADBUtils.java:276)]
    16:32:27.154 8688 INFO  - uninstalling app package 'io.appium.uiautomator2.server' from device '1f3497d7' successful ? true - [utils.ui.ADBUtils.uninstallApp(ADBUtils.java:276)]
    [AndroidDriver] setDeviceLanguageCountry requires language or country.
    [AndroidDriver] Got language: 'null' and country: 'null'

com.myntra.scenarios.CCDCTest STANDARD_ERROR
    Jul 02, 2018 4:32:59 PM io.appium.java_client.remote.AppiumCommandExecutor$1 lambda$0
    INFO: Detected dialect: OSS

com.myntra.scenarios.CCDCTest STANDARD_OUT
    16:32:59.852 41386 INFO  - creating webdriver org.openqa.selenium.support.events.EventFiringWebDriver@29d4509d for class com.myntra.scenarios.CCDCTest # filterChangeSizeQuantityInCartAddFreeGiftApplyCouponViewDetailsPayUsingCreditCard - [utils.test_utils.BaseTest.setUp(BaseTest.java:176)]
    16:32:59.928 41462 ERROR - No Test Data provided for test name - filterChangeSizeQuantityInCartAddFreeGiftApplyCouponViewDetailsPayUsingCreditCard - [core.central.SFCentral.getTestData(SFCentral.java:65)]
Executing test runOncePerMethod [com.myntra.scenarios.CCDCTest] with result: FAILURE

com.myntra.scenarios.CCDCTest.runOncePerMethod FAILED
    com.myntra.core.exceptions.NoTestDataException

Gradle Test Executor 1 STANDARD_OUT
    16:33:03.016 44550 INFO  - screenshot file name of exception: screenshots/skipped_ccdctest_filterchangesizequantityincartadd_CasLYCV8Yk.png - [utils.listeners.WebDriverListener.takeScreenshot(WebDriverListener.java:322)]
Executing test filterChangeSizeQuantityInCartAddFreeGiftApplyCouponViewDetailsPayUsingCreditCard [com.myntra.scenarios.CCDCTest] with result: SKIPPED

Myntra Test Suite > Test Scenario > com.myntra.scenarios.CCDCTest.filterChangeSizeQuantityInCartAddFreeGiftApplyCouponViewDetailsPayUsingCreditCard SKIPPED

Myntra Test Suite > Test Scenario STANDARD_OUT
    16:33:03.148 44682 INFO  - **************** Test 'com.myntra.scenarios.CCDCTest # filterChangeSizeQuantityInCartAddFreeGiftApplyCouponViewDetailsPayUsingCreditCard' skipped in 0 minutes (0.0 seconds) **************** - [utils.listeners.TestExecutionListener.onTestSkipped(TestExecutionListener.java:158)]
    16:33:04.783 46317 INFO  - removing webdriver org.openqa.selenium.support.events.EventFiringWebDriver@29d4509d for class com.myntra.scenarios.CCDCTest # filterChangeSizeQuantityInCartAddFreeGiftApplyCouponViewDetailsPayUsingCreditCard - [utils.test_utils.BaseTest.closeDriver(BaseTest.java:253)]
    16:33:04.785 46319 INFO  - executing command : bash -c /home/manikrishna/android-sdk-linux/platform-tools/adb -s 1f3497d7 shell pm path 'com.myntra.android' | wc -l - [utils.test_utils.CommandLineExecutor.execCommand(CommandLineExecutor.java:56)]
    16:33:05.127 46661 INFO  - executing command : bash -c /home/manikrishna/android-sdk-linux/platform-tools/adb -s 1f3497d7 uninstall com.myntra.android - [utils.test_utils.CommandLineExecutor.execCommand(CommandLineExecutor.java:56)]
    16:33:05.169 46703 INFO  - uninstalling app package 'com.myntra.android' from device '1f3497d7' successful ? false - [utils.ui.ADBUtils.uninstallApp(ADBUtils.java:276)]
    16:33:05.170 46704 INFO  - executing command : bash -c fuser -k 4724/tcp - [utils.test_utils.CommandLineExecutor.execCommand(CommandLineExecutor.java:56)]
    16:33:05.325 46859 INFO  - executing command : bash -c fuser -k 4824/tcp - [utils.test_utils.CommandLineExecutor.execCommand(CommandLineExecutor.java:56)]
    16:33:05.469 47003 INFO  - executing command : bash -c fuser -k 4624/tcp - [utils.test_utils.CommandLineExecutor.execCommand(CommandLineExecutor.java:56)]
    16:33:05.611 47145 INFO  - executing command : bash -c fuser -k 4924/tcp - [utils.test_utils.CommandLineExecutor.execCommand(CommandLineExecutor.java:56)]
    16:33:05.760 47294 INFO  - executing command : bash -c /home/manikrishna/android-sdk-linux/platform-tools/adb -s 1f3497d7 shell dumpsys package com.android.chrome | grep -iE '(versionName=)([0-9\.]+)' - [utils.test_utils.CommandLineExecutor.execCommand(CommandLineExecutor.java:56)]
    16:33:05.835 47369 INFO  - chrome browser version found on device '1f3497d7' => 67.0.3396.87 - [utils.ui.ServiceFactory.getDeviceChromeVersion(ServiceFactory.java:174)]
    16:33:08.002 49536 INFO  - chrome driver path => /home/manikrishna/Projects/moolya-ui-automation/src/test/resources/driver/chrome/2.40/linux_64 - [myntra.ui.DriverFactory.getDriverExecutable(DriverFactory.java:299)]
    (node:24994) [DEP0005] DeprecationWarning: Buffer() is deprecated due to security and usability issues. Please use the Buffer.alloc(), Buffer.allocUnsafe(), or Buffer.from() methods instead.
    16:33:09.628 51162 INFO  - appium session started for device '1f3497d7' at http://0.0.0.0:4724/wd/hub and writing logs to 'logs/appium/1f3497d7_w0xH6W.log' - [utils.ui.ServiceFactory.startAppiumService(ServiceFactory.java:133)]
    16:33:09.628 51162 INFO  - executing command : bash -c /home/manikrishna/android-sdk-linux/platform-tools/adb -s 1f3497d7 shell pm list packages -f | grep -i 'io.appium' - [utils.test_utils.CommandLineExecutor.execCommand(CommandLineExecutor.java:56)]
    16:33:10.038 51572 INFO  - executing command : bash -c /home/manikrishna/android-sdk-linux/platform-tools/adb -s 1f3497d7 uninstall io.appium.uiautomator2.server.test - [utils.test_utils.CommandLineExecutor.execCommand(CommandLineExecutor.java:56)]
    16:33:10.039 51573 INFO  - executing command : bash -c /home/manikrishna/android-sdk-linux/platform-tools/adb -s 1f3497d7 uninstall io.appium.settings - [utils.test_utils.CommandLineExecutor.execCommand(CommandLineExecutor.java:56)]
    16:33:10.039 51573 INFO  - executing command : bash -c /home/manikrishna/android-sdk-linux/platform-tools/adb -s 1f3497d7 uninstall io.appium.unlock - [utils.test_utils.CommandLineExecutor.execCommand(CommandLineExecutor.java:56)]
    16:33:10.039 51573 INFO  - executing command : bash -c /home/manikrishna/android-sdk-linux/platform-tools/adb -s 1f3497d7 uninstall io.appium.android.ime - [utils.test_utils.CommandLineExecutor.execCommand(CommandLineExecutor.java:56)]
    16:33:10.039 51573 INFO  - executing command : bash -c /home/manikrishna/android-sdk-linux/platform-tools/adb -s 1f3497d7 uninstall io.appium.uiautomator2.server - [utils.test_utils.CommandLineExecutor.execCommand(CommandLineExecutor.java:56)]
    16:33:10.659 52193 INFO  - uninstalling app package 'io.appium.uiautomator2.server.test' from device '1f3497d7' successful ? true - [utils.ui.ADBUtils.uninstallApp(ADBUtils.java:276)]
    16:33:11.046 52580 INFO  - uninstalling app package 'io.appium.unlock' from device '1f3497d7' successful ? true - [utils.ui.ADBUtils.uninstallApp(ADBUtils.java:276)]
    16:33:11.455 52989 INFO  - uninstalling app package 'io.appium.uiautomator2.server' from device '1f3497d7' successful ? true - [utils.ui.ADBUtils.uninstallApp(ADBUtils.java:276)]
    16:33:11.768 53302 INFO  - uninstalling app package 'io.appium.android.ime' from device '1f3497d7' successful ? true - [utils.ui.ADBUtils.uninstallApp(ADBUtils.java:276)]
    16:33:12.066 53600 INFO  - uninstalling app package 'io.appium.settings' from device '1f3497d7' successful ? true - [utils.ui.ADBUtils.uninstallApp(ADBUtils.java:276)]
    [AndroidDriver] setDeviceLanguageCountry requires language or country.
    [AndroidDriver] Got language: 'null' and country: 'null'

Myntra Test Suite > Test Scenario STANDARD_ERROR
    Jul 02, 2018 4:33:44 PM io.appium.java_client.remote.AppiumCommandExecutor$1 lambda$0
    INFO: Detected dialect: OSS

Myntra Test Suite > Test Scenario STANDARD_OUT
    16:33:45.002 86536 INFO  - creating webdriver org.openqa.selenium.support.events.EventFiringWebDriver@1756d429 for class com.myntra.scenarios.CCDCTest # listPageToPDPcheckDeliveryOptionsaddProductToCartPlaceOrderApplyCouponAddNewAddressOfficePayUsingCreditDebitCard - [utils.test_utils.BaseTest.setUp(BaseTest.java:176)]
    16:33:45.005 86539 ERROR - No Test Data provided for test name - listPageToPDPcheckDeliveryOptionsaddProductToCartPlaceOrderApplyCouponAddNewAddressOfficePayUsingCreditDebitCard - [core.central.SFCentral.getTestData(SFCentral.java:65)]
Executing test runOncePerMethod [com.myntra.scenarios.CCDCTest] with result: FAILURE

com.myntra.scenarios.CCDCTest.runOncePerMethod FAILED
    com.myntra.core.exceptions.NoTestDataException

Gradle Test Executor 1 STANDARD_OUT
    16:33:47.382 88916 INFO  - screenshot file name of exception: screenshots/skipped_ccdctest_listpagetopdpcheckdeliveryoptions_jlo7aTPrhL.png - [utils.listeners.WebDriverListener.takeScreenshot(WebDriverListener.java:322)]
Executing test listPageToPDPcheckDeliveryOptionsaddProductToCartPlaceOrderApplyCouponAddNewAddressOfficePayUsingCreditDebitCard [com.myntra.scenarios.CCDCTest] with result: SKIPPED

Myntra Test Suite > Test Scenario > com.myntra.scenarios.CCDCTest.listPageToPDPcheckDeliveryOptionsaddProductToCartPlaceOrderApplyCouponAddNewAddressOfficePayUsingCreditDebitCard SKIPPED

Myntra Test Suite > Test Scenario STANDARD_OUT
    16:33:47.389 88923 INFO  - **************** Test 'com.myntra.scenarios.CCDCTest # listPageToPDPcheckDeliveryOptionsaddProductToCartPlaceOrderApplyCouponAddNewAddressOfficePayUsingCreditDebitCard' skipped in 0 minutes (0.0 seconds) **************** - [utils.listeners.TestExecutionListener.onTestSkipped(TestExecutionListener.java:158)]
    16:33:49.145 90679 INFO  - removing webdriver org.openqa.selenium.support.events.EventFiringWebDriver@1756d429 for class com.myntra.scenarios.CCDCTest # listPageToPDPcheckDeliveryOptionsaddProductToCartPlaceOrderApplyCouponAddNewAddressOfficePayUsingCreditDebitCard - [utils.test_utils.BaseTest.closeDriver(BaseTest.java:253)]

com.myntra.scenarios.CasualUserTest STANDARD_OUT
    16:33:49.151 90685 INFO  - executing command : bash -c /home/manikrishna/android-sdk-linux/platform-tools/adb -s 1f3497d7 shell pm path 'com.myntra.android' | wc -l - [utils.test_utils.CommandLineExecutor.execCommand(CommandLineExecutor.java:56)]
    16:33:49.518 91052 INFO  - executing command : bash -c /home/manikrishna/android-sdk-linux/platform-tools/adb -s 1f3497d7 uninstall com.myntra.android - [utils.test_utils.CommandLineExecutor.execCommand(CommandLineExecutor.java:56)]
    16:33:49.559 91093 INFO  - uninstalling app package 'com.myntra.android' from device '1f3497d7' successful ? false - [utils.ui.ADBUtils.uninstallApp(ADBUtils.java:276)]
    16:33:49.561 91095 INFO  - executing command : bash -c fuser -k 4725/tcp - [utils.test_utils.CommandLineExecutor.execCommand(CommandLineExecutor.java:56)]
    16:33:49.750 91284 INFO  - executing command : bash -c fuser -k 4825/tcp - [utils.test_utils.CommandLineExecutor.execCommand(CommandLineExecutor.java:56)]
    16:33:49.934 91468 INFO  - executing command : bash -c fuser -k 4625/tcp - [utils.test_utils.CommandLineExecutor.execCommand(CommandLineExecutor.java:56)]
    16:33:50.121 91655 INFO  - executing command : bash -c fuser -k 4925/tcp - [utils.test_utils.CommandLineExecutor.execCommand(CommandLineExecutor.java:56)]
    16:33:50.302 91836 INFO  - executing command : bash -c /home/manikrishna/android-sdk-linux/platform-tools/adb -s 1f3497d7 shell dumpsys package com.android.chrome | grep -iE '(versionName=)([0-9\.]+)' - [utils.test_utils.CommandLineExecutor.execCommand(CommandLineExecutor.java:56)]
    16:33:50.390 91924 INFO  - chrome browser version found on device '1f3497d7' => 67.0.3396.87 - [utils.ui.ServiceFactory.getDeviceChromeVersion(ServiceFactory.java:174)]
    16:33:52.016 93550 INFO  - chrome driver path => /home/manikrishna/Projects/moolya-ui-automation/src/test/resources/driver/chrome/2.40/linux_64 - [myntra.ui.DriverFactory.getDriverExecutable(DriverFactory.java:299)]
    (node:25409) [DEP0005] DeprecationWarning: Buffer() is deprecated due to security and usability issues. Please use the Buffer.alloc(), Buffer.allocUnsafe(), or Buffer.from() methods instead.
    16:33:54.292 95826 INFO  - appium session started for device '1f3497d7' at http://0.0.0.0:4725/wd/hub and writing logs to 'logs/appium/1f3497d7_AbPS0u.log' - [utils.ui.ServiceFactory.startAppiumService(ServiceFactory.java:133)]
    16:33:54.293 95827 INFO  - executing command : bash -c /home/manikrishna/android-sdk-linux/platform-tools/adb -s 1f3497d7 shell pm list packages -f | grep -i 'io.appium' - [utils.test_utils.CommandLineExecutor.execCommand(CommandLineExecutor.java:56)]
    16:33:54.663 96197 INFO  - executing command : bash -c /home/manikrishna/android-sdk-linux/platform-tools/adb -s 1f3497d7 uninstall io.appium.uiautomator2.server.test - [utils.test_utils.CommandLineExecutor.execCommand(CommandLineExecutor.java:56)]
    16:33:54.663 96197 INFO  - executing command : bash -c /home/manikrishna/android-sdk-linux/platform-tools/adb -s 1f3497d7 uninstall io.appium.android.ime - [utils.test_utils.CommandLineExecutor.execCommand(CommandLineExecutor.java:56)]
    16:33:54.663 96197 INFO  - executing command : bash -c /home/manikrishna/android-sdk-linux/platform-tools/adb -s 1f3497d7 uninstall io.appium.uiautomator2.server - [utils.test_utils.CommandLineExecutor.execCommand(CommandLineExecutor.java:56)]
    16:33:54.663 96197 INFO  - executing command : bash -c /home/manikrishna/android-sdk-linux/platform-tools/adb -s 1f3497d7 uninstall io.appium.settings - [utils.test_utils.CommandLineExecutor.execCommand(CommandLineExecutor.java:56)]
    16:33:54.663 96197 INFO  - executing command : bash -c /home/manikrishna/android-sdk-linux/platform-tools/adb -s 1f3497d7 uninstall io.appium.unlock - [utils.test_utils.CommandLineExecutor.execCommand(CommandLineExecutor.java:56)]
    16:33:55.124 96658 INFO  - uninstalling app package 'io.appium.uiautomator2.server' from device '1f3497d7' successful ? true - [utils.ui.ADBUtils.uninstallApp(ADBUtils.java:276)]
    16:33:55.465 96999 INFO  - uninstalling app package 'io.appium.unlock' from device '1f3497d7' successful ? true - [utils.ui.ADBUtils.uninstallApp(ADBUtils.java:276)]
    16:33:55.775 97309 INFO  - uninstalling app package 'io.appium.settings' from device '1f3497d7' successful ? true - [utils.ui.ADBUtils.uninstallApp(ADBUtils.java:276)]
    16:33:56.081 97615 INFO  - uninstalling app package 'io.appium.uiautomator2.server.test' from device '1f3497d7' successful ? true - [utils.ui.ADBUtils.uninstallApp(ADBUtils.java:276)]
    16:33:56.376 97910 INFO  - uninstalling app package 'io.appium.android.ime' from device '1f3497d7' successful ? true - [utils.ui.ADBUtils.uninstallApp(ADBUtils.java:276)]
    [AndroidDriver] setDeviceLanguageCountry requires language or country.
    [AndroidDriver] Got language: 'null' and country: 'null'

com.myntra.scenarios.CasualUserTest STANDARD_ERROR
    Jul 02, 2018 4:34:30 PM io.appium.java_client.remote.AppiumCommandExecutor$1 lambda$0
    INFO: Detected dialect: OSS

com.myntra.scenarios.CasualUserTest STANDARD_OUT
    16:34:30.271 131805 INFO  - creating webdriver org.openqa.selenium.support.events.EventFiringWebDriver@4789a65b for class com.myntra.scenarios.CasualUserTest # addProductToCartAndAddAddress - [utils.test_utils.BaseTest.setUp(BaseTest.java:176)]
    16:34:30.273 131807 ERROR - No Test Data provided for test name - addProductToCartAndAddAddress - [core.central.SFCentral.getTestData(SFCentral.java:65)]
Executing test runOncePerMethod [com.myntra.scenarios.CasualUserTest] with result: FAILURE

com.myntra.scenarios.CasualUserTest.runOncePerMethod FAILED
    com.myntra.core.exceptions.NoTestDataException

Gradle Test Executor 1 STANDARD_OUT
    16:34:32.835 134369 INFO  - screenshot file name of exception: screenshots/skipped_casualusertest_addproducttocartandaddaddre_vRiobQ1F8z.png - [utils.listeners.WebDriverListener.takeScreenshot(WebDriverListener.java:322)]
Executing test addProductToCartAndAddAddress [com.myntra.scenarios.CasualUserTest] with result: SKIPPED

Myntra Test Suite > Test Scenario > com.myntra.scenarios.CasualUserTest.addProductToCartAndAddAddress SKIPPED

Myntra Test Suite > Test Scenario STANDARD_OUT
    16:34:32.839 134373 INFO  - **************** Test 'com.myntra.scenarios.CasualUserTest # addProductToCartAndAddAddress' skipped in 0 minutes (0.0 seconds) **************** - [utils.listeners.TestExecutionListener.onTestSkipped(TestExecutionListener.java:158)]
    16:34:34.549 136083 INFO  - removing webdriver org.openqa.selenium.support.events.EventFiringWebDriver@4789a65b for class com.myntra.scenarios.CasualUserTest # addProductToCartAndAddAddress - [utils.test_utils.BaseTest.closeDriver(BaseTest.java:253)]
    16:34:34.550 136084 INFO  - executing command : bash -c /home/manikrishna/android-sdk-linux/platform-tools/adb -s 1f3497d7 shell pm path 'com.myntra.android' | wc -l - [utils.test_utils.CommandLineExecutor.execCommand(CommandLineExecutor.java:56)]
    16:34:34.898 136432 INFO  - executing command : bash -c /home/manikrishna/android-sdk-linux/platform-tools/adb -s 1f3497d7 uninstall com.myntra.android - [utils.test_utils.CommandLineExecutor.execCommand(CommandLineExecutor.java:56)]
    16:34:34.963 136497 INFO  - uninstalling app package 'com.myntra.android' from device '1f3497d7' successful ? false - [utils.ui.ADBUtils.uninstallApp(ADBUtils.java:276)]
    16:34:34.964 136498 INFO  - executing command : bash -c fuser -k 4726/tcp - [utils.test_utils.CommandLineExecutor.execCommand(CommandLineExecutor.java:56)]
    16:34:35.121 136655 INFO  - executing command : bash -c fuser -k 4826/tcp - [utils.test_utils.CommandLineExecutor.execCommand(CommandLineExecutor.java:56)]
    16:34:35.271 136805 INFO  - executing command : bash -c fuser -k 4626/tcp - [utils.test_utils.CommandLineExecutor.execCommand(CommandLineExecutor.java:56)]
    16:34:35.421 136955 INFO  - executing command : bash -c fuser -k 4926/tcp - [utils.test_utils.CommandLineExecutor.execCommand(CommandLineExecutor.java:56)]
    16:34:35.579 137113 INFO  - executing command : bash -c /home/manikrishna/android-sdk-linux/platform-tools/adb -s 1f3497d7 shell dumpsys package com.android.chrome | grep -iE '(versionName=)([0-9\.]+)' - [utils.test_utils.CommandLineExecutor.execCommand(CommandLineExecutor.java:56)]
    16:34:35.654 137188 INFO  - chrome browser version found on device '1f3497d7' => 67.0.3396.87 - [utils.ui.ServiceFactory.getDeviceChromeVersion(ServiceFactory.java:174)]
    16:34:38.080 139614 INFO  - chrome driver path => /home/manikrishna/Projects/moolya-ui-automation/src/test/resources/driver/chrome/2.40/linux_64 - [myntra.ui.DriverFactory.getDriverExecutable(DriverFactory.java:299)]
    (node:25870) [DEP0005] DeprecationWarning: Buffer() is deprecated due to security and usability issues. Please use the Buffer.alloc(), Buffer.allocUnsafe(), or Buffer.from() methods instead.
    16:34:39.700 141234 INFO  - appium session started for device '1f3497d7' at http://0.0.0.0:4726/wd/hub and writing logs to 'logs/appium/1f3497d7_uGeHtp.log' - [utils.ui.ServiceFactory.startAppiumService(ServiceFactory.java:133)]
    16:34:39.700 141234 INFO  - executing command : bash -c /home/manikrishna/android-sdk-linux/platform-tools/adb -s 1f3497d7 shell pm list packages -f | grep -i 'io.appium' - [utils.test_utils.CommandLineExecutor.execCommand(CommandLineExecutor.java:56)]
    16:34:40.083 141617 INFO  - executing command : bash -c /home/manikrishna/android-sdk-linux/platform-tools/adb -s 1f3497d7 uninstall io.appium.uiautomator2.server.test - [utils.test_utils.CommandLineExecutor.execCommand(CommandLineExecutor.java:56)]
    16:34:40.083 141617 INFO  - executing command : bash -c /home/manikrishna/android-sdk-linux/platform-tools/adb -s 1f3497d7 uninstall io.appium.uiautomator2.server - [utils.test_utils.CommandLineExecutor.execCommand(CommandLineExecutor.java:56)]
    16:34:40.083 141617 INFO  - executing command : bash -c /home/manikrishna/android-sdk-linux/platform-tools/adb -s 1f3497d7 uninstall io.appium.settings - [utils.test_utils.CommandLineExecutor.execCommand(CommandLineExecutor.java:56)]
    16:34:40.083 141617 INFO  - executing command : bash -c /home/manikrishna/android-sdk-linux/platform-tools/adb -s 1f3497d7 uninstall io.appium.android.ime - [utils.test_utils.CommandLineExecutor.execCommand(CommandLineExecutor.java:56)]
    16:34:40.083 141617 INFO  - executing command : bash -c /home/manikrishna/android-sdk-linux/platform-tools/adb -s 1f3497d7 uninstall io.appium.unlock - [utils.test_utils.CommandLineExecutor.execCommand(CommandLineExecutor.java:56)]
    16:34:40.617 142151 INFO  - uninstalling app package 'io.appium.uiautomator2.server.test' from device '1f3497d7' successful ? true - [utils.ui.ADBUtils.uninstallApp(ADBUtils.java:276)]
    16:34:40.946 142480 INFO  - uninstalling app package 'io.appium.settings' from device '1f3497d7' successful ? true - [utils.ui.ADBUtils.uninstallApp(ADBUtils.java:276)]
    16:34:41.265 142799 INFO  - uninstalling app package 'io.appium.uiautomator2.server' from device '1f3497d7' successful ? true - [utils.ui.ADBUtils.uninstallApp(ADBUtils.java:276)]
    16:34:41.622 143156 INFO  - uninstalling app package 'io.appium.unlock' from device '1f3497d7' successful ? true - [utils.ui.ADBUtils.uninstallApp(ADBUtils.java:276)]
    16:34:42.006 143540 INFO  - uninstalling app package 'io.appium.android.ime' from device '1f3497d7' successful ? true - [utils.ui.ADBUtils.uninstallApp(ADBUtils.java:276)]
    [AndroidDriver] setDeviceLanguageCountry requires language or country.
    [AndroidDriver] Got language: 'null' and country: 'null'

Myntra Test Suite > Test Scenario STANDARD_ERROR
    Jul 02, 2018 4:35:14 PM io.appium.java_client.remote.AppiumCommandExecutor$1 lambda$0
    INFO: Detected dialect: OSS

Myntra Test Suite > Test Scenario STANDARD_OUT
    16:35:14.799 176333 INFO  - creating webdriver org.openqa.selenium.support.events.EventFiringWebDriver@166f0113 for class com.myntra.scenarios.CasualUserTest # addToBagApplyCouponPlaceOrderAndAddNewAddress - [utils.test_utils.BaseTest.setUp(BaseTest.java:176)]
    16:35:14.800 176334 ERROR - No Test Data provided for test name - addToBagApplyCouponPlaceOrderAndAddNewAddress - [core.central.SFCentral.getTestData(SFCentral.java:65)]
Executing test runOncePerMethod [com.myntra.scenarios.CasualUserTest] with result: FAILURE

com.myntra.scenarios.CasualUserTest.runOncePerMethod FAILED
    com.myntra.core.exceptions.NoTestDataException

Gradle Test Executor 1 STANDARD_OUT
    16:35:16.563 178097 INFO  - screenshot file name of exception: screenshots/skipped_casualusertest_addtobagapplycouponplaceord_nHkWN8rcxd.png - [utils.listeners.WebDriverListener.takeScreenshot(WebDriverListener.java:322)]
Executing test addToBagApplyCouponPlaceOrderAndAddNewAddress [com.myntra.scenarios.CasualUserTest] with result: SKIPPED

Myntra Test Suite > Test Scenario > com.myntra.scenarios.CasualUserTest.addToBagApplyCouponPlaceOrderAndAddNewAddress SKIPPED

Myntra Test Suite > Test Scenario STANDARD_OUT
    16:35:16.568 178102 INFO  - **************** Test 'com.myntra.scenarios.CasualUserTest # addToBagApplyCouponPlaceOrderAndAddNewAddress' skipped in 0 minutes (0.0 seconds) **************** - [utils.listeners.TestExecutionListener.onTestSkipped(TestExecutionListener.java:158)]
    16:35:18.337 179871 INFO  - removing webdriver org.openqa.selenium.support.events.EventFiringWebDriver@166f0113 for class com.myntra.scenarios.CasualUserTest # addToBagApplyCouponPlaceOrderAndAddNewAddress - [utils.test_utils.BaseTest.closeDriver(BaseTest.java:253)]
    16:35:18.339 179873 INFO  - executing command : bash -c /home/manikrishna/android-sdk-linux/platform-tools/adb -s 1f3497d7 shell pm path 'com.myntra.android' | wc -l - [utils.test_utils.CommandLineExecutor.execCommand(CommandLineExecutor.java:56)]
    16:35:18.686 180220 INFO  - executing command : bash -c /home/manikrishna/android-sdk-linux/platform-tools/adb -s 1f3497d7 uninstall com.myntra.android - [utils.test_utils.CommandLineExecutor.execCommand(CommandLineExecutor.java:56)]
    16:35:18.748 180282 INFO  - uninstalling app package 'com.myntra.android' from device '1f3497d7' successful ? false - [utils.ui.ADBUtils.uninstallApp(ADBUtils.java:276)]
    16:35:18.750 180284 INFO  - executing command : bash -c fuser -k 4727/tcp - [utils.test_utils.CommandLineExecutor.execCommand(CommandLineExecutor.java:56)]
    16:35:18.905 180439 INFO  - executing command : bash -c fuser -k 4827/tcp - [utils.test_utils.CommandLineExecutor.execCommand(CommandLineExecutor.java:56)]
    16:35:19.051 180585 INFO  - executing command : bash -c fuser -k 4627/tcp - [utils.test_utils.CommandLineExecutor.execCommand(CommandLineExecutor.java:56)]
    16:35:19.201 180735 INFO  - executing command : bash -c fuser -k 4927/tcp - [utils.test_utils.CommandLineExecutor.execCommand(CommandLineExecutor.java:56)]
    16:35:19.349 180883 INFO  - executing command : bash -c /home/manikrishna/android-sdk-linux/platform-tools/adb -s 1f3497d7 shell dumpsys package com.android.chrome | grep -iE '(versionName=)([0-9\.]+)' - [utils.test_utils.CommandLineExecutor.execCommand(CommandLineExecutor.java:56)]
    16:35:19.406 180940 INFO  - chrome browser version found on device '1f3497d7' => 67.0.3396.87 - [utils.ui.ServiceFactory.getDeviceChromeVersion(ServiceFactory.java:174)]
    16:35:21.689 183223 INFO  - chrome driver path => /home/manikrishna/Projects/moolya-ui-automation/src/test/resources/driver/chrome/2.40/linux_64 - [myntra.ui.DriverFactory.getDriverExecutable(DriverFactory.java:299)]
    (node:26282) [DEP0005] DeprecationWarning: Buffer() is deprecated due to security and usability issues. Please use the Buffer.alloc(), Buffer.allocUnsafe(), or Buffer.from() methods instead.
    16:35:23.307 184841 INFO  - appium session started for device '1f3497d7' at http://0.0.0.0:4727/wd/hub and writing logs to 'logs/appium/1f3497d7_N0Sy7Y.log' - [utils.ui.ServiceFactory.startAppiumService(ServiceFactory.java:133)]
    16:35:23.307 184841 INFO  - executing command : bash -c /home/manikrishna/android-sdk-linux/platform-tools/adb -s 1f3497d7 shell pm list packages -f | grep -i 'io.appium' - [utils.test_utils.CommandLineExecutor.execCommand(CommandLineExecutor.java:56)]
    16:35:23.685 185219 INFO  - executing command : bash -c /home/manikrishna/android-sdk-linux/platform-tools/adb -s 1f3497d7 uninstall io.appium.uiautomator2.server.test - [utils.test_utils.CommandLineExecutor.execCommand(CommandLineExecutor.java:56)]
    16:35:23.686 185220 INFO  - executing command : bash -c /home/manikrishna/android-sdk-linux/platform-tools/adb -s 1f3497d7 uninstall io.appium.android.ime - [utils.test_utils.CommandLineExecutor.execCommand(CommandLineExecutor.java:56)]
    16:35:23.686 185220 INFO  - executing command : bash -c /home/manikrishna/android-sdk-linux/platform-tools/adb -s 1f3497d7 uninstall io.appium.uiautomator2.server - [utils.test_utils.CommandLineExecutor.execCommand(CommandLineExecutor.java:56)]
    16:35:23.686 185220 INFO  - executing command : bash -c /home/manikrishna/android-sdk-linux/platform-tools/adb -s 1f3497d7 uninstall io.appium.settings - [utils.test_utils.CommandLineExecutor.execCommand(CommandLineExecutor.java:56)]
    16:35:23.686 185220 INFO  - executing command : bash -c /home/manikrishna/android-sdk-linux/platform-tools/adb -s 1f3497d7 uninstall io.appium.unlock - [utils.test_utils.CommandLineExecutor.execCommand(CommandLineExecutor.java:56)]
    16:35:24.236 185770 INFO  - uninstalling app package 'io.appium.uiautomator2.server.test' from device '1f3497d7' successful ? true - [utils.ui.ADBUtils.uninstallApp(ADBUtils.java:276)]
    16:35:24.621 186155 INFO  - uninstalling app package 'io.appium.settings' from device '1f3497d7' successful ? true - [utils.ui.ADBUtils.uninstallApp(ADBUtils.java:276)]
    16:35:24.942 186476 INFO  - uninstalling app package 'io.appium.unlock' from device '1f3497d7' successful ? true - [utils.ui.ADBUtils.uninstallApp(ADBUtils.java:276)]
    16:35:25.235 186769 INFO  - uninstalling app package 'io.appium.android.ime' from device '1f3497d7' successful ? true - [utils.ui.ADBUtils.uninstallApp(ADBUtils.java:276)]
    16:35:25.538 187072 INFO  - uninstalling app package 'io.appium.uiautomator2.server' from device '1f3497d7' successful ? true - [utils.ui.ADBUtils.uninstallApp(ADBUtils.java:276)]
    [AndroidDriver] setDeviceLanguageCountry requires language or country.
    [AndroidDriver] Got language: 'null' and country: 'null'

Myntra Test Suite > Test Scenario STANDARD_ERROR
    Jul 02, 2018 4:35:57 PM io.appium.java_client.remote.AppiumCommandExecutor$1 lambda$0
    INFO: Detected dialect: OSS

Myntra Test Suite > Test Scenario STANDARD_OUT
    16:35:57.576 219110 INFO  - creating webdriver org.openqa.selenium.support.events.EventFiringWebDriver@6948f93d for class com.myntra.scenarios.CasualUserTest # saveProductEmptyWishlistaddProductToBagChangeSizeAndQuantityAndRemoveAddress - [utils.test_utils.BaseTest.setUp(BaseTest.java:176)]
    16:35:57.578 219112 ERROR - No Test Data provided for test name - saveProductEmptyWishlistaddProductToBagChangeSizeAndQuantityAndRemoveAddress - [core.central.SFCentral.getTestData(SFCentral.java:65)]
Executing test runOncePerMethod [com.myntra.scenarios.CasualUserTest] with result: FAILURE

com.myntra.scenarios.CasualUserTest.runOncePerMethod FAILED
    com.myntra.core.exceptions.NoTestDataException

Gradle Test Executor 1 STANDARD_OUT
    16:36:00.237 221771 INFO  - screenshot file name of exception: screenshots/skipped_casualusertest_saveproductemptywishlistadd_kortcC0irX.png - [utils.listeners.WebDriverListener.takeScreenshot(WebDriverListener.java:322)]
Executing test saveProductEmptyWishlistaddProductToBagChangeSizeAndQuantityAndRemoveAddress [com.myntra.scenarios.CasualUserTest] with result: SKIPPED

Myntra Test Suite > Test Scenario > com.myntra.scenarios.CasualUserTest.saveProductEmptyWishlistaddProductToBagChangeSizeAndQuantityAndRemoveAddress SKIPPED

Myntra Test Suite > Test Scenario STANDARD_OUT
    16:36:00.241 221775 INFO  - **************** Test 'com.myntra.scenarios.CasualUserTest # saveProductEmptyWishlistaddProductToBagChangeSizeAndQuantityAndRemoveAddress' skipped in 0 minutes (0.0 seconds) **************** - [utils.listeners.TestExecutionListener.onTestSkipped(TestExecutionListener.java:158)]
    16:36:01.841 223375 INFO  - removing webdriver org.openqa.selenium.support.events.EventFiringWebDriver@6948f93d for class com.myntra.scenarios.CasualUserTest # saveProductEmptyWishlistaddProductToBagChangeSizeAndQuantityAndRemoveAddress - [utils.test_utils.BaseTest.closeDriver(BaseTest.java:253)]
    16:36:01.843 223377 INFO  - executing command : bash -c /home/manikrishna/android-sdk-linux/platform-tools/adb -s 1f3497d7 shell pm path 'com.myntra.android' | wc -l - [utils.test_utils.CommandLineExecutor.execCommand(CommandLineExecutor.java:56)]
    16:36:02.220 223754 INFO  - executing command : bash -c /home/manikrishna/android-sdk-linux/platform-tools/adb -s 1f3497d7 uninstall com.myntra.android - [utils.test_utils.CommandLineExecutor.execCommand(CommandLineExecutor.java:56)]
    16:36:02.280 223814 INFO  - uninstalling app package 'com.myntra.android' from device '1f3497d7' successful ? false - [utils.ui.ADBUtils.uninstallApp(ADBUtils.java:276)]
    16:36:02.281 223815 INFO  - executing command : bash -c fuser -k 4728/tcp - [utils.test_utils.CommandLineExecutor.execCommand(CommandLineExecutor.java:56)]
    16:36:02.437 223971 INFO  - executing command : bash -c fuser -k 4828/tcp - [utils.test_utils.CommandLineExecutor.execCommand(CommandLineExecutor.java:56)]
    16:36:02.585 224119 INFO  - executing command : bash -c fuser -k 4628/tcp - [utils.test_utils.CommandLineExecutor.execCommand(CommandLineExecutor.java:56)]
    16:36:02.735 224269 INFO  - executing command : bash -c fuser -k 4928/tcp - [utils.test_utils.CommandLineExecutor.execCommand(CommandLineExecutor.java:56)]
    16:36:02.882 224416 INFO  - executing command : bash -c /home/manikrishna/android-sdk-linux/platform-tools/adb -s 1f3497d7 shell dumpsys package com.android.chrome | grep -iE '(versionName=)([0-9\.]+)' - [utils.test_utils.CommandLineExecutor.execCommand(CommandLineExecutor.java:56)]
    16:36:02.963 224497 INFO  - chrome browser version found on device '1f3497d7' => 67.0.3396.87 - [utils.ui.ServiceFactory.getDeviceChromeVersion(ServiceFactory.java:174)]
    16:36:05.441 226975 INFO  - chrome driver path => /home/manikrishna/Projects/moolya-ui-automation/src/test/resources/driver/chrome/2.40/linux_64 - [myntra.ui.DriverFactory.getDriverExecutable(DriverFactory.java:299)]
    (node:26723) [DEP0005] DeprecationWarning: Buffer() is deprecated due to security and usability issues. Please use the Buffer.alloc(), Buffer.allocUnsafe(), or Buffer.from() methods instead.
    16:36:07.062 228596 INFO  - appium session started for device '1f3497d7' at http://0.0.0.0:4728/wd/hub and writing logs to 'logs/appium/1f3497d7_Tg5XKR.log' - [utils.ui.ServiceFactory.startAppiumService(ServiceFactory.java:133)]
    16:36:07.063 228597 INFO  - executing command : bash -c /home/manikrishna/android-sdk-linux/platform-tools/adb -s 1f3497d7 shell pm list packages -f | grep -i 'io.appium' - [utils.test_utils.CommandLineExecutor.execCommand(CommandLineExecutor.java:56)]
    16:36:07.478 229012 INFO  - executing command : bash -c /home/manikrishna/android-sdk-linux/platform-tools/adb -s 1f3497d7 uninstall io.appium.uiautomator2.server.test - [utils.test_utils.CommandLineExecutor.execCommand(CommandLineExecutor.java:56)]
    16:36:07.479 229013 INFO  - executing command : bash -c /home/manikrishna/android-sdk-linux/platform-tools/adb -s 1f3497d7 uninstall io.appium.android.ime - [utils.test_utils.CommandLineExecutor.execCommand(CommandLineExecutor.java:56)]
    16:36:07.479 229013 INFO  - executing command : bash -c /home/manikrishna/android-sdk-linux/platform-tools/adb -s 1f3497d7 uninstall io.appium.uiautomator2.server - [utils.test_utils.CommandLineExecutor.execCommand(CommandLineExecutor.java:56)]
    16:36:07.479 229013 INFO  - executing command : bash -c /home/manikrishna/android-sdk-linux/platform-tools/adb -s 1f3497d7 uninstall io.appium.settings - [utils.test_utils.CommandLineExecutor.execCommand(CommandLineExecutor.java:56)]
    16:36:07.479 229013 INFO  - executing command : bash -c /home/manikrishna/android-sdk-linux/platform-tools/adb -s 1f3497d7 uninstall io.appium.unlock - [utils.test_utils.CommandLineExecutor.execCommand(CommandLineExecutor.java:56)]
    16:36:08.004 229538 INFO  - uninstalling app package 'io.appium.android.ime' from device '1f3497d7' successful ? true - [utils.ui.ADBUtils.uninstallApp(ADBUtils.java:276)]
    16:36:08.310 229844 INFO  - uninstalling app package 'io.appium.uiautomator2.server.test' from device '1f3497d7' successful ? true - [utils.ui.ADBUtils.uninstallApp(ADBUtils.java:276)]
    16:36:08.609 230143 INFO  - uninstalling app package 'io.appium.uiautomator2.server' from device '1f3497d7' successful ? true - [utils.ui.ADBUtils.uninstallApp(ADBUtils.java:276)]
    16:36:08.914 230448 INFO  - uninstalling app package 'io.appium.settings' from device '1f3497d7' successful ? true - [utils.ui.ADBUtils.uninstallApp(ADBUtils.java:276)]
    16:36:09.231 230765 INFO  - uninstalling app package 'io.appium.unlock' from device '1f3497d7' successful ? true - [utils.ui.ADBUtils.uninstallApp(ADBUtils.java:276)]
    [AndroidDriver] setDeviceLanguageCountry requires language or country.
    [AndroidDriver] Got language: 'null' and country: 'null'

Myntra Test Suite > Test Scenario STANDARD_ERROR
    Jul 02, 2018 4:36:41 PM io.appium.java_client.remote.AppiumCommandExecutor$1 lambda$0
    INFO: Detected dialect: OSS

Myntra Test Suite > Test Scenario STANDARD_OUT
    16:36:41.640 263174 INFO  - creating webdriver org.openqa.selenium.support.events.EventFiringWebDriver@c7cff25 for class com.myntra.scenarios.CasualUserTest # saveProductMoveToBagPlaceOrderRemoveAddress - [utils.test_utils.BaseTest.setUp(BaseTest.java:176)]
    16:36:41.642 263176 ERROR - No Test Data provided for test name - saveProductMoveToBagPlaceOrderRemoveAddress - [core.central.SFCentral.getTestData(SFCentral.java:65)]
Executing test runOncePerMethod [com.myntra.scenarios.CasualUserTest] with result: FAILURE

com.myntra.scenarios.CasualUserTest.runOncePerMethod FAILED
    com.myntra.core.exceptions.NoTestDataException

Gradle Test Executor 1 STANDARD_OUT
    16:36:43.816 265350 INFO  - screenshot file name of exception: screenshots/skipped_casualusertest_saveproductmovetobagplaceor_6yc225dCYv.png - [utils.listeners.WebDriverListener.takeScreenshot(WebDriverListener.java:322)]
Executing test saveProductMoveToBagPlaceOrderRemoveAddress [com.myntra.scenarios.CasualUserTest] with result: SKIPPED

Myntra Test Suite > Test Scenario > com.myntra.scenarios.CasualUserTest.saveProductMoveToBagPlaceOrderRemoveAddress SKIPPED

Myntra Test Suite > Test Scenario STANDARD_OUT
    16:36:43.820 265354 INFO  - **************** Test 'com.myntra.scenarios.CasualUserTest # saveProductMoveToBagPlaceOrderRemoveAddress' skipped in 0 minutes (0.0 seconds) **************** - [utils.listeners.TestExecutionListener.onTestSkipped(TestExecutionListener.java:158)]
    16:36:45.551 267085 INFO  - removing webdriver org.openqa.selenium.support.events.EventFiringWebDriver@c7cff25 for class com.myntra.scenarios.CasualUserTest # saveProductMoveToBagPlaceOrderRemoveAddress - [utils.test_utils.BaseTest.closeDriver(BaseTest.java:253)]
    16:36:45.552 267086 INFO  - executing command : bash -c /home/manikrishna/android-sdk-linux/platform-tools/adb -s 1f3497d7 shell pm path 'com.myntra.android' | wc -l - [utils.test_utils.CommandLineExecutor.execCommand(CommandLineExecutor.java:56)]
    16:36:45.910 267444 INFO  - executing command : bash -c /home/manikrishna/android-sdk-linux/platform-tools/adb -s 1f3497d7 uninstall com.myntra.android - [utils.test_utils.CommandLineExecutor.execCommand(CommandLineExecutor.java:56)]
    16:36:45.956 267490 INFO  - uninstalling app package 'com.myntra.android' from device '1f3497d7' successful ? false - [utils.ui.ADBUtils.uninstallApp(ADBUtils.java:276)]
    16:36:45.957 267491 INFO  - executing command : bash -c fuser -k 4729/tcp - [utils.test_utils.CommandLineExecutor.execCommand(CommandLineExecutor.java:56)]
    16:36:46.114 267648 INFO  - executing command : bash -c fuser -k 4829/tcp - [utils.test_utils.CommandLineExecutor.execCommand(CommandLineExecutor.java:56)]
    16:36:46.259 267793 INFO  - executing command : bash -c fuser -k 4629/tcp - [utils.test_utils.CommandLineExecutor.execCommand(CommandLineExecutor.java:56)]
    16:36:46.407 267941 INFO  - executing command : bash -c fuser -k 4929/tcp - [utils.test_utils.CommandLineExecutor.execCommand(CommandLineExecutor.java:56)]
    16:36:46.553 268087 INFO  - executing command : bash -c /home/manikrishna/android-sdk-linux/platform-tools/adb -s 1f3497d7 shell dumpsys package com.android.chrome | grep -iE '(versionName=)([0-9\.]+)' - [utils.test_utils.CommandLineExecutor.execCommand(CommandLineExecutor.java:56)]
    16:36:46.628 268162 INFO  - chrome browser version found on device '1f3497d7' => 67.0.3396.87 - [utils.ui.ServiceFactory.getDeviceChromeVersion(ServiceFactory.java:174)]
    16:36:49.106 270640 INFO  - chrome driver path => /home/manikrishna/Projects/moolya-ui-automation/src/test/resources/driver/chrome/2.40/linux_64 - [myntra.ui.DriverFactory.getDriverExecutable(DriverFactory.java:299)]
    (node:27066) [DEP0005] DeprecationWarning: Buffer() is deprecated due to security and usability issues. Please use the Buffer.alloc(), Buffer.allocUnsafe(), or Buffer.from() methods instead.
    16:36:50.724 272258 INFO  - appium session started for device '1f3497d7' at http://0.0.0.0:4729/wd/hub and writing logs to 'logs/appium/1f3497d7_3YGPzv.log' - [utils.ui.ServiceFactory.startAppiumService(ServiceFactory.java:133)]
    16:36:50.725 272259 INFO  - executing command : bash -c /home/manikrishna/android-sdk-linux/platform-tools/adb -s 1f3497d7 shell pm list packages -f | grep -i 'io.appium' - [utils.test_utils.CommandLineExecutor.execCommand(CommandLineExecutor.java:56)]
    16:36:51.102 272636 INFO  - executing command : bash -c /home/manikrishna/android-sdk-linux/platform-tools/adb -s 1f3497d7 uninstall io.appium.uiautomator2.server.test - [utils.test_utils.CommandLineExecutor.execCommand(CommandLineExecutor.java:56)]
    16:36:51.103 272637 INFO  - executing command : bash -c /home/manikrishna/android-sdk-linux/platform-tools/adb -s 1f3497d7 uninstall io.appium.uiautomator2.server - [utils.test_utils.CommandLineExecutor.execCommand(CommandLineExecutor.java:56)]
    16:36:51.102 272636 INFO  - executing command : bash -c /home/manikrishna/android-sdk-linux/platform-tools/adb -s 1f3497d7 uninstall io.appium.android.ime - [utils.test_utils.CommandLineExecutor.execCommand(CommandLineExecutor.java:56)]
    16:36:51.102 272636 INFO  - executing command : bash -c /home/manikrishna/android-sdk-linux/platform-tools/adb -s 1f3497d7 uninstall io.appium.unlock - [utils.test_utils.CommandLineExecutor.execCommand(CommandLineExecutor.java:56)]
    16:36:51.102 272636 INFO  - executing command : bash -c /home/manikrishna/android-sdk-linux/platform-tools/adb -s 1f3497d7 uninstall io.appium.settings - [utils.test_utils.CommandLineExecutor.execCommand(CommandLineExecutor.java:56)]
    16:36:51.692 273226 INFO  - uninstalling app package 'io.appium.uiautomator2.server.test' from device '1f3497d7' successful ? true - [utils.ui.ADBUtils.uninstallApp(ADBUtils.java:276)]
    16:36:52.064 273598 INFO  - uninstalling app package 'io.appium.android.ime' from device '1f3497d7' successful ? true - [utils.ui.ADBUtils.uninstallApp(ADBUtils.java:276)]
    16:36:52.451 273985 INFO  - uninstalling app package 'io.appium.unlock' from device '1f3497d7' successful ? true - [utils.ui.ADBUtils.uninstallApp(ADBUtils.java:276)]
    16:36:52.777 274311 INFO  - uninstalling app package 'io.appium.uiautomator2.server' from device '1f3497d7' successful ? true - [utils.ui.ADBUtils.uninstallApp(ADBUtils.java:276)]
    16:36:53.105 274639 INFO  - uninstalling app package 'io.appium.settings' from device '1f3497d7' successful ? true - [utils.ui.ADBUtils.uninstallApp(ADBUtils.java:276)]
    [AndroidDriver] setDeviceLanguageCountry requires language or country.
    [AndroidDriver] Got language: 'null' and country: 'null'

Myntra Test Suite > Test Scenario STANDARD_ERROR
    Jul 02, 2018 4:37:25 PM io.appium.java_client.remote.AppiumCommandExecutor$1 lambda$0
    INFO: Detected dialect: OSS

Myntra Test Suite > Test Scenario STANDARD_OUT
    16:37:25.173 306707 INFO  - creating webdriver org.openqa.selenium.support.events.EventFiringWebDriver@2ded47ca for class com.myntra.scenarios.CasualUserTest # searchFreeGiftProductCheckBestPricePlaceOrderEditAddress - [utils.test_utils.BaseTest.setUp(BaseTest.java:176)]
    16:37:25.175 306709 ERROR - No Test Data provided for test name - searchFreeGiftProductCheckBestPricePlaceOrderEditAddress - [core.central.SFCentral.getTestData(SFCentral.java:65)]
Executing test runOncePerMethod [com.myntra.scenarios.CasualUserTest] with result: FAILURE

com.myntra.scenarios.CasualUserTest.runOncePerMethod FAILED
    com.myntra.core.exceptions.NoTestDataException

Gradle Test Executor 1 STANDARD_OUT
    16:37:27.546 309080 INFO  - screenshot file name of exception: screenshots/skipped_casualusertest_searchfreegiftproductcheckb_yiptaiYScF.png - [utils.listeners.WebDriverListener.takeScreenshot(WebDriverListener.java:322)]
Executing test searchFreeGiftProductCheckBestPricePlaceOrderEditAddress [com.myntra.scenarios.CasualUserTest] with result: SKIPPED

Myntra Test Suite > Test Scenario > com.myntra.scenarios.CasualUserTest.searchFreeGiftProductCheckBestPricePlaceOrderEditAddress SKIPPED

Myntra Test Suite > Test Scenario STANDARD_OUT
    16:37:27.549 309083 INFO  - **************** Test 'com.myntra.scenarios.CasualUserTest # searchFreeGiftProductCheckBestPricePlaceOrderEditAddress' skipped in 0 minutes (0.0 seconds) **************** - [utils.listeners.TestExecutionListener.onTestSkipped(TestExecutionListener.java:158)]
    16:37:29.280 310814 INFO  - removing webdriver org.openqa.selenium.support.events.EventFiringWebDriver@2ded47ca for class com.myntra.scenarios.CasualUserTest # searchFreeGiftProductCheckBestPricePlaceOrderEditAddress - [utils.test_utils.BaseTest.closeDriver(BaseTest.java:253)]
    16:37:29.281 310815 INFO  - executing command : bash -c /home/manikrishna/android-sdk-linux/platform-tools/adb -s 1f3497d7 shell pm path 'com.myntra.android' | wc -l - [utils.test_utils.CommandLineExecutor.execCommand(CommandLineExecutor.java:56)]
    16:37:29.649 311183 INFO  - executing command : bash -c /home/manikrishna/android-sdk-linux/platform-tools/adb -s 1f3497d7 uninstall com.myntra.android - [utils.test_utils.CommandLineExecutor.execCommand(CommandLineExecutor.java:56)]
    16:37:29.690 311224 INFO  - uninstalling app package 'com.myntra.android' from device '1f3497d7' successful ? false - [utils.ui.ADBUtils.uninstallApp(ADBUtils.java:276)]
    16:37:29.691 311225 INFO  - executing command : bash -c fuser -k 4730/tcp - [utils.test_utils.CommandLineExecutor.execCommand(CommandLineExecutor.java:56)]
    16:37:29.847 311381 INFO  - executing command : bash -c fuser -k 4830/tcp - [utils.test_utils.CommandLineExecutor.execCommand(CommandLineExecutor.java:56)]
    16:37:29.995 311529 INFO  - executing command : bash -c fuser -k 4630/tcp - [utils.test_utils.CommandLineExecutor.execCommand(CommandLineExecutor.java:56)]
    16:37:30.147 311681 INFO  - executing command : bash -c fuser -k 4930/tcp - [utils.test_utils.CommandLineExecutor.execCommand(CommandLineExecutor.java:56)]
    16:37:30.295 311829 INFO  - executing command : bash -c /home/manikrishna/android-sdk-linux/platform-tools/adb -s 1f3497d7 shell dumpsys package com.android.chrome | grep -iE '(versionName=)([0-9\.]+)' - [utils.test_utils.CommandLineExecutor.execCommand(CommandLineExecutor.java:56)]
    16:37:30.376 311910 INFO  - chrome browser version found on device '1f3497d7' => 67.0.3396.87 - [utils.ui.ServiceFactory.getDeviceChromeVersion(ServiceFactory.java:174)]
    16:37:30.989 312523 INFO  - chrome driver path => /home/manikrishna/Projects/moolya-ui-automation/src/test/resources/driver/chrome/2.40/linux_64 - [myntra.ui.DriverFactory.getDriverExecutable(DriverFactory.java:299)]
    (node:27413) [DEP0005] DeprecationWarning: Buffer() is deprecated due to security and usability issues. Please use the Buffer.alloc(), Buffer.allocUnsafe(), or Buffer.from() methods instead.
    16:37:32.613 314147 INFO  - appium session started for device '1f3497d7' at http://0.0.0.0:4730/wd/hub and writing logs to 'logs/appium/1f3497d7_zesRzz.log' - [utils.ui.ServiceFactory.startAppiumService(ServiceFactory.java:133)]
    16:37:32.613 314147 INFO  - executing command : bash -c /home/manikrishna/android-sdk-linux/platform-tools/adb -s 1f3497d7 shell pm list packages -f | grep -i 'io.appium' - [utils.test_utils.CommandLineExecutor.execCommand(CommandLineExecutor.java:56)]
    16:37:32.997 314531 INFO  - executing command : bash -c /home/manikrishna/android-sdk-linux/platform-tools/adb -s 1f3497d7 uninstall io.appium.uiautomator2.server.test - [utils.test_utils.CommandLineExecutor.execCommand(CommandLineExecutor.java:56)]
    16:37:32.998 314532 INFO  - executing command : bash -c /home/manikrishna/android-sdk-linux/platform-tools/adb -s 1f3497d7 uninstall io.appium.uiautomator2.server - [utils.test_utils.CommandLineExecutor.execCommand(CommandLineExecutor.java:56)]
    16:37:32.998 314532 INFO  - executing command : bash -c /home/manikrishna/android-sdk-linux/platform-tools/adb -s 1f3497d7 uninstall io.appium.unlock - [utils.test_utils.CommandLineExecutor.execCommand(CommandLineExecutor.java:56)]
    16:37:32.998 314532 INFO  - executing command : bash -c /home/manikrishna/android-sdk-linux/platform-tools/adb -s 1f3497d7 uninstall io.appium.android.ime - [utils.test_utils.CommandLineExecutor.execCommand(CommandLineExecutor.java:56)]
    16:37:32.998 314532 INFO  - executing command : bash -c /home/manikrishna/android-sdk-linux/platform-tools/adb -s 1f3497d7 uninstall io.appium.settings - [utils.test_utils.CommandLineExecutor.execCommand(CommandLineExecutor.java:56)]
    16:37:33.583 315117 INFO  - uninstalling app package 'io.appium.android.ime' from device '1f3497d7' successful ? true - [utils.ui.ADBUtils.uninstallApp(ADBUtils.java:276)]
    16:37:33.903 315437 INFO  - uninstalling app package 'io.appium.settings' from device '1f3497d7' successful ? true - [utils.ui.ADBUtils.uninstallApp(ADBUtils.java:276)]
    16:37:34.185 315719 INFO  - uninstalling app package 'io.appium.uiautomator2.server.test' from device '1f3497d7' successful ? true - [utils.ui.ADBUtils.uninstallApp(ADBUtils.java:276)]
    16:37:34.492 316026 INFO  - uninstalling app package 'io.appium.uiautomator2.server' from device '1f3497d7' successful ? true - [utils.ui.ADBUtils.uninstallApp(ADBUtils.java:276)]
    16:37:34.807 316341 INFO  - uninstalling app package 'io.appium.unlock' from device '1f3497d7' successful ? true - [utils.ui.ADBUtils.uninstallApp(ADBUtils.java:276)]
    [AndroidDriver] setDeviceLanguageCountry requires language or country.
    [AndroidDriver] Got language: 'null' and country: 'null'

Myntra Test Suite > Test Scenario STANDARD_ERROR
    Jul 02, 2018 4:38:08 PM io.appium.java_client.remote.AppiumCommandExecutor$1 lambda$0
    INFO: Detected dialect: OSS

Myntra Test Suite > Test Scenario STANDARD_OUT
    16:38:08.146 349680 INFO  - creating webdriver org.openqa.selenium.support.events.EventFiringWebDriver@4e2c62fc for class com.myntra.scenarios.CasualUserTest # searchProductCheckDeliveryOptionMoveToBagApplyCouponAddNewAddress - [utils.test_utils.BaseTest.setUp(BaseTest.java:176)]
    16:38:08.147 349681 ERROR - No Test Data provided for test name - searchProductCheckDeliveryOptionMoveToBagApplyCouponAddNewAddress - [core.central.SFCentral.getTestData(SFCentral.java:65)]
Executing test runOncePerMethod [com.myntra.scenarios.CasualUserTest] with result: FAILURE

com.myntra.scenarios.CasualUserTest.runOncePerMethod FAILED
    com.myntra.core.exceptions.NoTestDataException

Gradle Test Executor 1 STANDARD_OUT
    16:38:10.823 352357 INFO  - screenshot file name of exception: screenshots/skipped_casualusertest_searchproductcheckdeliveryo_j9BGuuBVt5.png - [utils.listeners.WebDriverListener.takeScreenshot(WebDriverListener.java:322)]
Executing test searchProductCheckDeliveryOptionMoveToBagApplyCouponAddNewAddress [com.myntra.scenarios.CasualUserTest] with result: SKIPPED

Myntra Test Suite > Test Scenario > com.myntra.scenarios.CasualUserTest.searchProductCheckDeliveryOptionMoveToBagApplyCouponAddNewAddress SKIPPED

Myntra Test Suite > Test Scenario STANDARD_OUT
    16:38:10.826 352360 INFO  - **************** Test 'com.myntra.scenarios.CasualUserTest # searchProductCheckDeliveryOptionMoveToBagApplyCouponAddNewAddress' skipped in 0 minutes (0.0 seconds) **************** - [utils.listeners.TestExecutionListener.onTestSkipped(TestExecutionListener.java:158)]
    16:38:12.530 354064 INFO  - removing webdriver org.openqa.selenium.support.events.EventFiringWebDriver@4e2c62fc for class com.myntra.scenarios.CasualUserTest # searchProductCheckDeliveryOptionMoveToBagApplyCouponAddNewAddress - [utils.test_utils.BaseTest.closeDriver(BaseTest.java:253)]
    16:38:12.531 354065 INFO  - executing command : bash -c /home/manikrishna/android-sdk-linux/platform-tools/adb -s 1f3497d7 shell pm path 'com.myntra.android' | wc -l - [utils.test_utils.CommandLineExecutor.execCommand(CommandLineExecutor.java:56)]
    16:38:12.926 354460 INFO  - executing command : bash -c /home/manikrishna/android-sdk-linux/platform-tools/adb -s 1f3497d7 uninstall com.myntra.android - [utils.test_utils.CommandLineExecutor.execCommand(CommandLineExecutor.java:56)]
    16:38:12.968 354502 INFO  - uninstalling app package 'com.myntra.android' from device '1f3497d7' successful ? false - [utils.ui.ADBUtils.uninstallApp(ADBUtils.java:276)]
    16:38:12.969 354503 INFO  - executing command : bash -c fuser -k 4731/tcp - [utils.test_utils.CommandLineExecutor.execCommand(CommandLineExecutor.java:56)]
    16:38:13.126 354660 INFO  - executing command : bash -c fuser -k 4831/tcp - [utils.test_utils.CommandLineExecutor.execCommand(CommandLineExecutor.java:56)]
    16:38:13.276 354810 INFO  - executing command : bash -c fuser -k 4631/tcp - [utils.test_utils.CommandLineExecutor.execCommand(CommandLineExecutor.java:56)]
    16:38:13.425 354959 INFO  - executing command : bash -c fuser -k 4931/tcp - [utils.test_utils.CommandLineExecutor.execCommand(CommandLineExecutor.java:56)]
    16:38:13.576 355110 INFO  - executing command : bash -c /home/manikrishna/android-sdk-linux/platform-tools/adb -s 1f3497d7 shell dumpsys package com.android.chrome | grep -iE '(versionName=)([0-9\.]+)' - [utils.test_utils.CommandLineExecutor.execCommand(CommandLineExecutor.java:56)]
    16:38:13.653 355187 INFO  - chrome browser version found on device '1f3497d7' => 67.0.3396.87 - [utils.ui.ServiceFactory.getDeviceChromeVersion(ServiceFactory.java:174)]
    16:38:13.771 355305 INFO  - chrome driver path => /home/manikrishna/Projects/moolya-ui-automation/src/test/resources/driver/chrome/2.40/linux_64 - [myntra.ui.DriverFactory.getDriverExecutable(DriverFactory.java:299)]
    (node:27761) [DEP0005] DeprecationWarning: Buffer() is deprecated due to security and usability issues. Please use the Buffer.alloc(), Buffer.allocUnsafe(), or Buffer.from() methods instead.
    16:38:15.393 356927 INFO  - appium session started for device '1f3497d7' at http://0.0.0.0:4731/wd/hub and writing logs to 'logs/appium/1f3497d7_mEUT58.log' - [utils.ui.ServiceFactory.startAppiumService(ServiceFactory.java:133)]
    16:38:15.393 356927 INFO  - executing command : bash -c /home/manikrishna/android-sdk-linux/platform-tools/adb -s 1f3497d7 shell pm list packages -f | grep -i 'io.appium' - [utils.test_utils.CommandLineExecutor.execCommand(CommandLineExecutor.java:56)]
    16:38:15.732 357266 INFO  - executing command : bash -c /home/manikrishna/android-sdk-linux/platform-tools/adb -s 1f3497d7 uninstall io.appium.uiautomator2.server.test - [utils.test_utils.CommandLineExecutor.execCommand(CommandLineExecutor.java:56)]
    16:38:15.732 357266 INFO  - executing command : bash -c /home/manikrishna/android-sdk-linux/platform-tools/adb -s 1f3497d7 uninstall io.appium.settings - [utils.test_utils.CommandLineExecutor.execCommand(CommandLineExecutor.java:56)]
    16:38:15.732 357266 INFO  - executing command : bash -c /home/manikrishna/android-sdk-linux/platform-tools/adb -s 1f3497d7 uninstall io.appium.android.ime - [utils.test_utils.CommandLineExecutor.execCommand(CommandLineExecutor.java:56)]
    16:38:15.732 357266 INFO  - executing command : bash -c /home/manikrishna/android-sdk-linux/platform-tools/adb -s 1f3497d7 uninstall io.appium.uiautomator2.server - [utils.test_utils.CommandLineExecutor.execCommand(CommandLineExecutor.java:56)]
    16:38:15.732 357266 INFO  - executing command : bash -c /home/manikrishna/android-sdk-linux/platform-tools/adb -s 1f3497d7 uninstall io.appium.unlock - [utils.test_utils.CommandLineExecutor.execCommand(CommandLineExecutor.java:56)]
    16:38:16.162 357696 INFO  - uninstalling app package 'io.appium.uiautomator2.server.test' from device '1f3497d7' successful ? true - [utils.ui.ADBUtils.uninstallApp(ADBUtils.java:276)]
    16:38:16.608 358142 INFO  - uninstalling app package 'io.appium.settings' from device '1f3497d7' successful ? true - [utils.ui.ADBUtils.uninstallApp(ADBUtils.java:276)]
    16:38:16.928 358462 INFO  - uninstalling app package 'io.appium.android.ime' from device '1f3497d7' successful ? true - [utils.ui.ADBUtils.uninstallApp(ADBUtils.java:276)]
    16:38:17.249 358783 INFO  - uninstalling app package 'io.appium.unlock' from device '1f3497d7' successful ? true - [utils.ui.ADBUtils.uninstallApp(ADBUtils.java:276)]
    16:38:17.538 359072 INFO  - uninstalling app package 'io.appium.uiautomator2.server' from device '1f3497d7' successful ? true - [utils.ui.ADBUtils.uninstallApp(ADBUtils.java:276)]
    [AndroidDriver] setDeviceLanguageCountry requires language or country.
    [AndroidDriver] Got language: 'null' and country: 'null'

Myntra Test Suite > Test Scenario STANDARD_ERROR
    Jul 02, 2018 4:38:49 PM io.appium.java_client.remote.AppiumCommandExecutor$1 lambda$0
    INFO: Detected dialect: OSS

Myntra Test Suite > Test Scenario STANDARD_OUT
    16:38:49.764 391298 INFO  - creating webdriver org.openqa.selenium.support.events.EventFiringWebDriver@4cc7ab82 for class com.myntra.scenarios.CasualUserTest # selectSizeFromWishlistChangeSizeAndAddQuantityApplyCouponPlaceOrderAndAddNewAddress - [utils.test_utils.BaseTest.setUp(BaseTest.java:176)]
    16:38:49.765 391299 ERROR - No Test Data provided for test name - selectSizeFromWishlistChangeSizeAndAddQuantityApplyCouponPlaceOrderAndAddNewAddress - [core.central.SFCentral.getTestData(SFCentral.java:65)]
Executing test runOncePerMethod [com.myntra.scenarios.CasualUserTest] with result: FAILURE

com.myntra.scenarios.CasualUserTest.runOncePerMethod FAILED
    com.myntra.core.exceptions.NoTestDataException

Gradle Test Executor 1 STANDARD_OUT
    16:38:55.813 397347 INFO  - screenshot file name of exception: screenshots/skipped_casualusertest_selectsizefromwishlistchang_98WtHltrMk.png - [utils.listeners.WebDriverListener.takeScreenshot(WebDriverListener.java:322)]
Executing test selectSizeFromWishlistChangeSizeAndAddQuantityApplyCouponPlaceOrderAndAddNewAddress [com.myntra.scenarios.CasualUserTest] with result: SKIPPED

Myntra Test Suite > Test Scenario > com.myntra.scenarios.CasualUserTest.selectSizeFromWishlistChangeSizeAndAddQuantityApplyCouponPlaceOrderAndAddNewAddress SKIPPED

Myntra Test Suite > Test Scenario STANDARD_OUT
    16:38:55.817 397351 INFO  - **************** Test 'com.myntra.scenarios.CasualUserTest # selectSizeFromWishlistChangeSizeAndAddQuantityApplyCouponPlaceOrderAndAddNewAddress' skipped in 0 minutes (0.0 seconds) **************** - [utils.listeners.TestExecutionListener.onTestSkipped(TestExecutionListener.java:158)]
    16:38:57.542 399076 INFO  - removing webdriver org.openqa.selenium.support.events.EventFiringWebDriver@4cc7ab82 for class com.myntra.scenarios.CasualUserTest # selectSizeFromWishlistChangeSizeAndAddQuantityApplyCouponPlaceOrderAndAddNewAddress - [utils.test_utils.BaseTest.closeDriver(BaseTest.java:253)]

com.myntra.scenarios.OnlineTest STANDARD_OUT
    16:38:57.547 399081 INFO  - executing command : bash -c /home/manikrishna/android-sdk-linux/platform-tools/adb -s 1f3497d7 shell pm path 'com.myntra.android' | wc -l - [utils.test_utils.CommandLineExecutor.execCommand(CommandLineExecutor.java:56)]
    16:38:57.921 399455 INFO  - executing command : bash -c /home/manikrishna/android-sdk-linux/platform-tools/adb -s 1f3497d7 uninstall com.myntra.android - [utils.test_utils.CommandLineExecutor.execCommand(CommandLineExecutor.java:56)]
    16:38:57.971 399505 INFO  - uninstalling app package 'com.myntra.android' from device '1f3497d7' successful ? false - [utils.ui.ADBUtils.uninstallApp(ADBUtils.java:276)]
    16:38:57.972 399506 INFO  - executing command : bash -c fuser -k 4732/tcp - [utils.test_utils.CommandLineExecutor.execCommand(CommandLineExecutor.java:56)]
    16:38:58.128 399662 INFO  - executing command : bash -c fuser -k 4832/tcp - [utils.test_utils.CommandLineExecutor.execCommand(CommandLineExecutor.java:56)]
    16:38:58.278 399812 INFO  - executing command : bash -c fuser -k 4632/tcp - [utils.test_utils.CommandLineExecutor.execCommand(CommandLineExecutor.java:56)]
    16:38:58.430 399964 INFO  - executing command : bash -c fuser -k 4932/tcp - [utils.test_utils.CommandLineExecutor.execCommand(CommandLineExecutor.java:56)]
    16:38:58.581 400115 INFO  - executing command : bash -c /home/manikrishna/android-sdk-linux/platform-tools/adb -s 1f3497d7 shell dumpsys package com.android.chrome | grep -iE '(versionName=)([0-9\.]+)' - [utils.test_utils.CommandLineExecutor.execCommand(CommandLineExecutor.java:56)]
    16:38:58.647 400181 INFO  - chrome browser version found on device '1f3497d7' => 67.0.3396.87 - [utils.ui.ServiceFactory.getDeviceChromeVersion(ServiceFactory.java:174)]
    16:38:58.745 400279 INFO  - chrome driver path => /home/manikrishna/Projects/moolya-ui-automation/src/test/resources/driver/chrome/2.40/linux_64 - [myntra.ui.DriverFactory.getDriverExecutable(DriverFactory.java:299)]
    (node:28116) [DEP0005] DeprecationWarning: Buffer() is deprecated due to security and usability issues. Please use the Buffer.alloc(), Buffer.allocUnsafe(), or Buffer.from() methods instead.
    16:39:00.362 401896 INFO  - appium session started for device '1f3497d7' at http://0.0.0.0:4732/wd/hub and writing logs to 'logs/appium/1f3497d7_WWd5vg.log' - [utils.ui.ServiceFactory.startAppiumService(ServiceFactory.java:133)]
    16:39:00.362 401896 INFO  - executing command : bash -c /home/manikrishna/android-sdk-linux/platform-tools/adb -s 1f3497d7 shell pm list packages -f | grep -i 'io.appium' - [utils.test_utils.CommandLineExecutor.execCommand(CommandLineExecutor.java:56)]
    16:39:00.723 402257 INFO  - executing command : bash -c /home/manikrishna/android-sdk-linux/platform-tools/adb -s 1f3497d7 uninstall io.appium.settings - [utils.test_utils.CommandLineExecutor.execCommand(CommandLineExecutor.java:56)]
    16:39:00.723 402257 INFO  - executing command : bash -c /home/manikrishna/android-sdk-linux/platform-tools/adb -s 1f3497d7 uninstall io.appium.uiautomator2.server - [utils.test_utils.CommandLineExecutor.execCommand(CommandLineExecutor.java:56)]
    16:39:00.724 402258 INFO  - executing command : bash -c /home/manikrishna/android-sdk-linux/platform-tools/adb -s 1f3497d7 uninstall io.appium.unlock - [utils.test_utils.CommandLineExecutor.execCommand(CommandLineExecutor.java:56)]
    16:39:00.724 402258 INFO  - executing command : bash -c /home/manikrishna/android-sdk-linux/platform-tools/adb -s 1f3497d7 uninstall io.appium.android.ime - [utils.test_utils.CommandLineExecutor.execCommand(CommandLineExecutor.java:56)]
    16:39:00.723 402257 INFO  - executing command : bash -c /home/manikrishna/android-sdk-linux/platform-tools/adb -s 1f3497d7 uninstall io.appium.uiautomator2.server.test - [utils.test_utils.CommandLineExecutor.execCommand(CommandLineExecutor.java:56)]
    16:39:01.177 402711 INFO  - uninstalling app package 'io.appium.uiautomator2.server' from device '1f3497d7' successful ? true - [utils.ui.ADBUtils.uninstallApp(ADBUtils.java:276)]
    16:39:01.585 403119 INFO  - uninstalling app package 'io.appium.android.ime' from device '1f3497d7' successful ? true - [utils.ui.ADBUtils.uninstallApp(ADBUtils.java:276)]
    16:39:01.910 403444 INFO  - uninstalling app package 'io.appium.settings' from device '1f3497d7' successful ? true - [utils.ui.ADBUtils.uninstallApp(ADBUtils.java:276)]
    16:39:02.208 403742 INFO  - uninstalling app package 'io.appium.uiautomator2.server.test' from device '1f3497d7' successful ? true - [utils.ui.ADBUtils.uninstallApp(ADBUtils.java:276)]
    16:39:02.523 404057 INFO  - uninstalling app package 'io.appium.unlock' from device '1f3497d7' successful ? true - [utils.ui.ADBUtils.uninstallApp(ADBUtils.java:276)]
    [AndroidDriver] setDeviceLanguageCountry requires language or country.
    [AndroidDriver] Got language: 'null' and country: 'null'

com.myntra.scenarios.OnlineTest STANDARD_ERROR
    Jul 02, 2018 4:39:34 PM io.appium.java_client.remote.AppiumCommandExecutor$1 lambda$0
    INFO: Detected dialect: OSS

com.myntra.scenarios.OnlineTest STANDARD_OUT
    16:39:34.672 436206 INFO  - creating webdriver org.openqa.selenium.support.events.EventFiringWebDriver@74e176d3 for class com.myntra.scenarios.OnlineTest # addProductMoveToBagApplyCouponPlaceOrderRemoveAddressPayUsingOnline - [utils.test_utils.BaseTest.setUp(BaseTest.java:176)]
    16:39:34.673 436207 ERROR - No Test Data provided for test name - addProductMoveToBagApplyCouponPlaceOrderRemoveAddressPayUsingOnline - [core.central.SFCentral.getTestData(SFCentral.java:65)]
Executing test runOncePerMethod [com.myntra.scenarios.OnlineTest] with result: FAILURE

com.myntra.scenarios.OnlineTest.runOncePerMethod FAILED
    com.myntra.core.exceptions.NoTestDataException

Gradle Test Executor 1 STANDARD_OUT
    16:39:37.486 439020 INFO  - screenshot file name of exception: screenshots/skipped_onlinetest_addproductmovetobagapplycouponp_yedn6T5BuY.png - [utils.listeners.WebDriverListener.takeScreenshot(WebDriverListener.java:322)]
Executing test addProductMoveToBagApplyCouponPlaceOrderRemoveAddressPayUsingOnline [com.myntra.scenarios.OnlineTest] with result: SKIPPED

Myntra Test Suite > Test Scenario > com.myntra.scenarios.OnlineTest.addProductMoveToBagApplyCouponPlaceOrderRemoveAddressPayUsingOnline SKIPPED

Myntra Test Suite > Test Scenario STANDARD_OUT
    16:39:37.488 439022 INFO  - **************** Test 'com.myntra.scenarios.OnlineTest # addProductMoveToBagApplyCouponPlaceOrderRemoveAddressPayUsingOnline' skipped in 0 minutes (0.0 seconds) **************** - [utils.listeners.TestExecutionListener.onTestSkipped(TestExecutionListener.java:158)]
    16:39:39.234 440768 INFO  - removing webdriver org.openqa.selenium.support.events.EventFiringWebDriver@74e176d3 for class com.myntra.scenarios.OnlineTest # addProductMoveToBagApplyCouponPlaceOrderRemoveAddressPayUsingOnline - [utils.test_utils.BaseTest.closeDriver(BaseTest.java:253)]
    16:39:39.235 440769 INFO  - executing command : bash -c /home/manikrishna/android-sdk-linux/platform-tools/adb -s 1f3497d7 shell pm path 'com.myntra.android' | wc -l - [utils.test_utils.CommandLineExecutor.execCommand(CommandLineExecutor.java:56)]
    16:39:39.602 441136 INFO  - executing command : bash -c /home/manikrishna/android-sdk-linux/platform-tools/adb -s 1f3497d7 uninstall com.myntra.android - [utils.test_utils.CommandLineExecutor.execCommand(CommandLineExecutor.java:56)]
    16:39:39.655 441189 INFO  - uninstalling app package 'com.myntra.android' from device '1f3497d7' successful ? false - [utils.ui.ADBUtils.uninstallApp(ADBUtils.java:276)]
    16:39:39.656 441190 INFO  - executing command : bash -c fuser -k 4733/tcp - [utils.test_utils.CommandLineExecutor.execCommand(CommandLineExecutor.java:56)]
    16:39:39.813 441347 INFO  - executing command : bash -c fuser -k 4833/tcp - [utils.test_utils.CommandLineExecutor.execCommand(CommandLineExecutor.java:56)]
    16:39:39.962 441496 INFO  - executing command : bash -c fuser -k 4633/tcp - [utils.test_utils.CommandLineExecutor.execCommand(CommandLineExecutor.java:56)]
    16:39:40.110 441644 INFO  - executing command : bash -c fuser -k 4933/tcp - [utils.test_utils.CommandLineExecutor.execCommand(CommandLineExecutor.java:56)]
    16:39:40.263 441797 INFO  - executing command : bash -c /home/manikrishna/android-sdk-linux/platform-tools/adb -s 1f3497d7 shell dumpsys package com.android.chrome | grep -iE '(versionName=)([0-9\.]+)' - [utils.test_utils.CommandLineExecutor.execCommand(CommandLineExecutor.java:56)]
    16:39:40.335 441869 INFO  - chrome browser version found on device '1f3497d7' => 67.0.3396.87 - [utils.ui.ServiceFactory.getDeviceChromeVersion(ServiceFactory.java:174)]
    16:39:40.496 442030 INFO  - chrome driver path => /home/manikrishna/Projects/moolya-ui-automation/src/test/resources/driver/chrome/2.40/linux_64 - [myntra.ui.DriverFactory.getDriverExecutable(DriverFactory.java:299)]
    (node:28513) [DEP0005] DeprecationWarning: Buffer() is deprecated due to security and usability issues. Please use the Buffer.alloc(), Buffer.allocUnsafe(), or Buffer.from() methods instead.
    16:39:42.119 443653 INFO  - appium session started for device '1f3497d7' at http://0.0.0.0:4733/wd/hub and writing logs to 'logs/appium/1f3497d7_vsPg4j.log' - [utils.ui.ServiceFactory.startAppiumService(ServiceFactory.java:133)]
    16:39:42.119 443653 INFO  - executing command : bash -c /home/manikrishna/android-sdk-linux/platform-tools/adb -s 1f3497d7 shell pm list packages -f | grep -i 'io.appium' - [utils.test_utils.CommandLineExecutor.execCommand(CommandLineExecutor.java:56)]
    16:39:42.513 444047 INFO  - executing command : bash -c /home/manikrishna/android-sdk-linux/platform-tools/adb -s 1f3497d7 uninstall io.appium.uiautomator2.server.test - [utils.test_utils.CommandLineExecutor.execCommand(CommandLineExecutor.java:56)]
    16:39:42.514 444048 INFO  - executing command : bash -c /home/manikrishna/android-sdk-linux/platform-tools/adb -s 1f3497d7 uninstall io.appium.uiautomator2.server - [utils.test_utils.CommandLineExecutor.execCommand(CommandLineExecutor.java:56)]
    16:39:42.514 444048 INFO  - executing command : bash -c /home/manikrishna/android-sdk-linux/platform-tools/adb -s 1f3497d7 uninstall io.appium.settings - [utils.test_utils.CommandLineExecutor.execCommand(CommandLineExecutor.java:56)]
    16:39:42.513 444047 INFO  - executing command : bash -c /home/manikrishna/android-sdk-linux/platform-tools/adb -s 1f3497d7 uninstall io.appium.unlock - [utils.test_utils.CommandLineExecutor.execCommand(CommandLineExecutor.java:56)]
    16:39:42.513 444047 INFO  - executing command : bash -c /home/manikrishna/android-sdk-linux/platform-tools/adb -s 1f3497d7 uninstall io.appium.android.ime - [utils.test_utils.CommandLineExecutor.execCommand(CommandLineExecutor.java:56)]
    16:39:43.105 444639 INFO  - uninstalling app package 'io.appium.uiautomator2.server.test' from device '1f3497d7' successful ? true - [utils.ui.ADBUtils.uninstallApp(ADBUtils.java:276)]
    16:39:43.482 445016 INFO  - uninstalling app package 'io.appium.uiautomator2.server' from device '1f3497d7' successful ? true - [utils.ui.ADBUtils.uninstallApp(ADBUtils.java:276)]
    16:39:43.809 445343 INFO  - uninstalling app package 'io.appium.settings' from device '1f3497d7' successful ? true - [utils.ui.ADBUtils.uninstallApp(ADBUtils.java:276)]
    16:39:44.119 445653 INFO  - uninstalling app package 'io.appium.unlock' from device '1f3497d7' successful ? true - [utils.ui.ADBUtils.uninstallApp(ADBUtils.java:276)]
    16:39:44.397 445931 INFO  - uninstalling app package 'io.appium.android.ime' from device '1f3497d7' successful ? true - [utils.ui.ADBUtils.uninstallApp(ADBUtils.java:276)]
    [AndroidDriver] setDeviceLanguageCountry requires language or country.
    [AndroidDriver] Got language: 'null' and country: 'null'

Myntra Test Suite > Test Scenario STANDARD_ERROR
    Jul 02, 2018 4:40:16 PM io.appium.java_client.remote.AppiumCommandExecutor$1 lambda$0
    INFO: Detected dialect: OSS

Myntra Test Suite > Test Scenario STANDARD_OUT
    16:40:16.325 477859 INFO  - creating webdriver org.openqa.selenium.support.events.EventFiringWebDriver@14ce6a0f for class com.myntra.scenarios.OnlineTest # addProductToCartPlaceOrderAddNewAddressHomePayUsingNetBanking - [utils.test_utils.BaseTest.setUp(BaseTest.java:176)]
    16:40:16.326 477860 ERROR - No Test Data provided for test name - addProductToCartPlaceOrderAddNewAddressHomePayUsingNetBanking - [core.central.SFCentral.getTestData(SFCentral.java:65)]
Executing test runOncePerMethod [com.myntra.scenarios.OnlineTest] with result: FAILURE

com.myntra.scenarios.OnlineTest.runOncePerMethod FAILED
    com.myntra.core.exceptions.NoTestDataException

Gradle Test Executor 1 STANDARD_OUT
    16:40:17.789 479323 INFO  - screenshot file name of exception: screenshots/skipped_onlinetest_addproducttocartplaceorderaddne_wHZUpljhkt.png - [utils.listeners.WebDriverListener.takeScreenshot(WebDriverListener.java:322)]
Executing test addProductToCartPlaceOrderAddNewAddressHomePayUsingNetBanking [com.myntra.scenarios.OnlineTest] with result: SKIPPED

Myntra Test Suite > Test Scenario > com.myntra.scenarios.OnlineTest.addProductToCartPlaceOrderAddNewAddressHomePayUsingNetBanking SKIPPED

Myntra Test Suite > Test Scenario STANDARD_OUT
    16:40:17.791 479325 INFO  - **************** Test 'com.myntra.scenarios.OnlineTest # addProductToCartPlaceOrderAddNewAddressHomePayUsingNetBanking' skipped in 0 minutes (0.0 seconds) **************** - [utils.listeners.TestExecutionListener.onTestSkipped(TestExecutionListener.java:158)]
    16:40:19.497 481031 INFO  - removing webdriver org.openqa.selenium.support.events.EventFiringWebDriver@14ce6a0f for class com.myntra.scenarios.OnlineTest # addProductToCartPlaceOrderAddNewAddressHomePayUsingNetBanking - [utils.test_utils.BaseTest.closeDriver(BaseTest.java:253)]
    16:40:19.498 481032 INFO  - executing command : bash -c /home/manikrishna/android-sdk-linux/platform-tools/adb -s 1f3497d7 shell pm path 'com.myntra.android' | wc -l - [utils.test_utils.CommandLineExecutor.execCommand(CommandLineExecutor.java:56)]
    16:40:19.844 481378 INFO  - executing command : bash -c /home/manikrishna/android-sdk-linux/platform-tools/adb -s 1f3497d7 uninstall com.myntra.android - [utils.test_utils.CommandLineExecutor.execCommand(CommandLineExecutor.java:56)]
    16:40:19.884 481418 INFO  - uninstalling app package 'com.myntra.android' from device '1f3497d7' successful ? false - [utils.ui.ADBUtils.uninstallApp(ADBUtils.java:276)]
    16:40:19.885 481419 INFO  - executing command : bash -c fuser -k 4734/tcp - [utils.test_utils.CommandLineExecutor.execCommand(CommandLineExecutor.java:56)]
    16:40:20.043 481577 INFO  - executing command : bash -c fuser -k 4834/tcp - [utils.test_utils.CommandLineExecutor.execCommand(CommandLineExecutor.java:56)]
    16:40:20.191 481725 INFO  - executing command : bash -c fuser -k 4634/tcp - [utils.test_utils.CommandLineExecutor.execCommand(CommandLineExecutor.java:56)]
    16:40:20.343 481877 INFO  - executing command : bash -c fuser -k 4934/tcp - [utils.test_utils.CommandLineExecutor.execCommand(CommandLineExecutor.java:56)]
    16:40:20.495 482029 INFO  - executing command : bash -c /home/manikrishna/android-sdk-linux/platform-tools/adb -s 1f3497d7 shell dumpsys package com.android.chrome | grep -iE '(versionName=)([0-9\.]+)' - [utils.test_utils.CommandLineExecutor.execCommand(CommandLineExecutor.java:56)]
    16:40:20.560 482094 INFO  - chrome browser version found on device '1f3497d7' => 67.0.3396.87 - [utils.ui.ServiceFactory.getDeviceChromeVersion(ServiceFactory.java:174)]
    16:40:20.761 482295 INFO  - chrome driver path => /home/manikrishna/Projects/moolya-ui-automation/src/test/resources/driver/chrome/2.40/linux_64 - [myntra.ui.DriverFactory.getDriverExecutable(DriverFactory.java:299)]
    (node:28992) [DEP0005] DeprecationWarning: Buffer() is deprecated due to security and usability issues. Please use the Buffer.alloc(), Buffer.allocUnsafe(), or Buffer.from() methods instead.
    16:40:22.381 483915 INFO  - appium session started for device '1f3497d7' at http://0.0.0.0:4734/wd/hub and writing logs to 'logs/appium/1f3497d7_Lo2PHc.log' - [utils.ui.ServiceFactory.startAppiumService(ServiceFactory.java:133)]
    16:40:22.381 483915 INFO  - executing command : bash -c /home/manikrishna/android-sdk-linux/platform-tools/adb -s 1f3497d7 shell pm list packages -f | grep -i 'io.appium' - [utils.test_utils.CommandLineExecutor.execCommand(CommandLineExecutor.java:56)]
    16:40:22.765 484299 INFO  - executing command : bash -c /home/manikrishna/android-sdk-linux/platform-tools/adb -s 1f3497d7 uninstall io.appium.uiautomator2.server.test - [utils.test_utils.CommandLineExecutor.execCommand(CommandLineExecutor.java:56)]
    16:40:22.766 484300 INFO  - executing command : bash -c /home/manikrishna/android-sdk-linux/platform-tools/adb -s 1f3497d7 uninstall io.appium.settings - [utils.test_utils.CommandLineExecutor.execCommand(CommandLineExecutor.java:56)]
    16:40:22.766 484300 INFO  - executing command : bash -c /home/manikrishna/android-sdk-linux/platform-tools/adb -s 1f3497d7 uninstall io.appium.uiautomator2.server - [utils.test_utils.CommandLineExecutor.execCommand(CommandLineExecutor.java:56)]
    16:40:22.766 484300 INFO  - executing command : bash -c /home/manikrishna/android-sdk-linux/platform-tools/adb -s 1f3497d7 uninstall io.appium.android.ime - [utils.test_utils.CommandLineExecutor.execCommand(CommandLineExecutor.java:56)]
    16:40:22.765 484299 INFO  - executing command : bash -c /home/manikrishna/android-sdk-linux/platform-tools/adb -s 1f3497d7 uninstall io.appium.unlock - [utils.test_utils.CommandLineExecutor.execCommand(CommandLineExecutor.java:56)]
    16:40:23.353 484887 INFO  - uninstalling app package 'io.appium.uiautomator2.server' from device '1f3497d7' successful ? true - [utils.ui.ADBUtils.uninstallApp(ADBUtils.java:276)]
    16:40:23.765 485299 INFO  - uninstalling app package 'io.appium.android.ime' from device '1f3497d7' successful ? true - [utils.ui.ADBUtils.uninstallApp(ADBUtils.java:276)]
    16:40:24.091 485625 INFO  - uninstalling app package 'io.appium.unlock' from device '1f3497d7' successful ? true - [utils.ui.ADBUtils.uninstallApp(ADBUtils.java:276)]
    16:40:24.400 485934 INFO  - uninstalling app package 'io.appium.settings' from device '1f3497d7' successful ? true - [utils.ui.ADBUtils.uninstallApp(ADBUtils.java:276)]
    16:40:24.780 486314 INFO  - uninstalling app package 'io.appium.uiautomator2.server.test' from device '1f3497d7' successful ? true - [utils.ui.ADBUtils.uninstallApp(ADBUtils.java:276)]
    [AndroidDriver] setDeviceLanguageCountry requires language or country.
    [AndroidDriver] Got language: 'null' and country: 'null'

Myntra Test Suite > Test Scenario STANDARD_ERROR
    Jul 02, 2018 4:40:57 PM io.appium.java_client.remote.AppiumCommandExecutor$1 lambda$0
    INFO: Detected dialect: OSS

Myntra Test Suite > Test Scenario STANDARD_OUT
    16:40:57.428 518962 INFO  - creating webdriver org.openqa.selenium.support.events.EventFiringWebDriver@55ddfc1d for class com.myntra.scenarios.OnlineTest # filterProductDetailsInPdpSizeChartApplyCouponViewPriceDetailsPayUsingWallet - [utils.test_utils.BaseTest.setUp(BaseTest.java:176)]
    16:40:57.430 518964 ERROR - No Test Data provided for test name - filterProductDetailsInPdpSizeChartApplyCouponViewPriceDetailsPayUsingWallet - [core.central.SFCentral.getTestData(SFCentral.java:65)]
Executing test runOncePerMethod [com.myntra.scenarios.OnlineTest] with result: FAILURE

com.myntra.scenarios.OnlineTest.runOncePerMethod FAILED
    com.myntra.core.exceptions.NoTestDataException

Gradle Test Executor 1 STANDARD_OUT
    16:41:00.444 521978 INFO  - screenshot file name of exception: screenshots/skipped_onlinetest_filterproductdetailsinpdpsizech_d6HYX4LQzv.png - [utils.listeners.WebDriverListener.takeScreenshot(WebDriverListener.java:322)]
Executing test filterProductDetailsInPdpSizeChartApplyCouponViewPriceDetailsPayUsingWallet [com.myntra.scenarios.OnlineTest] with result: SKIPPED

Myntra Test Suite > Test Scenario > com.myntra.scenarios.OnlineTest.filterProductDetailsInPdpSizeChartApplyCouponViewPriceDetailsPayUsingWallet SKIPPED

Myntra Test Suite > Test Scenario STANDARD_OUT
    16:41:00.446 521980 INFO  - **************** Test 'com.myntra.scenarios.OnlineTest # filterProductDetailsInPdpSizeChartApplyCouponViewPriceDetailsPayUsingWallet' skipped in 0 minutes (0.0 seconds) **************** - [utils.listeners.TestExecutionListener.onTestSkipped(TestExecutionListener.java:158)]
    16:41:02.243 523777 INFO  - removing webdriver org.openqa.selenium.support.events.EventFiringWebDriver@55ddfc1d for class com.myntra.scenarios.OnlineTest # filterProductDetailsInPdpSizeChartApplyCouponViewPriceDetailsPayUsingWallet - [utils.test_utils.BaseTest.closeDriver(BaseTest.java:253)]
    16:41:02.244 523778 INFO  - executing command : bash -c /home/manikrishna/android-sdk-linux/platform-tools/adb -s 1f3497d7 shell pm path 'com.myntra.android' | wc -l - [utils.test_utils.CommandLineExecutor.execCommand(CommandLineExecutor.java:56)]
    16:41:02.628 524162 INFO  - executing command : bash -c /home/manikrishna/android-sdk-linux/platform-tools/adb -s 1f3497d7 uninstall com.myntra.android - [utils.test_utils.CommandLineExecutor.execCommand(CommandLineExecutor.java:56)]
    16:41:02.668 524202 INFO  - uninstalling app package 'com.myntra.android' from device '1f3497d7' successful ? false - [utils.ui.ADBUtils.uninstallApp(ADBUtils.java:276)]
    16:41:02.669 524203 INFO  - executing command : bash -c fuser -k 4735/tcp - [utils.test_utils.CommandLineExecutor.execCommand(CommandLineExecutor.java:56)]
    16:41:02.822 524356 INFO  - executing command : bash -c fuser -k 4835/tcp - [utils.test_utils.CommandLineExecutor.execCommand(CommandLineExecutor.java:56)]
    16:41:02.969 524503 INFO  - executing command : bash -c fuser -k 4635/tcp - [utils.test_utils.CommandLineExecutor.execCommand(CommandLineExecutor.java:56)]
    16:41:03.118 524652 INFO  - executing command : bash -c fuser -k 4935/tcp - [utils.test_utils.CommandLineExecutor.execCommand(CommandLineExecutor.java:56)]
    16:41:03.270 524804 INFO  - executing command : bash -c /home/manikrishna/android-sdk-linux/platform-tools/adb -s 1f3497d7 shell dumpsys package com.android.chrome | grep -iE '(versionName=)([0-9\.]+)' - [utils.test_utils.CommandLineExecutor.execCommand(CommandLineExecutor.java:56)]
    16:41:03.328 524862 INFO  - chrome browser version found on device '1f3497d7' => 67.0.3396.87 - [utils.ui.ServiceFactory.getDeviceChromeVersion(ServiceFactory.java:174)]
    16:41:03.517 525051 INFO  - chrome driver path => /home/manikrishna/Projects/moolya-ui-automation/src/test/resources/driver/chrome/2.40/linux_64 - [myntra.ui.DriverFactory.getDriverExecutable(DriverFactory.java:299)]
    (node:29520) [DEP0005] DeprecationWarning: Buffer() is deprecated due to security and usability issues. Please use the Buffer.alloc(), Buffer.allocUnsafe(), or Buffer.from() methods instead.
    16:41:05.138 526672 INFO  - appium session started for device '1f3497d7' at http://0.0.0.0:4735/wd/hub and writing logs to 'logs/appium/1f3497d7_rSE1CN.log' - [utils.ui.ServiceFactory.startAppiumService(ServiceFactory.java:133)]
    16:41:05.139 526673 INFO  - executing command : bash -c /home/manikrishna/android-sdk-linux/platform-tools/adb -s 1f3497d7 shell pm list packages -f | grep -i 'io.appium' - [utils.test_utils.CommandLineExecutor.execCommand(CommandLineExecutor.java:56)]
    16:41:05.528 527062 INFO  - executing command : bash -c /home/manikrishna/android-sdk-linux/platform-tools/adb -s 1f3497d7 uninstall io.appium.uiautomator2.server.test - [utils.test_utils.CommandLineExecutor.execCommand(CommandLineExecutor.java:56)]
    16:41:05.529 527063 INFO  - executing command : bash -c /home/manikrishna/android-sdk-linux/platform-tools/adb -s 1f3497d7 uninstall io.appium.android.ime - [utils.test_utils.CommandLineExecutor.execCommand(CommandLineExecutor.java:56)]
    16:41:05.529 527063 INFO  - executing command : bash -c /home/manikrishna/android-sdk-linux/platform-tools/adb -s 1f3497d7 uninstall io.appium.unlock - [utils.test_utils.CommandLineExecutor.execCommand(CommandLineExecutor.java:56)]
    16:41:05.529 527063 INFO  - executing command : bash -c /home/manikrishna/android-sdk-linux/platform-tools/adb -s 1f3497d7 uninstall io.appium.settings - [utils.test_utils.CommandLineExecutor.execCommand(CommandLineExecutor.java:56)]
    16:41:05.529 527063 INFO  - executing command : bash -c /home/manikrishna/android-sdk-linux/platform-tools/adb -s 1f3497d7 uninstall io.appium.uiautomator2.server - [utils.test_utils.CommandLineExecutor.execCommand(CommandLineExecutor.java:56)]
    16:41:06.091 527625 INFO  - uninstalling app package 'io.appium.android.ime' from device '1f3497d7' successful ? true - [utils.ui.ADBUtils.uninstallApp(ADBUtils.java:276)]
    16:41:06.417 527951 INFO  - uninstalling app package 'io.appium.uiautomator2.server.test' from device '1f3497d7' successful ? true - [utils.ui.ADBUtils.uninstallApp(ADBUtils.java:276)]
    16:41:06.719 528253 INFO  - uninstalling app package 'io.appium.unlock' from device '1f3497d7' successful ? true - [utils.ui.ADBUtils.uninstallApp(ADBUtils.java:276)]
    16:41:07.027 528561 INFO  - uninstalling app package 'io.appium.settings' from device '1f3497d7' successful ? true - [utils.ui.ADBUtils.uninstallApp(ADBUtils.java:276)]
    16:41:07.310 528844 INFO  - uninstalling app package 'io.appium.uiautomator2.server' from device '1f3497d7' successful ? true - [utils.ui.ADBUtils.uninstallApp(ADBUtils.java:276)]
    [AndroidDriver] setDeviceLanguageCountry requires language or country.
    [AndroidDriver] Got language: 'null' and country: 'null'

Myntra Test Suite > Test Scenario STANDARD_ERROR
    Jul 02, 2018 4:41:39 PM io.appium.java_client.remote.AppiumCommandExecutor$1 lambda$0
    INFO: Detected dialect: OSS

Myntra Test Suite > Test Scenario STANDARD_OUT
    16:41:39.107 560641 INFO  - creating webdriver org.openqa.selenium.support.events.EventFiringWebDriver@6db13b57 for class com.myntra.scenarios.OnlineTest # filterSearchResultVerifyPDPImageSaveAndAddToBagAddMoreFromWishlistAddAddressPlaceOrderUsingPhonePe - [utils.test_utils.BaseTest.setUp(BaseTest.java:176)]
    16:41:39.109 560643 ERROR - No Test Data provided for test name - filterSearchResultVerifyPDPImageSaveAndAddToBagAddMoreFromWishlistAddAddressPlaceOrderUsingPhonePe - [core.central.SFCentral.getTestData(SFCentral.java:65)]
Executing test runOncePerMethod [com.myntra.scenarios.OnlineTest] with result: FAILURE

com.myntra.scenarios.OnlineTest.runOncePerMethod FAILED
    com.myntra.core.exceptions.NoTestDataException

Gradle Test Executor 1 STANDARD_OUT
    16:41:40.451 561985 INFO  - screenshot file name of exception: screenshots/skipped_onlinetest_filtersearchresultverifypdpimag_YF7iVSf8A5.png - [utils.listeners.WebDriverListener.takeScreenshot(WebDriverListener.java:322)]
Executing test filterSearchResultVerifyPDPImageSaveAndAddToBagAddMoreFromWishlistAddAddressPlaceOrderUsingPhonePe [com.myntra.scenarios.OnlineTest] with result: SKIPPED

Myntra Test Suite > Test Scenario > com.myntra.scenarios.OnlineTest.filterSearchResultVerifyPDPImageSaveAndAddToBagAddMoreFromWishlistAddAddressPlaceOrderUsingPhonePe SKIPPED

Myntra Test Suite > Test Scenario STANDARD_OUT
    16:41:40.453 561987 INFO  - **************** Test 'com.myntra.scenarios.OnlineTest # filterSearchResultVerifyPDPImageSaveAndAddToBagAddMoreFromWishlistAddAddressPlaceOrderUsingPhonePe' skipped in 0 minutes (0.0 seconds) **************** - [utils.listeners.TestExecutionListener.onTestSkipped(TestExecutionListener.java:158)]
    16:41:42.140 563674 INFO  - removing webdriver org.openqa.selenium.support.events.EventFiringWebDriver@6db13b57 for class com.myntra.scenarios.OnlineTest # filterSearchResultVerifyPDPImageSaveAndAddToBagAddMoreFromWishlistAddAddressPlaceOrderUsingPhonePe - [utils.test_utils.BaseTest.closeDriver(BaseTest.java:253)]
    16:41:42.141 563675 INFO  - executing command : bash -c /home/manikrishna/android-sdk-linux/platform-tools/adb -s 1f3497d7 shell pm path 'com.myntra.android' | wc -l - [utils.test_utils.CommandLineExecutor.execCommand(CommandLineExecutor.java:56)]
    16:41:42.497 564031 INFO  - executing command : bash -c /home/manikrishna/android-sdk-linux/platform-tools/adb -s 1f3497d7 uninstall com.myntra.android - [utils.test_utils.CommandLineExecutor.execCommand(CommandLineExecutor.java:56)]
    16:41:42.542 564076 INFO  - uninstalling app package 'com.myntra.android' from device '1f3497d7' successful ? false - [utils.ui.ADBUtils.uninstallApp(ADBUtils.java:276)]
    16:41:42.543 564077 INFO  - executing command : bash -c fuser -k 4736/tcp - [utils.test_utils.CommandLineExecutor.execCommand(CommandLineExecutor.java:56)]
    16:41:42.708 564242 INFO  - executing command : bash -c fuser -k 4836/tcp - [utils.test_utils.CommandLineExecutor.execCommand(CommandLineExecutor.java:56)]
    16:41:42.859 564393 INFO  - executing command : bash -c fuser -k 4636/tcp - [utils.test_utils.CommandLineExecutor.execCommand(CommandLineExecutor.java:56)]
    16:41:43.011 564545 INFO  - executing command : bash -c fuser -k 4936/tcp - [utils.test_utils.CommandLineExecutor.execCommand(CommandLineExecutor.java:56)]
    16:41:43.168 564702 INFO  - executing command : bash -c /home/manikrishna/android-sdk-linux/platform-tools/adb -s 1f3497d7 shell dumpsys package com.android.chrome | grep -iE '(versionName=)([0-9\.]+)' - [utils.test_utils.CommandLineExecutor.execCommand(CommandLineExecutor.java:56)]
    16:41:43.229 564763 INFO  - chrome browser version found on device '1f3497d7' => 67.0.3396.87 - [utils.ui.ServiceFactory.getDeviceChromeVersion(ServiceFactory.java:174)]
    16:41:43.427 564961 INFO  - chrome driver path => /home/manikrishna/Projects/moolya-ui-automation/src/test/resources/driver/chrome/2.40/linux_64 - [myntra.ui.DriverFactory.getDriverExecutable(DriverFactory.java:299)]
    (node:29856) [DEP0005] DeprecationWarning: Buffer() is deprecated due to security and usability issues. Please use the Buffer.alloc(), Buffer.allocUnsafe(), or Buffer.from() methods instead.
    16:41:45.047 566581 INFO  - appium session started for device '1f3497d7' at http://0.0.0.0:4736/wd/hub and writing logs to 'logs/appium/1f3497d7_9meEvg.log' - [utils.ui.ServiceFactory.startAppiumService(ServiceFactory.java:133)]
    16:41:45.047 566581 INFO  - executing command : bash -c /home/manikrishna/android-sdk-linux/platform-tools/adb -s 1f3497d7 shell pm list packages -f | grep -i 'io.appium' - [utils.test_utils.CommandLineExecutor.execCommand(CommandLineExecutor.java:56)]
    16:41:45.423 566957 INFO  - executing command : bash -c /home/manikrishna/android-sdk-linux/platform-tools/adb -s 1f3497d7 uninstall io.appium.uiautomator2.server.test - [utils.test_utils.CommandLineExecutor.execCommand(CommandLineExecutor.java:56)]
    16:41:45.424 566958 INFO  - executing command : bash -c /home/manikrishna/android-sdk-linux/platform-tools/adb -s 1f3497d7 uninstall io.appium.uiautomator2.server - [utils.test_utils.CommandLineExecutor.execCommand(CommandLineExecutor.java:56)]
    16:41:45.424 566958 INFO  - executing command : bash -c /home/manikrishna/android-sdk-linux/platform-tools/adb -s 1f3497d7 uninstall io.appium.settings - [utils.test_utils.CommandLineExecutor.execCommand(CommandLineExecutor.java:56)]
    16:41:45.424 566958 INFO  - executing command : bash -c /home/manikrishna/android-sdk-linux/platform-tools/adb -s 1f3497d7 uninstall io.appium.unlock - [utils.test_utils.CommandLineExecutor.execCommand(CommandLineExecutor.java:56)]
    16:41:45.424 566958 INFO  - executing command : bash -c /home/manikrishna/android-sdk-linux/platform-tools/adb -s 1f3497d7 uninstall io.appium.android.ime - [utils.test_utils.CommandLineExecutor.execCommand(CommandLineExecutor.java:56)]
    16:41:46.011 567545 INFO  - uninstalling app package 'io.appium.uiautomator2.server' from device '1f3497d7' successful ? true - [utils.ui.ADBUtils.uninstallApp(ADBUtils.java:276)]
    16:41:46.329 567863 INFO  - uninstalling app package 'io.appium.settings' from device '1f3497d7' successful ? true - [utils.ui.ADBUtils.uninstallApp(ADBUtils.java:276)]
    16:41:46.621 568155 INFO  - uninstalling app package 'io.appium.unlock' from device '1f3497d7' successful ? true - [utils.ui.ADBUtils.uninstallApp(ADBUtils.java:276)]
    16:41:46.940 568474 INFO  - uninstalling app package 'io.appium.android.ime' from device '1f3497d7' successful ? true - [utils.ui.ADBUtils.uninstallApp(ADBUtils.java:276)]
    16:41:47.240 568774 INFO  - uninstalling app package 'io.appium.uiautomator2.server.test' from device '1f3497d7' successful ? true - [utils.ui.ADBUtils.uninstallApp(ADBUtils.java:276)]
    [AndroidDriver] setDeviceLanguageCountry requires language or country.
    [AndroidDriver] Got language: 'null' and country: 'null'

Myntra Test Suite > Test Scenario STANDARD_ERROR
    Jul 02, 2018 4:42:19 PM io.appium.java_client.remote.AppiumCommandExecutor$1 lambda$0
    INFO: Detected dialect: OSS

Myntra Test Suite > Test Scenario STANDARD_OUT
    16:42:19.234 600768 INFO  - creating webdriver org.openqa.selenium.support.events.EventFiringWebDriver@643237e4 for class com.myntra.scenarios.OnlineTest # listPageToPDPaddProductToCartPlaceOrderApplyCouponRemoveAddressAddAddressPayUsingPhonePe - [utils.test_utils.BaseTest.setUp(BaseTest.java:176)]
    16:42:19.235 600769 ERROR - No Test Data provided for test name - listPageToPDPaddProductToCartPlaceOrderApplyCouponRemoveAddressAddAddressPayUsingPhonePe - [core.central.SFCentral.getTestData(SFCentral.java:65)]
Executing test runOncePerMethod [com.myntra.scenarios.OnlineTest] with result: FAILURE

com.myntra.scenarios.OnlineTest.runOncePerMethod FAILED
    com.myntra.core.exceptions.NoTestDataException

Gradle Test Executor 1 STANDARD_OUT
    16:42:21.203 602737 INFO  - screenshot file name of exception: screenshots/skipped_onlinetest_listpagetopdpaddproducttocartpl_9JMgg39uYN.png - [utils.listeners.WebDriverListener.takeScreenshot(WebDriverListener.java:322)]
Executing test listPageToPDPaddProductToCartPlaceOrderApplyCouponRemoveAddressAddAddressPayUsingPhonePe [com.myntra.scenarios.OnlineTest] with result: SKIPPED

Myntra Test Suite > Test Scenario > com.myntra.scenarios.OnlineTest.listPageToPDPaddProductToCartPlaceOrderApplyCouponRemoveAddressAddAddressPayUsingPhonePe SKIPPED

Myntra Test Suite > Test Scenario STANDARD_OUT
    16:42:21.205 602739 INFO  - **************** Test 'com.myntra.scenarios.OnlineTest # listPageToPDPaddProductToCartPlaceOrderApplyCouponRemoveAddressAddAddressPayUsingPhonePe' skipped in 0 minutes (0.0 seconds) **************** - [utils.listeners.TestExecutionListener.onTestSkipped(TestExecutionListener.java:158)]
    16:42:22.939 604473 INFO  - removing webdriver org.openqa.selenium.support.events.EventFiringWebDriver@643237e4 for class com.myntra.scenarios.OnlineTest # listPageToPDPaddProductToCartPlaceOrderApplyCouponRemoveAddressAddAddressPayUsingPhonePe - [utils.test_utils.BaseTest.closeDriver(BaseTest.java:253)]
    16:42:22.940 604474 INFO  - executing command : bash -c /home/manikrishna/android-sdk-linux/platform-tools/adb -s 1f3497d7 shell pm path 'com.myntra.android' | wc -l - [utils.test_utils.CommandLineExecutor.execCommand(CommandLineExecutor.java:56)]
    16:42:23.319 604853 INFO  - executing command : bash -c /home/manikrishna/android-sdk-linux/platform-tools/adb -s 1f3497d7 uninstall com.myntra.android - [utils.test_utils.CommandLineExecutor.execCommand(CommandLineExecutor.java:56)]
    16:42:23.357 604891 INFO  - uninstalling app package 'com.myntra.android' from device '1f3497d7' successful ? false - [utils.ui.ADBUtils.uninstallApp(ADBUtils.java:276)]
    16:42:23.358 604892 INFO  - executing command : bash -c fuser -k 4737/tcp - [utils.test_utils.CommandLineExecutor.execCommand(CommandLineExecutor.java:56)]
    16:42:23.517 605051 INFO  - executing command : bash -c fuser -k 4837/tcp - [utils.test_utils.CommandLineExecutor.execCommand(CommandLineExecutor.java:56)]
    16:42:23.670 605204 INFO  - executing command : bash -c fuser -k 4637/tcp - [utils.test_utils.CommandLineExecutor.execCommand(CommandLineExecutor.java:56)]
    16:42:23.824 605358 INFO  - executing command : bash -c fuser -k 4937/tcp - [utils.test_utils.CommandLineExecutor.execCommand(CommandLineExecutor.java:56)]
    16:42:23.975 605509 INFO  - executing command : bash -c /home/manikrishna/android-sdk-linux/platform-tools/adb -s 1f3497d7 shell dumpsys package com.android.chrome | grep -iE '(versionName=)([0-9\.]+)' - [utils.test_utils.CommandLineExecutor.execCommand(CommandLineExecutor.java:56)]
    16:42:24.050 605584 INFO  - chrome browser version found on device '1f3497d7' => 67.0.3396.87 - [utils.ui.ServiceFactory.getDeviceChromeVersion(ServiceFactory.java:174)]
    16:42:24.120 605654 INFO  - chrome driver path => /home/manikrishna/Projects/moolya-ui-automation/src/test/resources/driver/chrome/2.40/linux_64 - [myntra.ui.DriverFactory.getDriverExecutable(DriverFactory.java:299)]
    (node:30209) [DEP0005] DeprecationWarning: Buffer() is deprecated due to security and usability issues. Please use the Buffer.alloc(), Buffer.allocUnsafe(), or Buffer.from() methods instead.
    16:42:25.743 607277 INFO  - appium session started for device '1f3497d7' at http://0.0.0.0:4737/wd/hub and writing logs to 'logs/appium/1f3497d7_i2efeb.log' - [utils.ui.ServiceFactory.startAppiumService(ServiceFactory.java:133)]
    16:42:25.743 607277 INFO  - executing command : bash -c /home/manikrishna/android-sdk-linux/platform-tools/adb -s 1f3497d7 shell pm list packages -f | grep -i 'io.appium' - [utils.test_utils.CommandLineExecutor.execCommand(CommandLineExecutor.java:56)]
    16:42:26.114 607648 INFO  - executing command : bash -c /home/manikrishna/android-sdk-linux/platform-tools/adb -s 1f3497d7 uninstall io.appium.uiautomator2.server.test - [utils.test_utils.CommandLineExecutor.execCommand(CommandLineExecutor.java:56)]
    16:42:26.114 607648 INFO  - executing command : bash -c /home/manikrishna/android-sdk-linux/platform-tools/adb -s 1f3497d7 uninstall io.appium.android.ime - [utils.test_utils.CommandLineExecutor.execCommand(CommandLineExecutor.java:56)]
    16:42:26.114 607648 INFO  - executing command : bash -c /home/manikrishna/android-sdk-linux/platform-tools/adb -s 1f3497d7 uninstall io.appium.uiautomator2.server - [utils.test_utils.CommandLineExecutor.execCommand(CommandLineExecutor.java:56)]
    16:42:26.114 607648 INFO  - executing command : bash -c /home/manikrishna/android-sdk-linux/platform-tools/adb -s 1f3497d7 uninstall io.appium.settings - [utils.test_utils.CommandLineExecutor.execCommand(CommandLineExecutor.java:56)]
    16:42:26.114 607648 INFO  - executing command : bash -c /home/manikrishna/android-sdk-linux/platform-tools/adb -s 1f3497d7 uninstall io.appium.unlock - [utils.test_utils.CommandLineExecutor.execCommand(CommandLineExecutor.java:56)]
    16:42:26.620 608154 INFO  - uninstalling app package 'io.appium.android.ime' from device '1f3497d7' successful ? true - [utils.ui.ADBUtils.uninstallApp(ADBUtils.java:276)]
    16:42:26.952 608486 INFO  - uninstalling app package 'io.appium.unlock' from device '1f3497d7' successful ? true - [utils.ui.ADBUtils.uninstallApp(ADBUtils.java:276)]
    16:42:27.285 608819 INFO  - uninstalling app package 'io.appium.settings' from device '1f3497d7' successful ? true - [utils.ui.ADBUtils.uninstallApp(ADBUtils.java:276)]
    16:42:27.610 609144 INFO  - uninstalling app package 'io.appium.uiautomator2.server' from device '1f3497d7' successful ? true - [utils.ui.ADBUtils.uninstallApp(ADBUtils.java:276)]
    16:42:27.922 609456 INFO  - uninstalling app package 'io.appium.uiautomator2.server.test' from device '1f3497d7' successful ? true - [utils.ui.ADBUtils.uninstallApp(ADBUtils.java:276)]
    [AndroidDriver] setDeviceLanguageCountry requires language or country.
    [AndroidDriver] Got language: 'null' and country: 'null'

Myntra Test Suite > Test Scenario STANDARD_ERROR
    Jul 02, 2018 4:43:00 PM io.appium.java_client.remote.AppiumCommandExecutor$1 lambda$0
    INFO: Detected dialect: OSS

Myntra Test Suite > Test Scenario STANDARD_OUT
    16:43:00.182 641716 INFO  - creating webdriver org.openqa.selenium.support.events.EventFiringWebDriver@2a1adb78 for class com.myntra.scenarios.OnlineTest # saveEmptyWishListAddProductToBagGiftWrapApplyCouponPayUsingWallet - [utils.test_utils.BaseTest.setUp(BaseTest.java:176)]
    16:43:00.185 641719 ERROR - No Test Data provided for test name - saveEmptyWishListAddProductToBagGiftWrapApplyCouponPayUsingWallet - [core.central.SFCentral.getTestData(SFCentral.java:65)]
Executing test runOncePerMethod [com.myntra.scenarios.OnlineTest] with result: FAILURE

com.myntra.scenarios.OnlineTest.runOncePerMethod FAILED
    com.myntra.core.exceptions.NoTestDataException

Gradle Test Executor 1 STANDARD_OUT
    16:43:04.795 646329 INFO  - screenshot file name of exception: screenshots/skipped_onlinetest_saveemptywishlistaddproducttoba_gpYHXrsGZU.png - [utils.listeners.WebDriverListener.takeScreenshot(WebDriverListener.java:322)]
Executing test saveEmptyWishListAddProductToBagGiftWrapApplyCouponPayUsingWallet [com.myntra.scenarios.OnlineTest] with result: SKIPPED

Myntra Test Suite > Test Scenario > com.myntra.scenarios.OnlineTest.saveEmptyWishListAddProductToBagGiftWrapApplyCouponPayUsingWallet SKIPPED

Myntra Test Suite > Test Scenario STANDARD_OUT
    16:43:04.797 646331 INFO  - **************** Test 'com.myntra.scenarios.OnlineTest # saveEmptyWishListAddProductToBagGiftWrapApplyCouponPayUsingWallet' skipped in 0 minutes (0.0 seconds) **************** - [utils.listeners.TestExecutionListener.onTestSkipped(TestExecutionListener.java:158)]
    16:43:06.644 648178 INFO  - removing webdriver org.openqa.selenium.support.events.EventFiringWebDriver@2a1adb78 for class com.myntra.scenarios.OnlineTest # saveEmptyWishListAddProductToBagGiftWrapApplyCouponPayUsingWallet - [utils.test_utils.BaseTest.closeDriver(BaseTest.java:253)]
    16:43:06.646 648180 INFO  - executing command : bash -c /home/manikrishna/android-sdk-linux/platform-tools/adb -s 1f3497d7 shell pm path 'com.myntra.android' | wc -l - [utils.test_utils.CommandLineExecutor.execCommand(CommandLineExecutor.java:56)]
    16:43:07.014 648548 INFO  - executing command : bash -c /home/manikrishna/android-sdk-linux/platform-tools/adb -s 1f3497d7 uninstall com.myntra.android - [utils.test_utils.CommandLineExecutor.execCommand(CommandLineExecutor.java:56)]
    16:43:07.059 648593 INFO  - uninstalling app package 'com.myntra.android' from device '1f3497d7' successful ? false - [utils.ui.ADBUtils.uninstallApp(ADBUtils.java:276)]
    16:43:07.060 648594 INFO  - executing command : bash -c fuser -k 4738/tcp - [utils.test_utils.CommandLineExecutor.execCommand(CommandLineExecutor.java:56)]
    16:43:07.244 648778 INFO  - executing command : bash -c fuser -k 4838/tcp - [utils.test_utils.CommandLineExecutor.execCommand(CommandLineExecutor.java:56)]
    16:43:07.425 648959 INFO  - executing command : bash -c fuser -k 4638/tcp - [utils.test_utils.CommandLineExecutor.execCommand(CommandLineExecutor.java:56)]
    16:43:07.604 649138 INFO  - executing command : bash -c fuser -k 4938/tcp - [utils.test_utils.CommandLineExecutor.execCommand(CommandLineExecutor.java:56)]
    16:43:07.781 649315 INFO  - executing command : bash -c /home/manikrishna/android-sdk-linux/platform-tools/adb -s 1f3497d7 shell dumpsys package com.android.chrome | grep -iE '(versionName=)([0-9\.]+)' - [utils.test_utils.CommandLineExecutor.execCommand(CommandLineExecutor.java:56)]
    16:43:07.858 649392 INFO  - chrome browser version found on device '1f3497d7' => 67.0.3396.87 - [utils.ui.ServiceFactory.getDeviceChromeVersion(ServiceFactory.java:174)]
    16:43:08.053 649587 INFO  - chrome driver path => /home/manikrishna/Projects/moolya-ui-automation/src/test/resources/driver/chrome/2.40/linux_64 - [myntra.ui.DriverFactory.getDriverExecutable(DriverFactory.java:299)]
    (node:30576) [DEP0005] DeprecationWarning: Buffer() is deprecated due to security and usability issues. Please use the Buffer.alloc(), Buffer.allocUnsafe(), or Buffer.from() methods instead.
    16:43:10.325 651859 INFO  - appium session started for device '1f3497d7' at http://0.0.0.0:4738/wd/hub and writing logs to 'logs/appium/1f3497d7_a61XdJ.log' - [utils.ui.ServiceFactory.startAppiumService(ServiceFactory.java:133)]
    16:43:10.325 651859 INFO  - executing command : bash -c /home/manikrishna/android-sdk-linux/platform-tools/adb -s 1f3497d7 shell pm list packages -f | grep -i 'io.appium' - [utils.test_utils.CommandLineExecutor.execCommand(CommandLineExecutor.java:56)]
    16:43:10.693 652227 INFO  - executing command : bash -c /home/manikrishna/android-sdk-linux/platform-tools/adb -s 1f3497d7 uninstall io.appium.uiautomator2.server.test - [utils.test_utils.CommandLineExecutor.execCommand(CommandLineExecutor.java:56)]
    16:43:10.694 652228 INFO  - executing command : bash -c /home/manikrishna/android-sdk-linux/platform-tools/adb -s 1f3497d7 uninstall io.appium.android.ime - [utils.test_utils.CommandLineExecutor.execCommand(CommandLineExecutor.java:56)]
    16:43:10.693 652227 INFO  - executing command : bash -c /home/manikrishna/android-sdk-linux/platform-tools/adb -s 1f3497d7 uninstall io.appium.unlock - [utils.test_utils.CommandLineExecutor.execCommand(CommandLineExecutor.java:56)]
    16:43:10.695 652229 INFO  - executing command : bash -c /home/manikrishna/android-sdk-linux/platform-tools/adb -s 1f3497d7 uninstall io.appium.uiautomator2.server - [utils.test_utils.CommandLineExecutor.execCommand(CommandLineExecutor.java:56)]
    16:43:10.695 652229 INFO  - executing command : bash -c /home/manikrishna/android-sdk-linux/platform-tools/adb -s 1f3497d7 uninstall io.appium.settings - [utils.test_utils.CommandLineExecutor.execCommand(CommandLineExecutor.java:56)]
    16:43:11.155 652689 INFO  - uninstalling app package 'io.appium.settings' from device '1f3497d7' successful ? true - [utils.ui.ADBUtils.uninstallApp(ADBUtils.java:276)]
    16:43:11.479 653013 INFO  - uninstalling app package 'io.appium.android.ime' from device '1f3497d7' successful ? true - [utils.ui.ADBUtils.uninstallApp(ADBUtils.java:276)]
    16:43:11.859 653393 INFO  - uninstalling app package 'io.appium.uiautomator2.server' from device '1f3497d7' successful ? true - [utils.ui.ADBUtils.uninstallApp(ADBUtils.java:276)]
    16:43:12.160 653694 INFO  - uninstalling app package 'io.appium.uiautomator2.server.test' from device '1f3497d7' successful ? true - [utils.ui.ADBUtils.uninstallApp(ADBUtils.java:276)]
    16:43:12.548 654082 INFO  - uninstalling app package 'io.appium.unlock' from device '1f3497d7' successful ? true - [utils.ui.ADBUtils.uninstallApp(ADBUtils.java:276)]
    [AndroidDriver] setDeviceLanguageCountry requires language or country.
    [AndroidDriver] Got language: 'null' and country: 'null'

Myntra Test Suite > Test Scenario STANDARD_ERROR
    Jul 02, 2018 4:43:44 PM io.appium.java_client.remote.AppiumCommandExecutor$1 lambda$0
    INFO: Detected dialect: OSS

Myntra Test Suite > Test Scenario STANDARD_OUT
    16:43:44.985 686519 INFO  - creating webdriver org.openqa.selenium.support.events.EventFiringWebDriver@2b2cb9ba for class com.myntra.scenarios.OnlineTest # saveProductToWishlistCheckBestPriceApplyCouponViewDetailsPlaceOrderAddNewAddressAndPayUsingNetbanking - [utils.test_utils.BaseTest.setUp(BaseTest.java:176)]
    16:43:44.988 686522 ERROR - No Test Data provided for test name - saveProductToWishlistCheckBestPriceApplyCouponViewDetailsPlaceOrderAddNewAddressAndPayUsingNetbanking - [core.central.SFCentral.getTestData(SFCentral.java:65)]
Executing test runOncePerMethod [com.myntra.scenarios.OnlineTest] with result: FAILURE

com.myntra.scenarios.OnlineTest.runOncePerMethod FAILED
    com.myntra.core.exceptions.NoTestDataException

Gradle Test Executor 1 STANDARD_OUT
    16:43:49.274 690808 INFO  - screenshot file name of exception: screenshots/skipped_onlinetest_saveproducttowishlistcheckbestp_rMGUkRSmEL.png - [utils.listeners.WebDriverListener.takeScreenshot(WebDriverListener.java:322)]
Executing test saveProductToWishlistCheckBestPriceApplyCouponViewDetailsPlaceOrderAddNewAddressAndPayUsingNetbanking [com.myntra.scenarios.OnlineTest] with result: SKIPPED

Myntra Test Suite > Test Scenario > com.myntra.scenarios.OnlineTest.saveProductToWishlistCheckBestPriceApplyCouponViewDetailsPlaceOrderAddNewAddressAndPayUsingNetbanking SKIPPED

Myntra Test Suite > Test Scenario STANDARD_OUT
    16:43:49.277 690811 INFO  - **************** Test 'com.myntra.scenarios.OnlineTest # saveProductToWishlistCheckBestPriceApplyCouponViewDetailsPlaceOrderAddNewAddressAndPayUsingNetbanking' skipped in 0 minutes (0.0 seconds) **************** - [utils.listeners.TestExecutionListener.onTestSkipped(TestExecutionListener.java:158)]
    16:43:51.081 692615 INFO  - removing webdriver org.openqa.selenium.support.events.EventFiringWebDriver@2b2cb9ba for class com.myntra.scenarios.OnlineTest # saveProductToWishlistCheckBestPriceApplyCouponViewDetailsPlaceOrderAddNewAddressAndPayUsingNetbanking - [utils.test_utils.BaseTest.closeDriver(BaseTest.java:253)]
    16:43:51.082 692616 INFO  - executing command : bash -c /home/manikrishna/android-sdk-linux/platform-tools/adb -s 1f3497d7 shell pm path 'com.myntra.android' | wc -l - [utils.test_utils.CommandLineExecutor.execCommand(CommandLineExecutor.java:56)]
    16:43:51.426 692960 INFO  - executing command : bash -c /home/manikrishna/android-sdk-linux/platform-tools/adb -s 1f3497d7 uninstall com.myntra.android - [utils.test_utils.CommandLineExecutor.execCommand(CommandLineExecutor.java:56)]
    16:43:51.482 693016 INFO  - uninstalling app package 'com.myntra.android' from device '1f3497d7' successful ? false - [utils.ui.ADBUtils.uninstallApp(ADBUtils.java:276)]
    16:43:51.483 693017 INFO  - executing command : bash -c fuser -k 4739/tcp - [utils.test_utils.CommandLineExecutor.execCommand(CommandLineExecutor.java:56)]
    16:43:51.701 693235 INFO  - executing command : bash -c fuser -k 4839/tcp - [utils.test_utils.CommandLineExecutor.execCommand(CommandLineExecutor.java:56)]
    16:43:51.887 693421 INFO  - executing command : bash -c fuser -k 4639/tcp - [utils.test_utils.CommandLineExecutor.execCommand(CommandLineExecutor.java:56)]
    16:43:52.053 693587 INFO  - executing command : bash -c fuser -k 4939/tcp - [utils.test_utils.CommandLineExecutor.execCommand(CommandLineExecutor.java:56)]
    16:43:52.221 693755 INFO  - executing command : bash -c /home/manikrishna/android-sdk-linux/platform-tools/adb -s 1f3497d7 shell dumpsys package com.android.chrome | grep -iE '(versionName=)([0-9\.]+)' - [utils.test_utils.CommandLineExecutor.execCommand(CommandLineExecutor.java:56)]
    16:43:52.295 693829 INFO  - chrome browser version found on device '1f3497d7' => 67.0.3396.87 - [utils.ui.ServiceFactory.getDeviceChromeVersion(ServiceFactory.java:174)]
    16:43:52.470 694004 INFO  - chrome driver path => /home/manikrishna/Projects/moolya-ui-automation/src/test/resources/driver/chrome/2.40/linux_64 - [myntra.ui.DriverFactory.getDriverExecutable(DriverFactory.java:299)]
    (node:31044) [DEP0005] DeprecationWarning: Buffer() is deprecated due to security and usability issues. Please use the Buffer.alloc(), Buffer.allocUnsafe(), or Buffer.from() methods instead.
    16:43:54.093 695627 INFO  - appium session started for device '1f3497d7' at http://0.0.0.0:4739/wd/hub and writing logs to 'logs/appium/1f3497d7_OjpZOZ.log' - [utils.ui.ServiceFactory.startAppiumService(ServiceFactory.java:133)]
    16:43:54.093 695627 INFO  - executing command : bash -c /home/manikrishna/android-sdk-linux/platform-tools/adb -s 1f3497d7 shell pm list packages -f | grep -i 'io.appium' - [utils.test_utils.CommandLineExecutor.execCommand(CommandLineExecutor.java:56)]
    16:43:54.498 696032 INFO  - executing command : bash -c /home/manikrishna/android-sdk-linux/platform-tools/adb -s 1f3497d7 uninstall io.appium.uiautomator2.server.test - [utils.test_utils.CommandLineExecutor.execCommand(CommandLineExecutor.java:56)]
    16:43:54.499 696033 INFO  - executing command : bash -c /home/manikrishna/android-sdk-linux/platform-tools/adb -s 1f3497d7 uninstall io.appium.uiautomator2.server - [utils.test_utils.CommandLineExecutor.execCommand(CommandLineExecutor.java:56)]
    16:43:54.499 696033 INFO  - executing command : bash -c /home/manikrishna/android-sdk-linux/platform-tools/adb -s 1f3497d7 uninstall io.appium.settings - [utils.test_utils.CommandLineExecutor.execCommand(CommandLineExecutor.java:56)]
    16:43:54.499 696033 INFO  - executing command : bash -c /home/manikrishna/android-sdk-linux/platform-tools/adb -s 1f3497d7 uninstall io.appium.android.ime - [utils.test_utils.CommandLineExecutor.execCommand(CommandLineExecutor.java:56)]
    16:43:54.499 696033 INFO  - executing command : bash -c /home/manikrishna/android-sdk-linux/platform-tools/adb -s 1f3497d7 uninstall io.appium.unlock - [utils.test_utils.CommandLineExecutor.execCommand(CommandLineExecutor.java:56)]
    16:43:54.977 696511 INFO  - uninstalling app package 'io.appium.settings' from device '1f3497d7' successful ? true - [utils.ui.ADBUtils.uninstallApp(ADBUtils.java:276)]
    16:43:55.281 696815 INFO  - uninstalling app package 'io.appium.android.ime' from device '1f3497d7' successful ? true - [utils.ui.ADBUtils.uninstallApp(ADBUtils.java:276)]
    16:43:55.580 697114 INFO  - uninstalling app package 'io.appium.uiautomator2.server.test' from device '1f3497d7' successful ? true - [utils.ui.ADBUtils.uninstallApp(ADBUtils.java:276)]
    16:43:55.923 697457 INFO  - uninstalling app package 'io.appium.uiautomator2.server' from device '1f3497d7' successful ? true - [utils.ui.ADBUtils.uninstallApp(ADBUtils.java:276)]
    16:43:56.282 697816 INFO  - uninstalling app package 'io.appium.unlock' from device '1f3497d7' successful ? true - [utils.ui.ADBUtils.uninstallApp(ADBUtils.java:276)]
    [AndroidDriver] setDeviceLanguageCountry requires language or country.
    [AndroidDriver] Got language: 'null' and country: 'null'

Myntra Test Suite > Test Scenario STANDARD_ERROR
    Jul 02, 2018 4:44:28 PM io.appium.java_client.remote.AppiumCommandExecutor$1 lambda$0
    INFO: Detected dialect: OSS

Myntra Test Suite > Test Scenario STANDARD_OUT
    16:44:28.207 729741 INFO  - creating webdriver org.openqa.selenium.support.events.EventFiringWebDriver@243cafea for class com.myntra.scenarios.OnlineTest # saveToWishListAfterSearchAddFreeGiftApplycouponPlaceOrderUsingNetbanking - [utils.test_utils.BaseTest.setUp(BaseTest.java:176)]
    16:44:28.211 729745 ERROR - No Test Data provided for test name - saveToWishListAfterSearchAddFreeGiftApplycouponPlaceOrderUsingNetbanking - [core.central.SFCentral.getTestData(SFCentral.java:65)]
Executing test runOncePerMethod [com.myntra.scenarios.OnlineTest] with result: FAILURE

com.myntra.scenarios.OnlineTest.runOncePerMethod FAILED
    com.myntra.core.exceptions.NoTestDataException

Gradle Test Executor 1 STANDARD_OUT
    16:44:29.592 731126 INFO  - screenshot file name of exception: screenshots/skipped_onlinetest_savetowishlistaftersearchaddfre_VUNNpqNIKM.png - [utils.listeners.WebDriverListener.takeScreenshot(WebDriverListener.java:322)]
Executing test saveToWishListAfterSearchAddFreeGiftApplycouponPlaceOrderUsingNetbanking [com.myntra.scenarios.OnlineTest] with result: SKIPPED

Myntra Test Suite > Test Scenario > com.myntra.scenarios.OnlineTest.saveToWishListAfterSearchAddFreeGiftApplycouponPlaceOrderUsingNetbanking SKIPPED

Myntra Test Suite > Test Scenario STANDARD_OUT
    16:44:29.598 731132 INFO  - **************** Test 'com.myntra.scenarios.OnlineTest # saveToWishListAfterSearchAddFreeGiftApplycouponPlaceOrderUsingNetbanking' skipped in 0 minutes (0.0 seconds) **************** - [utils.listeners.TestExecutionListener.onTestSkipped(TestExecutionListener.java:158)]
    16:44:31.289 732823 INFO  - removing webdriver org.openqa.selenium.support.events.EventFiringWebDriver@243cafea for class com.myntra.scenarios.OnlineTest # saveToWishListAfterSearchAddFreeGiftApplycouponPlaceOrderUsingNetbanking - [utils.test_utils.BaseTest.closeDriver(BaseTest.java:253)]
    16:44:31.291 732825 INFO  - executing command : bash -c /home/manikrishna/android-sdk-linux/platform-tools/adb -s 1f3497d7 shell pm path 'com.myntra.android' | wc -l - [utils.test_utils.CommandLineExecutor.execCommand(CommandLineExecutor.java:56)]
    16:44:31.657 733191 INFO  - executing command : bash -c /home/manikrishna/android-sdk-linux/platform-tools/adb -s 1f3497d7 uninstall com.myntra.android - [utils.test_utils.CommandLineExecutor.execCommand(CommandLineExecutor.java:56)]
    16:44:31.698 733232 INFO  - uninstalling app package 'com.myntra.android' from device '1f3497d7' successful ? false - [utils.ui.ADBUtils.uninstallApp(ADBUtils.java:276)]
    16:44:31.699 733233 INFO  - executing command : bash -c fuser -k 4740/tcp - [utils.test_utils.CommandLineExecutor.execCommand(CommandLineExecutor.java:56)]
    16:44:31.899 733433 INFO  - executing command : bash -c fuser -k 4840/tcp - [utils.test_utils.CommandLineExecutor.execCommand(CommandLineExecutor.java:56)]
    16:44:32.091 733625 INFO  - executing command : bash -c fuser -k 4640/tcp - [utils.test_utils.CommandLineExecutor.execCommand(CommandLineExecutor.java:56)]
    16:44:32.288 733822 INFO  - executing command : bash -c fuser -k 4940/tcp - [utils.test_utils.CommandLineExecutor.execCommand(CommandLineExecutor.java:56)]
    16:44:32.480 734014 INFO  - executing command : bash -c /home/manikrishna/android-sdk-linux/platform-tools/adb -s 1f3497d7 shell dumpsys package com.android.chrome | grep -iE '(versionName=)([0-9\.]+)' - [utils.test_utils.CommandLineExecutor.execCommand(CommandLineExecutor.java:56)]
    16:44:32.558 734092 INFO  - chrome browser version found on device '1f3497d7' => 67.0.3396.87 - [utils.ui.ServiceFactory.getDeviceChromeVersion(ServiceFactory.java:174)]
    16:44:32.754 734288 INFO  - chrome driver path => /home/manikrishna/Projects/moolya-ui-automation/src/test/resources/driver/chrome/2.40/linux_64 - [myntra.ui.DriverFactory.getDriverExecutable(DriverFactory.java:299)]
    (node:31619) [DEP0005] DeprecationWarning: Buffer() is deprecated due to security and usability issues. Please use the Buffer.alloc(), Buffer.allocUnsafe(), or Buffer.from() methods instead.
    16:44:35.027 736561 INFO  - appium session started for device '1f3497d7' at http://0.0.0.0:4740/wd/hub and writing logs to 'logs/appium/1f3497d7_wxeSHC.log' - [utils.ui.ServiceFactory.startAppiumService(ServiceFactory.java:133)]
    16:44:35.027 736561 INFO  - executing command : bash -c /home/manikrishna/android-sdk-linux/platform-tools/adb -s 1f3497d7 shell pm list packages -f | grep -i 'io.appium' - [utils.test_utils.CommandLineExecutor.execCommand(CommandLineExecutor.java:56)]
    16:44:35.438 736972 INFO  - executing command : bash -c /home/manikrishna/android-sdk-linux/platform-tools/adb -s 1f3497d7 uninstall io.appium.uiautomator2.server.test - [utils.test_utils.CommandLineExecutor.execCommand(CommandLineExecutor.java:56)]
    16:44:35.438 736972 INFO  - executing command : bash -c /home/manikrishna/android-sdk-linux/platform-tools/adb -s 1f3497d7 uninstall io.appium.unlock - [utils.test_utils.CommandLineExecutor.execCommand(CommandLineExecutor.java:56)]
    16:44:35.438 736972 INFO  - executing command : bash -c /home/manikrishna/android-sdk-linux/platform-tools/adb -s 1f3497d7 uninstall io.appium.uiautomator2.server - [utils.test_utils.CommandLineExecutor.execCommand(CommandLineExecutor.java:56)]
    16:44:35.438 736972 INFO  - executing command : bash -c /home/manikrishna/android-sdk-linux/platform-tools/adb -s 1f3497d7 uninstall io.appium.settings - [utils.test_utils.CommandLineExecutor.execCommand(CommandLineExecutor.java:56)]
    16:44:35.438 736972 INFO  - executing command : bash -c /home/manikrishna/android-sdk-linux/platform-tools/adb -s 1f3497d7 uninstall io.appium.android.ime - [utils.test_utils.CommandLineExecutor.execCommand(CommandLineExecutor.java:56)]
    16:44:35.922 737456 INFO  - uninstalling app package 'io.appium.unlock' from device '1f3497d7' successful ? true - [utils.ui.ADBUtils.uninstallApp(ADBUtils.java:276)]
    16:44:36.238 737772 INFO  - uninstalling app package 'io.appium.uiautomator2.server.test' from device '1f3497d7' successful ? true - [utils.ui.ADBUtils.uninstallApp(ADBUtils.java:276)]
    16:44:36.670 738204 INFO  - uninstalling app package 'io.appium.uiautomator2.server' from device '1f3497d7' successful ? true - [utils.ui.ADBUtils.uninstallApp(ADBUtils.java:276)]
    16:44:37.081 738615 INFO  - uninstalling app package 'io.appium.settings' from device '1f3497d7' successful ? true - [utils.ui.ADBUtils.uninstallApp(ADBUtils.java:276)]
    16:44:37.437 738971 INFO  - uninstalling app package 'io.appium.android.ime' from device '1f3497d7' successful ? true - [utils.ui.ADBUtils.uninstallApp(ADBUtils.java:276)]
    [AndroidDriver] setDeviceLanguageCountry requires language or country.
    [AndroidDriver] Got language: 'null' and country: 'null'

Myntra Test Suite > Test Scenario STANDARD_ERROR
    Jul 02, 2018 4:45:10 PM io.appium.java_client.remote.AppiumCommandExecutor$1 lambda$0
    INFO: Detected dialect: OSS

Myntra Test Suite > Test Scenario STANDARD_OUT
    16:45:10.507 772041 INFO  - creating webdriver org.openqa.selenium.support.events.EventFiringWebDriver@1db94eb5 for class com.myntra.scenarios.OnlineTest # saveToWishlistEmptyWishlistGiftWrapEditAddressPayUsingOnline - [utils.test_utils.BaseTest.setUp(BaseTest.java:176)]
    16:45:10.509 772043 ERROR - No Test Data provided for test name - saveToWishlistEmptyWishlistGiftWrapEditAddressPayUsingOnline - [core.central.SFCentral.getTestData(SFCentral.java:65)]
Executing test runOncePerMethod [com.myntra.scenarios.OnlineTest] with result: FAILURE

com.myntra.scenarios.OnlineTest.runOncePerMethod FAILED
    com.myntra.core.exceptions.NoTestDataException

Gradle Test Executor 1 STANDARD_OUT
    16:45:16.069 777603 INFO  - screenshot file name of exception: screenshots/skipped_onlinetest_savetowishlistemptywishlistgift_glbbFXAStl.png - [utils.listeners.WebDriverListener.takeScreenshot(WebDriverListener.java:322)]
Executing test saveToWishlistEmptyWishlistGiftWrapEditAddressPayUsingOnline [com.myntra.scenarios.OnlineTest] with result: SKIPPED

Myntra Test Suite > Test Scenario > com.myntra.scenarios.OnlineTest.saveToWishlistEmptyWishlistGiftWrapEditAddressPayUsingOnline SKIPPED

Myntra Test Suite > Test Scenario STANDARD_OUT
    16:45:16.073 777607 INFO  - **************** Test 'com.myntra.scenarios.OnlineTest # saveToWishlistEmptyWishlistGiftWrapEditAddressPayUsingOnline' skipped in 0 minutes (0.0 seconds) **************** - [utils.listeners.TestExecutionListener.onTestSkipped(TestExecutionListener.java:158)]
    16:45:17.797 779331 INFO  - removing webdriver org.openqa.selenium.support.events.EventFiringWebDriver@1db94eb5 for class com.myntra.scenarios.OnlineTest # saveToWishlistEmptyWishlistGiftWrapEditAddressPayUsingOnline - [utils.test_utils.BaseTest.closeDriver(BaseTest.java:253)]
    16:45:17.799 779333 INFO  - executing command : bash -c /home/manikrishna/android-sdk-linux/platform-tools/adb -s 1f3497d7 shell pm path 'com.myntra.android' | wc -l - [utils.test_utils.CommandLineExecutor.execCommand(CommandLineExecutor.java:56)]
    16:45:18.172 779706 INFO  - executing command : bash -c /home/manikrishna/android-sdk-linux/platform-tools/adb -s 1f3497d7 uninstall com.myntra.android - [utils.test_utils.CommandLineExecutor.execCommand(CommandLineExecutor.java:56)]
    16:45:18.219 779753 INFO  - uninstalling app package 'com.myntra.android' from device '1f3497d7' successful ? false - [utils.ui.ADBUtils.uninstallApp(ADBUtils.java:276)]
    16:45:18.221 779755 INFO  - executing command : bash -c fuser -k 4741/tcp - [utils.test_utils.CommandLineExecutor.execCommand(CommandLineExecutor.java:56)]
    16:45:18.413 779947 INFO  - executing command : bash -c fuser -k 4841/tcp - [utils.test_utils.CommandLineExecutor.execCommand(CommandLineExecutor.java:56)]
    16:45:18.609 780143 INFO  - executing command : bash -c fuser -k 4641/tcp - [utils.test_utils.CommandLineExecutor.execCommand(CommandLineExecutor.java:56)]
    16:45:18.789 780323 INFO  - executing command : bash -c fuser -k 4941/tcp - [utils.test_utils.CommandLineExecutor.execCommand(CommandLineExecutor.java:56)]
    16:45:18.973 780507 INFO  - executing command : bash -c /home/manikrishna/android-sdk-linux/platform-tools/adb -s 1f3497d7 shell dumpsys package com.android.chrome | grep -iE '(versionName=)([0-9\.]+)' - [utils.test_utils.CommandLineExecutor.execCommand(CommandLineExecutor.java:56)]
    16:45:19.050 780584 INFO  - chrome browser version found on device '1f3497d7' => 67.0.3396.87 - [utils.ui.ServiceFactory.getDeviceChromeVersion(ServiceFactory.java:174)]
    16:45:19.479 781013 INFO  - chrome driver path => /home/manikrishna/Projects/moolya-ui-automation/src/test/resources/driver/chrome/2.40/linux_64 - [myntra.ui.DriverFactory.getDriverExecutable(DriverFactory.java:299)]
    (node:32008) [DEP0005] DeprecationWarning: Buffer() is deprecated due to security and usability issues. Please use the Buffer.alloc(), Buffer.allocUnsafe(), or Buffer.from() methods instead.
    16:45:21.745 783279 INFO  - appium session started for device '1f3497d7' at http://0.0.0.0:4741/wd/hub and writing logs to 'logs/appium/1f3497d7_nM66NX.log' - [utils.ui.ServiceFactory.startAppiumService(ServiceFactory.java:133)]
    16:45:21.745 783279 INFO  - executing command : bash -c /home/manikrishna/android-sdk-linux/platform-tools/adb -s 1f3497d7 shell pm list packages -f | grep -i 'io.appium' - [utils.test_utils.CommandLineExecutor.execCommand(CommandLineExecutor.java:56)]
    16:45:22.142 783676 INFO  - executing command : bash -c /home/manikrishna/android-sdk-linux/platform-tools/adb -s 1f3497d7 uninstall io.appium.uiautomator2.server.test - [utils.test_utils.CommandLineExecutor.execCommand(CommandLineExecutor.java:56)]
    16:45:22.142 783676 INFO  - executing command : bash -c /home/manikrishna/android-sdk-linux/platform-tools/adb -s 1f3497d7 uninstall io.appium.android.ime - [utils.test_utils.CommandLineExecutor.execCommand(CommandLineExecutor.java:56)]
    16:45:22.142 783676 INFO  - executing command : bash -c /home/manikrishna/android-sdk-linux/platform-tools/adb -s 1f3497d7 uninstall io.appium.uiautomator2.server - [utils.test_utils.CommandLineExecutor.execCommand(CommandLineExecutor.java:56)]
    16:45:22.142 783676 INFO  - executing command : bash -c /home/manikrishna/android-sdk-linux/platform-tools/adb -s 1f3497d7 uninstall io.appium.settings - [utils.test_utils.CommandLineExecutor.execCommand(CommandLineExecutor.java:56)]
    16:45:22.142 783676 INFO  - executing command : bash -c /home/manikrishna/android-sdk-linux/platform-tools/adb -s 1f3497d7 uninstall io.appium.unlock - [utils.test_utils.CommandLineExecutor.execCommand(CommandLineExecutor.java:56)]
    16:45:22.606 784140 INFO  - uninstalling app package 'io.appium.android.ime' from device '1f3497d7' successful ? true - [utils.ui.ADBUtils.uninstallApp(ADBUtils.java:276)]
    16:45:22.921 784455 INFO  - uninstalling app package 'io.appium.uiautomator2.server.test' from device '1f3497d7' successful ? true - [utils.ui.ADBUtils.uninstallApp(ADBUtils.java:276)]
    16:45:23.222 784756 INFO  - uninstalling app package 'io.appium.unlock' from device '1f3497d7' successful ? true - [utils.ui.ADBUtils.uninstallApp(ADBUtils.java:276)]
    16:45:23.519 785053 INFO  - uninstalling app package 'io.appium.uiautomator2.server' from device '1f3497d7' successful ? true - [utils.ui.ADBUtils.uninstallApp(ADBUtils.java:276)]
    16:45:23.820 785354 INFO  - uninstalling app package 'io.appium.settings' from device '1f3497d7' successful ? true - [utils.ui.ADBUtils.uninstallApp(ADBUtils.java:276)]
    [AndroidDriver] setDeviceLanguageCountry requires language or country.
    [AndroidDriver] Got language: 'null' and country: 'null'

Myntra Test Suite > Test Scenario STANDARD_ERROR
    Jul 02, 2018 4:45:56 PM io.appium.java_client.remote.AppiumCommandExecutor$1 lambda$0
    INFO: Detected dialect: OSS

Myntra Test Suite > Test Scenario STANDARD_OUT
    16:45:56.246 817780 INFO  - creating webdriver org.openqa.selenium.support.events.EventFiringWebDriver@5653430 for class com.myntra.scenarios.OnlineTest # searchSaveContactUsBuyOneGetOneAddNewAddressOfficePhonePe - [utils.test_utils.BaseTest.setUp(BaseTest.java:176)]
    16:45:56.247 817781 ERROR - No Test Data provided for test name - searchSaveContactUsBuyOneGetOneAddNewAddressOfficePhonePe - [core.central.SFCentral.getTestData(SFCentral.java:65)]
Executing test runOncePerMethod [com.myntra.scenarios.OnlineTest] with result: FAILURE

com.myntra.scenarios.OnlineTest.runOncePerMethod FAILED
    com.myntra.core.exceptions.NoTestDataException

Gradle Test Executor 1 STANDARD_OUT
    16:45:59.162 820696 INFO  - screenshot file name of exception: screenshots/skipped_onlinetest_searchsavecontactusbuyonegetone_Vi9EFEpnHW.png - [utils.listeners.WebDriverListener.takeScreenshot(WebDriverListener.java:322)]
Executing test searchSaveContactUsBuyOneGetOneAddNewAddressOfficePhonePe [com.myntra.scenarios.OnlineTest] with result: SKIPPED

Myntra Test Suite > Test Scenario > com.myntra.scenarios.OnlineTest.searchSaveContactUsBuyOneGetOneAddNewAddressOfficePhonePe SKIPPED

Myntra Test Suite > Test Scenario STANDARD_OUT
    16:45:59.164 820698 INFO  - **************** Test 'com.myntra.scenarios.OnlineTest # searchSaveContactUsBuyOneGetOneAddNewAddressOfficePhonePe' skipped in 0 minutes (0.0 seconds) **************** - [utils.listeners.TestExecutionListener.onTestSkipped(TestExecutionListener.java:158)]
    16:46:00.850 822384 INFO  - removing webdriver org.openqa.selenium.support.events.EventFiringWebDriver@5653430 for class com.myntra.scenarios.OnlineTest # searchSaveContactUsBuyOneGetOneAddNewAddressOfficePhonePe - [utils.test_utils.BaseTest.closeDriver(BaseTest.java:253)]
    16:46:00.853 822387 INFO  - executing command : bash -c /home/manikrishna/android-sdk-linux/platform-tools/adb -s 1f3497d7 shell pm path 'com.myntra.android' | wc -l - [utils.test_utils.CommandLineExecutor.execCommand(CommandLineExecutor.java:56)]
    16:46:01.194 822728 INFO  - executing command : bash -c /home/manikrishna/android-sdk-linux/platform-tools/adb -s 1f3497d7 uninstall com.myntra.android - [utils.test_utils.CommandLineExecutor.execCommand(CommandLineExecutor.java:56)]
    16:46:01.243 822777 INFO  - uninstalling app package 'com.myntra.android' from device '1f3497d7' successful ? false - [utils.ui.ADBUtils.uninstallApp(ADBUtils.java:276)]
    16:46:01.244 822778 INFO  - executing command : bash -c fuser -k 4742/tcp - [utils.test_utils.CommandLineExecutor.execCommand(CommandLineExecutor.java:56)]
    16:46:01.408 822942 INFO  - executing command : bash -c fuser -k 4842/tcp - [utils.test_utils.CommandLineExecutor.execCommand(CommandLineExecutor.java:56)]
    16:46:01.554 823088 INFO  - executing command : bash -c fuser -k 4642/tcp - [utils.test_utils.CommandLineExecutor.execCommand(CommandLineExecutor.java:56)]
    16:46:01.701 823235 INFO  - executing command : bash -c fuser -k 4942/tcp - [utils.test_utils.CommandLineExecutor.execCommand(CommandLineExecutor.java:56)]
    16:46:01.866 823400 INFO  - executing command : bash -c /home/manikrishna/android-sdk-linux/platform-tools/adb -s 1f3497d7 shell dumpsys package com.android.chrome | grep -iE '(versionName=)([0-9\.]+)' - [utils.test_utils.CommandLineExecutor.execCommand(CommandLineExecutor.java:56)]
    16:46:01.948 823482 INFO  - chrome browser version found on device '1f3497d7' => 67.0.3396.87 - [utils.ui.ServiceFactory.getDeviceChromeVersion(ServiceFactory.java:174)]
    16:46:02.073 823607 INFO  - chrome driver path => /home/manikrishna/Projects/moolya-ui-automation/src/test/resources/driver/chrome/2.40/linux_64 - [myntra.ui.DriverFactory.getDriverExecutable(DriverFactory.java:299)]
    (node:32392) [DEP0005] DeprecationWarning: Buffer() is deprecated due to security and usability issues. Please use the Buffer.alloc(), Buffer.allocUnsafe(), or Buffer.from() methods instead.
    16:46:04.340 825874 INFO  - appium session started for device '1f3497d7' at http://0.0.0.0:4742/wd/hub and writing logs to 'logs/appium/1f3497d7_ihhUgd.log' - [utils.ui.ServiceFactory.startAppiumService(ServiceFactory.java:133)]
    16:46:04.341 825875 INFO  - executing command : bash -c /home/manikrishna/android-sdk-linux/platform-tools/adb -s 1f3497d7 shell pm list packages -f | grep -i 'io.appium' - [utils.test_utils.CommandLineExecutor.execCommand(CommandLineExecutor.java:56)]
    16:46:04.718 826252 INFO  - executing command : bash -c /home/manikrishna/android-sdk-linux/platform-tools/adb -s 1f3497d7 uninstall io.appium.uiautomator2.server.test - [utils.test_utils.CommandLineExecutor.execCommand(CommandLineExecutor.java:56)]
    16:46:04.719 826253 INFO  - executing command : bash -c /home/manikrishna/android-sdk-linux/platform-tools/adb -s 1f3497d7 uninstall io.appium.unlock - [utils.test_utils.CommandLineExecutor.execCommand(CommandLineExecutor.java:56)]
    16:46:04.719 826253 INFO  - executing command : bash -c /home/manikrishna/android-sdk-linux/platform-tools/adb -s 1f3497d7 uninstall io.appium.android.ime - [utils.test_utils.CommandLineExecutor.execCommand(CommandLineExecutor.java:56)]
    16:46:04.719 826253 INFO  - executing command : bash -c /home/manikrishna/android-sdk-linux/platform-tools/adb -s 1f3497d7 uninstall io.appium.uiautomator2.server - [utils.test_utils.CommandLineExecutor.execCommand(CommandLineExecutor.java:56)]
    16:46:04.719 826253 INFO  - executing command : bash -c /home/manikrishna/android-sdk-linux/platform-tools/adb -s 1f3497d7 uninstall io.appium.settings - [utils.test_utils.CommandLineExecutor.execCommand(CommandLineExecutor.java:56)]
    16:46:05.243 826777 INFO  - uninstalling app package 'io.appium.uiautomator2.server.test' from device '1f3497d7' successful ? true - [utils.ui.ADBUtils.uninstallApp(ADBUtils.java:276)]
    16:46:05.571 827105 INFO  - uninstalling app package 'io.appium.unlock' from device '1f3497d7' successful ? true - [utils.ui.ADBUtils.uninstallApp(ADBUtils.java:276)]
    16:46:05.890 827424 INFO  - uninstalling app package 'io.appium.uiautomator2.server' from device '1f3497d7' successful ? true - [utils.ui.ADBUtils.uninstallApp(ADBUtils.java:276)]
    16:46:06.194 827728 INFO  - uninstalling app package 'io.appium.android.ime' from device '1f3497d7' successful ? true - [utils.ui.ADBUtils.uninstallApp(ADBUtils.java:276)]
    16:46:06.504 828038 INFO  - uninstalling app package 'io.appium.settings' from device '1f3497d7' successful ? true - [utils.ui.ADBUtils.uninstallApp(ADBUtils.java:276)]
    [AndroidDriver] setDeviceLanguageCountry requires language or country.
    [AndroidDriver] Got language: 'null' and country: 'null'

Myntra Test Suite > Test Scenario STANDARD_ERROR
    Jul 02, 2018 4:46:38 PM io.appium.java_client.remote.AppiumCommandExecutor$1 lambda$0
    INFO: Detected dialect: OSS

Myntra Test Suite > Test Scenario STANDARD_OUT
    16:46:38.497 860031 INFO  - creating webdriver org.openqa.selenium.support.events.EventFiringWebDriver@52d88b02 for class com.myntra.scenarios.OnlineTest # searchSaveProductSelectSizeChartApplyCouponVerifyFreeGiftAddAndEditAddressPAyUsingNetBanking - [utils.test_utils.BaseTest.setUp(BaseTest.java:176)]
    16:46:38.499 860033 ERROR - No Test Data provided for test name - searchSaveProductSelectSizeChartApplyCouponVerifyFreeGiftAddAndEditAddressPAyUsingNetBanking - [core.central.SFCentral.getTestData(SFCentral.java:65)]
Executing test runOncePerMethod [com.myntra.scenarios.OnlineTest] with result: FAILURE

com.myntra.scenarios.OnlineTest.runOncePerMethod FAILED
    com.myntra.core.exceptions.NoTestDataException

Gradle Test Executor 1 STANDARD_OUT
    16:46:42.270 863804 INFO  - screenshot file name of exception: screenshots/skipped_onlinetest_searchsaveproductselectsizechar_HZSai6vGho.png - [utils.listeners.WebDriverListener.takeScreenshot(WebDriverListener.java:322)]
Executing test searchSaveProductSelectSizeChartApplyCouponVerifyFreeGiftAddAndEditAddressPAyUsingNetBanking [com.myntra.scenarios.OnlineTest] with result: SKIPPED

Myntra Test Suite > Test Scenario > com.myntra.scenarios.OnlineTest.searchSaveProductSelectSizeChartApplyCouponVerifyFreeGiftAddAndEditAddressPAyUsingNetBanking SKIPPED

Myntra Test Suite > Test Scenario STANDARD_OUT
    16:46:42.271 863805 INFO  - **************** Test 'com.myntra.scenarios.OnlineTest # searchSaveProductSelectSizeChartApplyCouponVerifyFreeGiftAddAndEditAddressPAyUsingNetBanking' skipped in 0 minutes (0.0 seconds) **************** - [utils.listeners.TestExecutionListener.onTestSkipped(TestExecutionListener.java:158)]
    16:46:43.953 865487 INFO  - removing webdriver org.openqa.selenium.support.events.EventFiringWebDriver@52d88b02 for class com.myntra.scenarios.OnlineTest # searchSaveProductSelectSizeChartApplyCouponVerifyFreeGiftAddAndEditAddressPAyUsingNetBanking - [utils.test_utils.BaseTest.closeDriver(BaseTest.java:253)]
    16:46:43.954 865488 INFO  - executing command : bash -c /home/manikrishna/android-sdk-linux/platform-tools/adb -s 1f3497d7 shell pm path 'com.myntra.android' | wc -l - [utils.test_utils.CommandLineExecutor.execCommand(CommandLineExecutor.java:56)]
    16:46:44.321 865855 INFO  - executing command : bash -c /home/manikrishna/android-sdk-linux/platform-tools/adb -s 1f3497d7 uninstall com.myntra.android - [utils.test_utils.CommandLineExecutor.execCommand(CommandLineExecutor.java:56)]
    16:46:44.367 865901 INFO  - uninstalling app package 'com.myntra.android' from device '1f3497d7' successful ? false - [utils.ui.ADBUtils.uninstallApp(ADBUtils.java:276)]
    16:46:44.368 865902 INFO  - executing command : bash -c fuser -k 4743/tcp - [utils.test_utils.CommandLineExecutor.execCommand(CommandLineExecutor.java:56)]
    16:46:44.513 866047 INFO  - executing command : bash -c fuser -k 4843/tcp - [utils.test_utils.CommandLineExecutor.execCommand(CommandLineExecutor.java:56)]
    16:46:44.655 866189 INFO  - executing command : bash -c fuser -k 4643/tcp - [utils.test_utils.CommandLineExecutor.execCommand(CommandLineExecutor.java:56)]
    16:46:44.793 866327 INFO  - executing command : bash -c fuser -k 4943/tcp - [utils.test_utils.CommandLineExecutor.execCommand(CommandLineExecutor.java:56)]
    16:46:44.932 866466 INFO  - executing command : bash -c /home/manikrishna/android-sdk-linux/platform-tools/adb -s 1f3497d7 shell dumpsys package com.android.chrome | grep -iE '(versionName=)([0-9\.]+)' - [utils.test_utils.CommandLineExecutor.execCommand(CommandLineExecutor.java:56)]
    16:46:45.003 866537 INFO  - chrome browser version found on device '1f3497d7' => 67.0.3396.87 - [utils.ui.ServiceFactory.getDeviceChromeVersion(ServiceFactory.java:174)]
    16:46:45.185 866719 INFO  - chrome driver path => /home/manikrishna/Projects/moolya-ui-automation/src/test/resources/driver/chrome/2.40/linux_64 - [myntra.ui.DriverFactory.getDriverExecutable(DriverFactory.java:299)]
    (node:344) [DEP0005] DeprecationWarning: Buffer() is deprecated due to security and usability issues. Please use the Buffer.alloc(), Buffer.allocUnsafe(), or Buffer.from() methods instead.
    16:46:46.806 868340 INFO  - appium session started for device '1f3497d7' at http://0.0.0.0:4743/wd/hub and writing logs to 'logs/appium/1f3497d7_V8Z8oc.log' - [utils.ui.ServiceFactory.startAppiumService(ServiceFactory.java:133)]
    16:46:46.806 868340 INFO  - executing command : bash -c /home/manikrishna/android-sdk-linux/platform-tools/adb -s 1f3497d7 shell pm list packages -f | grep -i 'io.appium' - [utils.test_utils.CommandLineExecutor.execCommand(CommandLineExecutor.java:56)]
    16:46:47.178 868712 INFO  - executing command : bash -c /home/manikrishna/android-sdk-linux/platform-tools/adb -s 1f3497d7 uninstall io.appium.uiautomator2.server.test - [utils.test_utils.CommandLineExecutor.execCommand(CommandLineExecutor.java:56)]
    16:46:47.179 868713 INFO  - executing command : bash -c /home/manikrishna/android-sdk-linux/platform-tools/adb -s 1f3497d7 uninstall io.appium.android.ime - [utils.test_utils.CommandLineExecutor.execCommand(CommandLineExecutor.java:56)]
    16:46:47.179 868713 INFO  - executing command : bash -c /home/manikrishna/android-sdk-linux/platform-tools/adb -s 1f3497d7 uninstall io.appium.uiautomator2.server - [utils.test_utils.CommandLineExecutor.execCommand(CommandLineExecutor.java:56)]
    16:46:47.179 868713 INFO  - executing command : bash -c /home/manikrishna/android-sdk-linux/platform-tools/adb -s 1f3497d7 uninstall io.appium.unlock - [utils.test_utils.CommandLineExecutor.execCommand(CommandLineExecutor.java:56)]
    16:46:47.179 868713 INFO  - executing command : bash -c /home/manikrishna/android-sdk-linux/platform-tools/adb -s 1f3497d7 uninstall io.appium.settings - [utils.test_utils.CommandLineExecutor.execCommand(CommandLineExecutor.java:56)]
    16:46:47.703 869237 INFO  - uninstalling app package 'io.appium.uiautomator2.server.test' from device '1f3497d7' successful ? true - [utils.ui.ADBUtils.uninstallApp(ADBUtils.java:276)]
    16:46:48.050 869584 INFO  - uninstalling app package 'io.appium.unlock' from device '1f3497d7' successful ? true - [utils.ui.ADBUtils.uninstallApp(ADBUtils.java:276)]
    16:46:48.354 869888 INFO  - uninstalling app package 'io.appium.settings' from device '1f3497d7' successful ? true - [utils.ui.ADBUtils.uninstallApp(ADBUtils.java:276)]
    16:46:48.630 870164 INFO  - uninstalling app package 'io.appium.android.ime' from device '1f3497d7' successful ? true - [utils.ui.ADBUtils.uninstallApp(ADBUtils.java:276)]
    16:46:48.925 870459 INFO  - uninstalling app package 'io.appium.uiautomator2.server' from device '1f3497d7' successful ? true - [utils.ui.ADBUtils.uninstallApp(ADBUtils.java:276)]
    [AndroidDriver] setDeviceLanguageCountry requires language or country.
    [AndroidDriver] Got language: 'null' and country: 'null'
