Starting a Gradle Daemon (subsequent builds will be faster)
Including tests in group - test
Excluding tests in group - wip-ios
Delete build / logs / out / test-output / allure-results directories, IF they exist

Gradle Test Executor 1 STANDARD_ERROR
    SLF4J: Failed to load class "org.slf4j.impl.StaticLoggerBinder".
    SLF4J: Defaulting to no-operation (NOP) logger implementation
    SLF4J: See http://www.slf4j.org/codes.html#StaticLoggerBinder for further details.

Gradle Test Executor 1 STANDARD_OUT
    11:37:55.053 1    INFO  - Configurations are loaded from config.properties and default.properties, where config.properties taking preference - [utils.config.ConfigManager.<init>(ConfigManager.java:30)]
    [TestNG] [WARN] AnnotationTransformer already set
    ...
    ... TestNG 6.10 by CÃ©dric Beust (cedric@beust.com)
    ...

    11:37:55.227 175  INFO  - executing command : bash -c xcrun simctl list devices | grep -i booted - [utils.test_utils.CommandLineExecutor.execCommand(CommandLineExecutor.java:56)]
    11:37:55.477 425  ERROR - no connected emulated ios devices - [utils.ui.IOSUtil.getConnectedSimulators(IOSUtil.java:60)]
    11:37:55.478 426  INFO  - executing command : bash -c idevice_id -l - [utils.test_utils.CommandLineExecutor.execCommand(CommandLineExecutor.java:56)]
    11:37:55.491 439  INFO  - connected real ios devices => {c4f97fdf296cf8fb48c6edc438bb4b6da68954cd=Not Known} - [utils.ui.IOSUtil.getConnectedRealDevices(IOSUtil.java:196)]

Myntra Test Suite STANDARD_OUT
    11:37:55.794 742  INFO  - Refreshing org.springframework.context.support.ClassPathXmlApplicationContext@277f02e9: startup date [Thu Jul 05 11:37:55 IST 2018]; root of context hierarchy - [context.support.AbstractApplicationContext.prepareRefresh(AbstractApplicationContext.java:590)]
    11:37:55.894 842  INFO  - Loading XML bean definitions from URL [jar:file:/Users/300019226/.gradle/caches/modules-2/files-2.1/com.myntra.myntra-core-test-framework/myntra-core-automation-frmwk/2.0.2-RELEASE/4d11335e2a4c750f27963bf39768104f905ee786/myntra-core-automation-frmwk-2.0.2-RELEASE.jar!/db-config.xml] - [factory.xml.XmlBeanDefinitionReader.loadBeanDefinitions(XmlBeanDefinitionReader.java:316)]
    11:37:56.079 1027 ERROR - db-configuration.xml not found - [utils.db.DBUtilities.initializeDBUtils(DBUtilities.java:240)]
    11:37:56.080 1028 INFO  - running tests in parallel mode => none - [utils.test_utils.BaseTest.initBeforeSuite(BaseTest.java:114)]
    11:37:56.145 1093 INFO  - parallel thread count => 1 - [utils.listeners.TestExecutionListener.onStart(TestExecutionListener.java:55)]
    11:37:56.145 1093 INFO  - **************** test-context 'Test Scenario' started **************** - [utils.listeners.TestExecutionListener.onStart(TestExecutionListener.java:60)]
    About to begin executing Test Test Scenario
    About to begin executing Test Test Scenario

Myntra Test Suite > Test Scenario STANDARD_OUT
    11:37:56.152 1100 INFO  - Loading Test Data File at Path :: /Applications/MAMP/htdocs/REPO/testSuites/moolya-ui-automation/build/resources/test/data/sfqa/native_ios/testdata.ini - [core.central.SFCentral.registerContext(SFCentral.java:54)]

Myntra Test Suite > Test Scenario > com.myntra.scenarios.CasualUserTest STANDARD_OUT
    11:37:56.219 1167 INFO  - executing command : bash -c which appium - [utils.test_utils.CommandLineExecutor.execCommand(CommandLineExecutor.java:56)]
    11:37:56.230 1178 INFO  - executing command : bash -c which node - [utils.test_utils.CommandLineExecutor.execCommand(CommandLineExecutor.java:56)]
    11:37:56.240 1188 INFO  - directory 'logs/appium' created successfully - [utils.test_utils.FileUtils.createDirectoryIfNotExists(FileUtils.java:68)]
    11:37:56.241 1189 INFO  - executing command : bash -c lsof -nti:4723 | xargs kill -9 - [utils.test_utils.CommandLineExecutor.execCommand(CommandLineExecutor.java:56)]
    11:37:56.318 1266 INFO  - executing command : bash -c lsof -nti:4823 | xargs kill -9 - [utils.test_utils.CommandLineExecutor.execCommand(CommandLineExecutor.java:56)]
    11:37:56.387 1335 INFO  - executing command : bash -c lsof -nti:4623 | xargs kill -9 - [utils.test_utils.CommandLineExecutor.execCommand(CommandLineExecutor.java:56)]
    11:38:00.195 5143 INFO  - appium session started for device 'c4f97fdf296cf8fb48c6edc438bb4b6da68954cd' at http://0.0.0.0:4723/wd/hub and writing logs to 'logs/appium/c4f97fdf296cf8fb48c6edc438bb4b6da68954cd_RL0paa.log' - [utils.ui.ServiceFactory.startAppiumService(ServiceFactory.java:134)]
    [BaseDriver] ["loggingPrefs"] are not standard capabilities and should have an extension prefix
    [BaseDriver] The following capabilities were provided, but are not recognized by appium: loggingPrefs.
    [XCUITest] The capabilities 'autoAcceptAlerts' and 'autoDismissAlerts' do not work for XCUITest-based tests. Please adjust your alert handling accordingly.
    [XCUITest] Error: Could not install app: 'Command 'ios-deploy --id c4f97fdf296cf8fb48c6edc438bb4b6da68954cd --bundle /Applications/MAMP/htdocs/REPO/testSuites/moolya-ui-automation/src/test/resources/app/Myntra.app' exited with code 253'
        at IOSDeploy.install$ (/usr/local/lib/node_modules/appium/node_modules/appium-xcuitest-driver/lib/ios-deploy.js:40:13)
        at tryCatch (/usr/local/lib/node_modules/appium/node_modules/babel-runtime/regenerator/runtime.js:67:40)
        at GeneratorFunctionPrototype.invoke [as _invoke] (/usr/local/lib/node_modules/appium/node_modules/babel-runtime/regenerator/runtime.js:315:22)
        at GeneratorFunctionPrototype.prototype.(anonymous function) [as throw] (/usr/local/lib/node_modules/appium/node_modules/babel-runtime/regenerator/runtime.js:100:21)
        at GeneratorFunctionPrototype.invoke (/usr/local/lib/node_modules/appium/node_modules/babel-runtime/regenerator/runtime.js:136:37)
        at <anonymous>
     Error: Could not install app: 'Command 'ios-deploy --id c4f97fdf296cf8fb48c6edc438bb4b6da68954cd --bundle /Applications/MAMP/htdocs/REPO/testSuites/moolya-ui-automation/src/test/resources/app/Myntra.app' exited with code 253'
        at IOSDeploy.install$ (/usr/local/lib/node_modules/appium/node_modules/appium-xcuitest-driver/lib/ios-deploy.js:40:13)
        at tryCatch (/usr/local/lib/node_modules/appium/node_modules/babel-runtime/regenerator/runtime.js:67:40)
        at GeneratorFunctionPrototype.invoke [as _invoke] (/usr/local/lib/node_modules/appium/node_modules/babel-runtime/regenerator/runtime.js:315:22)
        at GeneratorFunctionPrototype.prototype.(anonymous function) [as throw] (/usr/local/lib/node_modules/appium/node_modules/babel-runtime/regenerator/runtime.js:100:21)
        at GeneratorFunctionPrototype.invoke (/usr/local/lib/node_modules/appium/node_modules/babel-runtime/regenerator/runtime.js:136:37)
        at <anonymous>
    [MJSONWP] Encountered internal error running command: Error: Could not install app: 'Command 'ios-deploy --id c4f97fdf296cf8fb48c6edc438bb4b6da68954cd --bundle /Applications/MAMP/htdocs/REPO/testSuites/moolya-ui-automation/src/test/resources/app/Myntra.app' exited with code 253'
        at IOSDeploy.install$ (/usr/local/lib/node_modules/appium/node_modules/appium-xcuitest-driver/lib/ios-deploy.js:40:13)
        at tryCatch (/usr/local/lib/node_modules/appium/node_modules/babel-runtime/regenerator/runtime.js:67:40)
        at GeneratorFunctionPrototype.invoke [as _invoke] (/usr/local/lib/node_modules/appium/node_modules/babel-runtime/regenerator/runtime.js:315:22)
        at GeneratorFunctionPrototype.prototype.(anonymous function) [as throw] (/usr/local/lib/node_modules/appium/node_modules/babel-runtime/regenerator/runtime.js:100:21)
        at GeneratorFunctionPrototype.invoke (/usr/local/lib/node_modules/appium/node_modules/babel-runtime/regenerator/runtime.js:136:37)
        at <anonymous>
Executing test setUp [com.myntra.scenarios.CasualUserTest] with result: FAILURE

com.myntra.scenarios.CasualUserTest.setUp FAILED
    org.openqa.selenium.WebDriverException
        Caused by: java.lang.reflect.InvocationTargetException
            Caused by: org.openqa.selenium.WebDriverException

Gradle Test Executor 1 STANDARD_OUT
    11:38:24.283 29231 INFO  - Test Method Name Started :: addProductToCartAndAddAddress - [myntra.scenarios.SupportTest.runOncePerMethod(SupportTest.java:34)]
    11:38:24.284 29232 INFO  - Get Test Data for test - addProductToCartAndAddAddress - [core.central.SFCentral.getTestData(SFCentral.java:62)]
    11:38:24.284 29232 INFO  - Test: addProductToCartAndAddAddress :: Loaded 3 entries from data file - [core.central.SFCentral.getTestData(SFCentral.java:72)]
    11:38:24.285 29233 INFO  - Run test - addProductToCartAndAddAddress - with data - {UserName=vegasf_mt_00011@gmail.com, Password=myntra123, SearchItem=2008746} - [myntra.scenarios.SupportTest.runOncePerMethod(SupportTest.java:38)]
    11:38:24.287 29235 INFO  - Adding context for thread - 11 - [core.central.SessionContext.addContext(SessionContext.java:12)]
    11:38:24.287 29235 INFO  - Set up for test method [addProductToCartAndAddAddress] started. - [myntra.scenarios.SupportTest.runOncePerMethod(SupportTest.java:41)]
Executing test runOncePerMethod [com.myntra.scenarios.CasualUserTest] with result: FAILURE

com.myntra.scenarios.CasualUserTest.runOncePerMethod FAILED
    java.lang.NullPointerException

Gradle Test Executor 1 STANDARD_OUT
    11:38:24.486 29434 INFO  - **************** Test 'com.myntra.scenarios.CasualUserTest # addProductToCartAndAddAddress' started **************** - [utils.listeners.TestExecutionListener.onTestStart(TestExecutionListener.java:146)]

Myntra Test Suite > Test Scenario > com.myntra.scenarios.CasualUserTest.addProductToCartAndAddAddress STANDARD_OUT
    11:38:24.545 29493 INFO  - **************** Test 'com.myntra.scenarios.CasualUserTest # addProductToCartAndAddAddress' skipped in 0 minutes (0.0 seconds) **************** - [utils.listeners.TestExecutionListener.onTestSkipped(TestExecutionListener.java:168)]

Myntra Test Suite > Test Scenario > com.myntra.scenarios.CasualUserTest.addProductToCartAndAddAddress STANDARD_ERROR
    java.lang.NullPointerException: driver
    	at com.myntra.utils.listeners.WebDriverListener.takeScreenshot(WebDriverListener.java:325)
    	at com.myntra.utils.listeners.WebDriverListener.takeScreenshot(WebDriverListener.java:314)
    	at com.myntra.utils.listeners.WebDriverListener.onTestSkipped(WebDriverListener.java:238)
    	at org.testng.internal.Invoker.runTestListeners(Invoker.java:1708)
    	at org.testng.internal.Invoker.runTestListeners(Invoker.java:1699)
    	at org.testng.internal.Invoker.invokeMethod(Invoker.java:703)
    	at org.testng.internal.Invoker.invokeTestMethod(Invoker.java:851)
    	at org.testng.internal.Invoker.invokeTestMethods(Invoker.java:1177)
    	at org.testng.internal.TestMethodWorker.invokeTestMethods(TestMethodWorker.java:129)
    	at org.testng.internal.TestMethodWorker.run(TestMethodWorker.java:112)
    	at org.testng.TestRunner.privateRun(TestRunner.java:756)
    	at org.testng.TestRunner.run(TestRunner.java:610)
    	at org.testng.SuiteRunner.runTest(SuiteRunner.java:387)
    	at org.testng.SuiteRunner.runSequentially(SuiteRunner.java:382)
    	at org.testng.SuiteRunner.privateRun(SuiteRunner.java:340)
    	at org.testng.SuiteRunner.run(SuiteRunner.java:289)
    	at org.testng.SuiteRunnerWorker.runSuite(SuiteRunnerWorker.java:52)
    	at org.testng.SuiteRunnerWorker.run(SuiteRunnerWorker.java:86)
    	at org.testng.TestNG.runSuitesSequentially(TestNG.java:1293)
    	at org.testng.TestNG.runSuitesLocally(TestNG.java:1218)
    	at org.testng.TestNG.runSuites(TestNG.java:1133)
    	at org.testng.TestNG.run(TestNG.java:1104)
    	at org.gradle.api.internal.tasks.testing.testng.TestNGTestClassProcessor.runTests(TestNGTestClassProcessor.java:139)
    	at org.gradle.api.internal.tasks.testing.testng.TestNGTestClassProcessor.stop(TestNGTestClassProcessor.java:89)
    	at org.gradle.api.internal.tasks.testing.SuiteTestClassProcessor.stop(SuiteTestClassProcessor.java:61)
    	at sun.reflect.NativeMethodAccessorImpl.invoke0(Native Method)
    	at sun.reflect.NativeMethodAccessorImpl.invoke(NativeMethodAccessorImpl.java:62)
    	at sun.reflect.DelegatingMethodAccessorImpl.invoke(DelegatingMethodAccessorImpl.java:43)
    	at java.lang.reflect.Method.invoke(Method.java:498)
    	at org.gradle.internal.dispatch.ReflectionDispatch.dispatch(ReflectionDispatch.java:35)
    	at org.gradle.internal.dispatch.ReflectionDispatch.dispatch(ReflectionDispatch.java:24)
    	at org.gradle.internal.dispatch.ContextClassLoaderDispatch.dispatch(ContextClassLoaderDispatch.java:32)
    	at org.gradle.internal.dispatch.ProxyDispatchAdapter$DispatchingInvocationHandler.invoke(ProxyDispatchAdapter.java:93)
    	at com.sun.proxy.$Proxy1.stop(Unknown Source)
    	at org.gradle.api.internal.tasks.testing.worker.TestWorker.stop(TestWorker.java:123)
    	at sun.reflect.NativeMethodAccessorImpl.invoke0(Native Method)
    	at sun.reflect.NativeMethodAccessorImpl.invoke(NativeMethodAccessorImpl.java:62)
    	at sun.reflect.DelegatingMethodAccessorImpl.invoke(DelegatingMethodAccessorImpl.java:43)
    	at java.lang.reflect.Method.invoke(Method.java:498)
    	at org.gradle.internal.dispatch.ReflectionDispatch.dispatch(ReflectionDispatch.java:35)
    	at org.gradle.internal.dispatch.ReflectionDispatch.dispatch(ReflectionDispatch.java:24)
    	at org.gradle.internal.remote.internal.hub.MessageHubBackedObjectConnection$DispatchWrapper.dispatch(MessageHubBackedObjectConnection.java:155)
    	at org.gradle.internal.remote.internal.hub.MessageHubBackedObjectConnection$DispatchWrapper.dispatch(MessageHubBackedObjectConnection.java:137)
    	at org.gradle.internal.remote.internal.hub.MessageHub$Handler.run(MessageHub.java:404)
    	at org.gradle.internal.concurrent.ExecutorPolicy$CatchAndRecordFailures.onExecute(ExecutorPolicy.java:63)
    	at org.gradle.internal.concurrent.ManagedExecutorImpl$1.run(ManagedExecutorImpl.java:46)
    	at java.util.concurrent.ThreadPoolExecutor.runWorker(ThreadPoolExecutor.java:1149)
    	at java.util.concurrent.ThreadPoolExecutor$Worker.run(ThreadPoolExecutor.java:624)
    	at org.gradle.internal.concurrent.ThreadFactoryImpl$ManagedThreadRunnable.run(ThreadFactoryImpl.java:55)
    	at java.lang.Thread.run(Thread.java:748)
Executing test addProductToCartAndAddAddress [com.myntra.scenarios.CasualUserTest] with result: SKIPPED

Myntra Test Suite > Test Scenario > com.myntra.scenarios.CasualUserTest.addProductToCartAndAddAddress SKIPPED

Myntra Test Suite > Test Scenario STANDARD_OUT
    11:38:24.656 29604 INFO  - Removing context for thread - 11 - [core.central.SessionContext.remove(SessionContext.java:25)]
    11:38:24.658 29606 INFO  - removing webdriver null for class com.myntra.scenarios.CasualUserTest # addProductToCartAndAddAddress - [utils.test_utils.BaseTest.closeDriver(BaseTest.java:253)]
    Completed executing test Test Scenario
    Completed executing test Test Scenario

Myntra Test Suite STANDARD_OUT
    11:38:24.668 29616 INFO  - rest client , config , gson cleaned up. - [utils.test_utils.BaseTest.cleanUpAfterSuite(BaseTest.java:150)]
    11:38:24.668 29616 INFO  - DB connections are closed successfully. - [utils.test_utils.BaseTest.cleanUpAfterSuite(BaseTest.java:154)]

Gradle Test Executor 1 STANDARD_OUT
    11:38:24.694 29642 INFO  - adding environment details to allure report - [utils.listeners.WebDriverListener.onExecutionFinish(WebDriverListener.java:258)]
Report successfully generated to /Applications/MAMP/htdocs/REPO/testSuites/moolya-ui-automation/build/test-results/allure-reports

Deprecated Gradle features were used in this build, making it incompatible with Gradle 5.0.
See https://docs.gradle.org/4.8/userguide/command_line_interface.html#sec:command_line_warnings
7 actionable tasks: 6 executed, 1 up-to-date
