<html>
<head>
<title>TestNG:  ATSServiceTest</title>
<link href="../testng.css" rel="stylesheet" type="text/css" />
<link href="../my-testng.css" rel="stylesheet" type="text/css" />

<style type="text/css">
.log { display: none;} 
.stack-trace { display: none;} 
</style>
<script type="text/javascript">
<!--
function flip(e) {
  current = e.style.display;
  if (current == 'block') {
    e.style.display = 'none';
    return 0;
  }
  else {
    e.style.display = 'block';
    return 1;
  }
}

function toggleBox(szDivId, elem, msg1, msg2)
{
  var res = -1;  if (document.getElementById) {
    res = flip(document.getElementById(szDivId));
  }
  else if (document.all) {
    // this is the way old msie versions work
    res = flip(document.all[szDivId]);
  }
  if(elem) {
    if(res == 0) elem.innerHTML = msg1; else elem.innerHTML = msg2;
  }

}

function toggleAllBoxes() {
  if (document.getElementsByTagName) {
    d = document.getElementsByTagName('div');
    for (i = 0; i < d.length; i++) {
      if (d[i].className == 'log') {
        flip(d[i]);
      }
    }
  }
}

// -->
</script>

</head>
<body>
<h2 align='center'>ATSServiceTest</h2><table border='1' align="center">
<tr>
<td>Tests passed/Failed/Skipped:</td><td>93/19/0</td>
</tr><tr>
<td>Started on:</td><td>Fri May 18 10:21:06 IST 2018</td>
</tr>
<tr><td>Total time:</td><td>29 seconds (29120 ms)</td>
</tr><tr>
<td>Included groups:</td><td></td>
</tr><tr>
<td>Excluded groups:</td><td></td>
</tr>
</table><p/>
<small><i>(Hover the method name to see the test class name)</i></small><p/>
<table width='100%' border='1' class='invocation-failed'>
<tr><td colspan='4' align='center'><b>FAILED TESTS</b></td></tr>
<tr><td><b>Test method</b></td>
<td width="30%"><b>Exception</b></td>
<td width="10%"><b>Time (seconds)</b></td>
<td><b>Instance</b></td>
</tr>
<tr>
<td title='com.myntra.apiTests.portalservices.atsService.TestATSAPISV2.testAddressScoreWithoutClientID()'><b>testAddressScoreWithoutClientID</b><br>Test class: com.myntra.apiTests.portalservices.atsService.TestATSAPISV2</td>
<td><div><pre>java.lang.AssertionError: expected [400] but found [200]
	at com.myntra.apiTests.portalservices.atsService.TestATSAPISV2.testAddressScoreWithoutClientID(TestATSAPISV2.java:390)
... Removed 33 stack frames</pre></div><a href='#' onClick='toggleBox("stack-trace1433935153", this, "Click to show all stack frames", "Click to hide stack frames")'>Click to show all stack frames</a>
<div class='stack-trace' id='stack-trace1433935153'><pre>java.lang.AssertionError: expected [400] but found [200]
	at org.testng.Assert.fail(Assert.java:94)
	at org.testng.Assert.failNotEquals(Assert.java:513)
	at org.testng.Assert.assertEqualsImpl(Assert.java:135)
	at org.testng.Assert.assertEquals(Assert.java:116)
	at org.testng.Assert.assertEquals(Assert.java:389)
	at org.testng.Assert.assertEquals(Assert.java:399)
	at com.myntra.apiTests.portalservices.atsService.TestATSAPISV2.testAddressScoreWithoutClientID(TestATSAPISV2.java:390)
	at sun.reflect.NativeMethodAccessorImpl.invoke0(Native Method)
	at sun.reflect.NativeMethodAccessorImpl.invoke(NativeMethodAccessorImpl.java:62)
	at sun.reflect.DelegatingMethodAccessorImpl.invoke(DelegatingMethodAccessorImpl.java:43)
	at java.lang.reflect.Method.invoke(Method.java:498)
	at org.testng.internal.MethodInvocationHelper.invokeMethod(MethodInvocationHelper.java:86)
	at org.testng.internal.Invoker.invokeMethod(Invoker.java:643)
	at org.testng.internal.Invoker.invokeTestMethod(Invoker.java:820)
	at org.testng.internal.Invoker.invokeTestMethods(Invoker.java:1128)
	at org.testng.internal.TestMethodWorker.invokeTestMethods(TestMethodWorker.java:129)
	at org.testng.internal.TestMethodWorker.run(TestMethodWorker.java:112)
	at org.testng.TestRunner.privateRun(TestRunner.java:782)
	at org.testng.TestRunner.run(TestRunner.java:632)
	at org.testng.SuiteRunner.runTest(SuiteRunner.java:366)
	at org.testng.SuiteRunner.runSequentially(SuiteRunner.java:361)
	at org.testng.SuiteRunner.privateRun(SuiteRunner.java:319)
	at org.testng.SuiteRunner.run(SuiteRunner.java:268)
	at org.testng.SuiteRunnerWorker.runSuite(SuiteRunnerWorker.java:52)
	at org.testng.SuiteRunnerWorker.run(SuiteRunnerWorker.java:86)
	at org.testng.TestNG.runSuitesSequentially(TestNG.java:1244)
	at org.testng.TestNG.runSuitesLocally(TestNG.java:1169)
	at org.testng.TestNG.run(TestNG.java:1064)
	at org.apache.maven.surefire.testng.TestNGExecutor.run(TestNGExecutor.java:217)
	at org.apache.maven.surefire.testng.TestNGXmlTestSuite.execute(TestNGXmlTestSuite.java:84)
	at org.apache.maven.surefire.testng.TestNGProvider.invoke(TestNGProvider.java:92)
	at org.apache.maven.surefire.booter.ForkedBooter.invokeProviderInSameClassLoader(ForkedBooter.java:200)
	at org.apache.maven.surefire.booter.ForkedBooter.runSuitesInProcess(ForkedBooter.java:153)
	at org.apache.maven.surefire.booter.ForkedBooter.main(ForkedBooter.java:103)
</pre></div></td>
<td>0</td>
<td>com.myntra.apiTests.portalservices.atsService.TestATSAPISV2@8576fa0</td></tr>
<tr>
<td title='com.myntra.apiTests.portalservices.atsService.TestATSAPISV2.testGetATSDetailsWithoutClientID()'><b>testGetATSDetailsWithoutClientID</b><br>Test class: com.myntra.apiTests.portalservices.atsService.TestATSAPISV2</td>
<td><div><pre>java.lang.AssertionError: expected [400] but found [200]
	at com.myntra.apiTests.portalservices.atsService.TestATSAPISV2.testGetATSDetailsWithoutClientID(TestATSAPISV2.java:252)
... Removed 33 stack frames</pre></div><a href='#' onClick='toggleBox("stack-trace1586909395", this, "Click to show all stack frames", "Click to hide stack frames")'>Click to show all stack frames</a>
<div class='stack-trace' id='stack-trace1586909395'><pre>java.lang.AssertionError: expected [400] but found [200]
	at org.testng.Assert.fail(Assert.java:94)
	at org.testng.Assert.failNotEquals(Assert.java:513)
	at org.testng.Assert.assertEqualsImpl(Assert.java:135)
	at org.testng.Assert.assertEquals(Assert.java:116)
	at org.testng.Assert.assertEquals(Assert.java:389)
	at org.testng.Assert.assertEquals(Assert.java:399)
	at com.myntra.apiTests.portalservices.atsService.TestATSAPISV2.testGetATSDetailsWithoutClientID(TestATSAPISV2.java:252)
	at sun.reflect.NativeMethodAccessorImpl.invoke0(Native Method)
	at sun.reflect.NativeMethodAccessorImpl.invoke(NativeMethodAccessorImpl.java:62)
	at sun.reflect.DelegatingMethodAccessorImpl.invoke(DelegatingMethodAccessorImpl.java:43)
	at java.lang.reflect.Method.invoke(Method.java:498)
	at org.testng.internal.MethodInvocationHelper.invokeMethod(MethodInvocationHelper.java:86)
	at org.testng.internal.Invoker.invokeMethod(Invoker.java:643)
	at org.testng.internal.Invoker.invokeTestMethod(Invoker.java:820)
	at org.testng.internal.Invoker.invokeTestMethods(Invoker.java:1128)
	at org.testng.internal.TestMethodWorker.invokeTestMethods(TestMethodWorker.java:129)
	at org.testng.internal.TestMethodWorker.run(TestMethodWorker.java:112)
	at org.testng.TestRunner.privateRun(TestRunner.java:782)
	at org.testng.TestRunner.run(TestRunner.java:632)
	at org.testng.SuiteRunner.runTest(SuiteRunner.java:366)
	at org.testng.SuiteRunner.runSequentially(SuiteRunner.java:361)
	at org.testng.SuiteRunner.privateRun(SuiteRunner.java:319)
	at org.testng.SuiteRunner.run(SuiteRunner.java:268)
	at org.testng.SuiteRunnerWorker.runSuite(SuiteRunnerWorker.java:52)
	at org.testng.SuiteRunnerWorker.run(SuiteRunnerWorker.java:86)
	at org.testng.TestNG.runSuitesSequentially(TestNG.java:1244)
	at org.testng.TestNG.runSuitesLocally(TestNG.java:1169)
	at org.testng.TestNG.run(TestNG.java:1064)
	at org.apache.maven.surefire.testng.TestNGExecutor.run(TestNGExecutor.java:217)
	at org.apache.maven.surefire.testng.TestNGXmlTestSuite.execute(TestNGXmlTestSuite.java:84)
	at org.apache.maven.surefire.testng.TestNGProvider.invoke(TestNGProvider.java:92)
	at org.apache.maven.surefire.booter.ForkedBooter.invokeProviderInSameClassLoader(ForkedBooter.java:200)
	at org.apache.maven.surefire.booter.ForkedBooter.runSuitesInProcess(ForkedBooter.java:153)
	at org.apache.maven.surefire.booter.ForkedBooter.main(ForkedBooter.java:103)
</pre></div></td>
<td>0</td>
<td>com.myntra.apiTests.portalservices.atsService.TestATSAPISV2@8576fa0</td></tr>
<tr>
<td title='com.myntra.apiTests.portalservices.atsService.TestATSAPISV2.testGetBlockedCustomerByDeviceIDWithoutClientID()'><b>testGetBlockedCustomerByDeviceIDWithoutClientID</b><br>Test class: com.myntra.apiTests.portalservices.atsService.TestATSAPISV2</td>
<td><div><pre>java.lang.AssertionError: expected [400] but found [200]
	at com.myntra.apiTests.portalservices.atsService.TestATSAPISV2.testGetBlockedCustomerByDeviceIDWithoutClientID(TestATSAPISV2.java:325)
... Removed 33 stack frames</pre></div><a href='#' onClick='toggleBox("stack-trace534027987", this, "Click to show all stack frames", "Click to hide stack frames")'>Click to show all stack frames</a>
<div class='stack-trace' id='stack-trace534027987'><pre>java.lang.AssertionError: expected [400] but found [200]
	at org.testng.Assert.fail(Assert.java:94)
	at org.testng.Assert.failNotEquals(Assert.java:513)
	at org.testng.Assert.assertEqualsImpl(Assert.java:135)
	at org.testng.Assert.assertEquals(Assert.java:116)
	at org.testng.Assert.assertEquals(Assert.java:389)
	at org.testng.Assert.assertEquals(Assert.java:399)
	at com.myntra.apiTests.portalservices.atsService.TestATSAPISV2.testGetBlockedCustomerByDeviceIDWithoutClientID(TestATSAPISV2.java:325)
	at sun.reflect.NativeMethodAccessorImpl.invoke0(Native Method)
	at sun.reflect.NativeMethodAccessorImpl.invoke(NativeMethodAccessorImpl.java:62)
	at sun.reflect.DelegatingMethodAccessorImpl.invoke(DelegatingMethodAccessorImpl.java:43)
	at java.lang.reflect.Method.invoke(Method.java:498)
	at org.testng.internal.MethodInvocationHelper.invokeMethod(MethodInvocationHelper.java:86)
	at org.testng.internal.Invoker.invokeMethod(Invoker.java:643)
	at org.testng.internal.Invoker.invokeTestMethod(Invoker.java:820)
	at org.testng.internal.Invoker.invokeTestMethods(Invoker.java:1128)
	at org.testng.internal.TestMethodWorker.invokeTestMethods(TestMethodWorker.java:129)
	at org.testng.internal.TestMethodWorker.run(TestMethodWorker.java:112)
	at org.testng.TestRunner.privateRun(TestRunner.java:782)
	at org.testng.TestRunner.run(TestRunner.java:632)
	at org.testng.SuiteRunner.runTest(SuiteRunner.java:366)
	at org.testng.SuiteRunner.runSequentially(SuiteRunner.java:361)
	at org.testng.SuiteRunner.privateRun(SuiteRunner.java:319)
	at org.testng.SuiteRunner.run(SuiteRunner.java:268)
	at org.testng.SuiteRunnerWorker.runSuite(SuiteRunnerWorker.java:52)
	at org.testng.SuiteRunnerWorker.run(SuiteRunnerWorker.java:86)
	at org.testng.TestNG.runSuitesSequentially(TestNG.java:1244)
	at org.testng.TestNG.runSuitesLocally(TestNG.java:1169)
	at org.testng.TestNG.run(TestNG.java:1064)
	at org.apache.maven.surefire.testng.TestNGExecutor.run(TestNGExecutor.java:217)
	at org.apache.maven.surefire.testng.TestNGXmlTestSuite.execute(TestNGXmlTestSuite.java:84)
	at org.apache.maven.surefire.testng.TestNGProvider.invoke(TestNGProvider.java:92)
	at org.apache.maven.surefire.booter.ForkedBooter.invokeProviderInSameClassLoader(ForkedBooter.java:200)
	at org.apache.maven.surefire.booter.ForkedBooter.runSuitesInProcess(ForkedBooter.java:153)
	at org.apache.maven.surefire.booter.ForkedBooter.main(ForkedBooter.java:103)
</pre></div></td>
<td>0</td>
<td>com.myntra.apiTests.portalservices.atsService.TestATSAPISV2@8576fa0</td></tr>
<tr>
<td title='com.myntra.apiTests.portalservices.atsService.TestATSAPISV2.testGetBlockedCustomerByLoginWithoutClientID()'><b>testGetBlockedCustomerByLoginWithoutClientID</b><br>Test class: com.myntra.apiTests.portalservices.atsService.TestATSAPISV2</td>
<td><div><pre>java.lang.AssertionError: expected [400] but found [200]
	at com.myntra.apiTests.portalservices.atsService.TestATSAPISV2.testGetBlockedCustomerByLoginWithoutClientID(TestATSAPISV2.java:311)
... Removed 33 stack frames</pre></div><a href='#' onClick='toggleBox("stack-trace465469387", this, "Click to show all stack frames", "Click to hide stack frames")'>Click to show all stack frames</a>
<div class='stack-trace' id='stack-trace465469387'><pre>java.lang.AssertionError: expected [400] but found [200]
	at org.testng.Assert.fail(Assert.java:94)
	at org.testng.Assert.failNotEquals(Assert.java:513)
	at org.testng.Assert.assertEqualsImpl(Assert.java:135)
	at org.testng.Assert.assertEquals(Assert.java:116)
	at org.testng.Assert.assertEquals(Assert.java:389)
	at org.testng.Assert.assertEquals(Assert.java:399)
	at com.myntra.apiTests.portalservices.atsService.TestATSAPISV2.testGetBlockedCustomerByLoginWithoutClientID(TestATSAPISV2.java:311)
	at sun.reflect.NativeMethodAccessorImpl.invoke0(Native Method)
	at sun.reflect.NativeMethodAccessorImpl.invoke(NativeMethodAccessorImpl.java:62)
	at sun.reflect.DelegatingMethodAccessorImpl.invoke(DelegatingMethodAccessorImpl.java:43)
	at java.lang.reflect.Method.invoke(Method.java:498)
	at org.testng.internal.MethodInvocationHelper.invokeMethod(MethodInvocationHelper.java:86)
	at org.testng.internal.Invoker.invokeMethod(Invoker.java:643)
	at org.testng.internal.Invoker.invokeTestMethod(Invoker.java:820)
	at org.testng.internal.Invoker.invokeTestMethods(Invoker.java:1128)
	at org.testng.internal.TestMethodWorker.invokeTestMethods(TestMethodWorker.java:129)
	at org.testng.internal.TestMethodWorker.run(TestMethodWorker.java:112)
	at org.testng.TestRunner.privateRun(TestRunner.java:782)
	at org.testng.TestRunner.run(TestRunner.java:632)
	at org.testng.SuiteRunner.runTest(SuiteRunner.java:366)
	at org.testng.SuiteRunner.runSequentially(SuiteRunner.java:361)
	at org.testng.SuiteRunner.privateRun(SuiteRunner.java:319)
	at org.testng.SuiteRunner.run(SuiteRunner.java:268)
	at org.testng.SuiteRunnerWorker.runSuite(SuiteRunnerWorker.java:52)
	at org.testng.SuiteRunnerWorker.run(SuiteRunnerWorker.java:86)
	at org.testng.TestNG.runSuitesSequentially(TestNG.java:1244)
	at org.testng.TestNG.runSuitesLocally(TestNG.java:1169)
	at org.testng.TestNG.run(TestNG.java:1064)
	at org.apache.maven.surefire.testng.TestNGExecutor.run(TestNGExecutor.java:217)
	at org.apache.maven.surefire.testng.TestNGXmlTestSuite.execute(TestNGXmlTestSuite.java:84)
	at org.apache.maven.surefire.testng.TestNGProvider.invoke(TestNGProvider.java:92)
	at org.apache.maven.surefire.booter.ForkedBooter.invokeProviderInSameClassLoader(ForkedBooter.java:200)
	at org.apache.maven.surefire.booter.ForkedBooter.runSuitesInProcess(ForkedBooter.java:153)
	at org.apache.maven.surefire.booter.ForkedBooter.main(ForkedBooter.java:103)
</pre></div></td>
<td>0</td>
<td>com.myntra.apiTests.portalservices.atsService.TestATSAPISV2@8576fa0</td></tr>
<tr>
<td title='com.myntra.apiTests.portalservices.atsService.TestATSAPISV2.testGetBlockedCustomerByPhoneWithoutClientID()'><b>testGetBlockedCustomerByPhoneWithoutClientID</b><br>Test class: com.myntra.apiTests.portalservices.atsService.TestATSAPISV2</td>
<td><div><pre>java.lang.AssertionError: expected [400] but found [200]
	at com.myntra.apiTests.portalservices.atsService.TestATSAPISV2.testGetBlockedCustomerByPhoneWithoutClientID(TestATSAPISV2.java:318)
... Removed 33 stack frames</pre></div><a href='#' onClick='toggleBox("stack-trace1484331387", this, "Click to show all stack frames", "Click to hide stack frames")'>Click to show all stack frames</a>
<div class='stack-trace' id='stack-trace1484331387'><pre>java.lang.AssertionError: expected [400] but found [200]
	at org.testng.Assert.fail(Assert.java:94)
	at org.testng.Assert.failNotEquals(Assert.java:513)
	at org.testng.Assert.assertEqualsImpl(Assert.java:135)
	at org.testng.Assert.assertEquals(Assert.java:116)
	at org.testng.Assert.assertEquals(Assert.java:389)
	at org.testng.Assert.assertEquals(Assert.java:399)
	at com.myntra.apiTests.portalservices.atsService.TestATSAPISV2.testGetBlockedCustomerByPhoneWithoutClientID(TestATSAPISV2.java:318)
	at sun.reflect.NativeMethodAccessorImpl.invoke0(Native Method)
	at sun.reflect.NativeMethodAccessorImpl.invoke(NativeMethodAccessorImpl.java:62)
	at sun.reflect.DelegatingMethodAccessorImpl.invoke(DelegatingMethodAccessorImpl.java:43)
	at java.lang.reflect.Method.invoke(Method.java:498)
	at org.testng.internal.MethodInvocationHelper.invokeMethod(MethodInvocationHelper.java:86)
	at org.testng.internal.Invoker.invokeMethod(Invoker.java:643)
	at org.testng.internal.Invoker.invokeTestMethod(Invoker.java:820)
	at org.testng.internal.Invoker.invokeTestMethods(Invoker.java:1128)
	at org.testng.internal.TestMethodWorker.invokeTestMethods(TestMethodWorker.java:129)
	at org.testng.internal.TestMethodWorker.run(TestMethodWorker.java:112)
	at org.testng.TestRunner.privateRun(TestRunner.java:782)
	at org.testng.TestRunner.run(TestRunner.java:632)
	at org.testng.SuiteRunner.runTest(SuiteRunner.java:366)
	at org.testng.SuiteRunner.runSequentially(SuiteRunner.java:361)
	at org.testng.SuiteRunner.privateRun(SuiteRunner.java:319)
	at org.testng.SuiteRunner.run(SuiteRunner.java:268)
	at org.testng.SuiteRunnerWorker.runSuite(SuiteRunnerWorker.java:52)
	at org.testng.SuiteRunnerWorker.run(SuiteRunnerWorker.java:86)
	at org.testng.TestNG.runSuitesSequentially(TestNG.java:1244)
	at org.testng.TestNG.runSuitesLocally(TestNG.java:1169)
	at org.testng.TestNG.run(TestNG.java:1064)
	at org.apache.maven.surefire.testng.TestNGExecutor.run(TestNGExecutor.java:217)
	at org.apache.maven.surefire.testng.TestNGXmlTestSuite.execute(TestNGXmlTestSuite.java:84)
	at org.apache.maven.surefire.testng.TestNGProvider.invoke(TestNGProvider.java:92)
	at org.apache.maven.surefire.booter.ForkedBooter.invokeProviderInSameClassLoader(ForkedBooter.java:200)
	at org.apache.maven.surefire.booter.ForkedBooter.runSuitesInProcess(ForkedBooter.java:153)
	at org.apache.maven.surefire.booter.ForkedBooter.main(ForkedBooter.java:103)
</pre></div></td>
<td>0</td>
<td>com.myntra.apiTests.portalservices.atsService.TestATSAPISV2@8576fa0</td></tr>
<tr>
<td title='com.myntra.apiTests.portalservices.atsService.TestATSAPISV2.testGetFakeEmailWithoutClientID()'><b>testGetFakeEmailWithoutClientID</b><br>Test class: com.myntra.apiTests.portalservices.atsService.TestATSAPISV2</td>
<td><div><pre>java.lang.AssertionError: expected [400] but found [200]
	at com.myntra.apiTests.portalservices.atsService.TestATSAPISV2.testGetFakeEmailWithoutClientID(TestATSAPISV2.java:375)
... Removed 33 stack frames</pre></div><a href='#' onClick='toggleBox("stack-trace1235415348", this, "Click to show all stack frames", "Click to hide stack frames")'>Click to show all stack frames</a>
<div class='stack-trace' id='stack-trace1235415348'><pre>java.lang.AssertionError: expected [400] but found [200]
	at org.testng.Assert.fail(Assert.java:94)
	at org.testng.Assert.failNotEquals(Assert.java:513)
	at org.testng.Assert.assertEqualsImpl(Assert.java:135)
	at org.testng.Assert.assertEquals(Assert.java:116)
	at org.testng.Assert.assertEquals(Assert.java:389)
	at org.testng.Assert.assertEquals(Assert.java:399)
	at com.myntra.apiTests.portalservices.atsService.TestATSAPISV2.testGetFakeEmailWithoutClientID(TestATSAPISV2.java:375)
	at sun.reflect.NativeMethodAccessorImpl.invoke0(Native Method)
	at sun.reflect.NativeMethodAccessorImpl.invoke(NativeMethodAccessorImpl.java:62)
	at sun.reflect.DelegatingMethodAccessorImpl.invoke(DelegatingMethodAccessorImpl.java:43)
	at java.lang.reflect.Method.invoke(Method.java:498)
	at org.testng.internal.MethodInvocationHelper.invokeMethod(MethodInvocationHelper.java:86)
	at org.testng.internal.Invoker.invokeMethod(Invoker.java:643)
	at org.testng.internal.Invoker.invokeTestMethod(Invoker.java:820)
	at org.testng.internal.Invoker.invokeTestMethods(Invoker.java:1128)
	at org.testng.internal.TestMethodWorker.invokeTestMethods(TestMethodWorker.java:129)
	at org.testng.internal.TestMethodWorker.run(TestMethodWorker.java:112)
	at org.testng.TestRunner.privateRun(TestRunner.java:782)
	at org.testng.TestRunner.run(TestRunner.java:632)
	at org.testng.SuiteRunner.runTest(SuiteRunner.java:366)
	at org.testng.SuiteRunner.runSequentially(SuiteRunner.java:361)
	at org.testng.SuiteRunner.privateRun(SuiteRunner.java:319)
	at org.testng.SuiteRunner.run(SuiteRunner.java:268)
	at org.testng.SuiteRunnerWorker.runSuite(SuiteRunnerWorker.java:52)
	at org.testng.SuiteRunnerWorker.run(SuiteRunnerWorker.java:86)
	at org.testng.TestNG.runSuitesSequentially(TestNG.java:1244)
	at org.testng.TestNG.runSuitesLocally(TestNG.java:1169)
	at org.testng.TestNG.run(TestNG.java:1064)
	at org.apache.maven.surefire.testng.TestNGExecutor.run(TestNGExecutor.java:217)
	at org.apache.maven.surefire.testng.TestNGXmlTestSuite.execute(TestNGXmlTestSuite.java:84)
	at org.apache.maven.surefire.testng.TestNGProvider.invoke(TestNGProvider.java:92)
	at org.apache.maven.surefire.booter.ForkedBooter.invokeProviderInSameClassLoader(ForkedBooter.java:200)
	at org.apache.maven.surefire.booter.ForkedBooter.runSuitesInProcess(ForkedBooter.java:153)
	at org.apache.maven.surefire.booter.ForkedBooter.main(ForkedBooter.java:103)
</pre></div></td>
<td>0</td>
<td>com.myntra.apiTests.portalservices.atsService.TestATSAPISV2@8576fa0</td></tr>
<tr>
<td title='com.myntra.apiTests.portalservices.atsService.TestATSAPISV2.testGetLinkedAccbyDeviceWithoutClientID()'><b>testGetLinkedAccbyDeviceWithoutClientID</b><br>Test class: com.myntra.apiTests.portalservices.atsService.TestATSAPISV2</td>
<td><div><pre>java.lang.AssertionError: expected [400] but found [200]
	at com.myntra.apiTests.portalservices.atsService.TestATSAPISV2.testGetLinkedAccbyDeviceWithoutClientID(TestATSAPISV2.java:353)
... Removed 33 stack frames</pre></div><a href='#' onClick='toggleBox("stack-trace1299154577", this, "Click to show all stack frames", "Click to hide stack frames")'>Click to show all stack frames</a>
<div class='stack-trace' id='stack-trace1299154577'><pre>java.lang.AssertionError: expected [400] but found [200]
	at org.testng.Assert.fail(Assert.java:94)
	at org.testng.Assert.failNotEquals(Assert.java:513)
	at org.testng.Assert.assertEqualsImpl(Assert.java:135)
	at org.testng.Assert.assertEquals(Assert.java:116)
	at org.testng.Assert.assertEquals(Assert.java:389)
	at org.testng.Assert.assertEquals(Assert.java:399)
	at com.myntra.apiTests.portalservices.atsService.TestATSAPISV2.testGetLinkedAccbyDeviceWithoutClientID(TestATSAPISV2.java:353)
	at sun.reflect.NativeMethodAccessorImpl.invoke0(Native Method)
	at sun.reflect.NativeMethodAccessorImpl.invoke(NativeMethodAccessorImpl.java:62)
	at sun.reflect.DelegatingMethodAccessorImpl.invoke(DelegatingMethodAccessorImpl.java:43)
	at java.lang.reflect.Method.invoke(Method.java:498)
	at org.testng.internal.MethodInvocationHelper.invokeMethod(MethodInvocationHelper.java:86)
	at org.testng.internal.Invoker.invokeMethod(Invoker.java:643)
	at org.testng.internal.Invoker.invokeTestMethod(Invoker.java:820)
	at org.testng.internal.Invoker.invokeTestMethods(Invoker.java:1128)
	at org.testng.internal.TestMethodWorker.invokeTestMethods(TestMethodWorker.java:129)
	at org.testng.internal.TestMethodWorker.run(TestMethodWorker.java:112)
	at org.testng.TestRunner.privateRun(TestRunner.java:782)
	at org.testng.TestRunner.run(TestRunner.java:632)
	at org.testng.SuiteRunner.runTest(SuiteRunner.java:366)
	at org.testng.SuiteRunner.runSequentially(SuiteRunner.java:361)
	at org.testng.SuiteRunner.privateRun(SuiteRunner.java:319)
	at org.testng.SuiteRunner.run(SuiteRunner.java:268)
	at org.testng.SuiteRunnerWorker.runSuite(SuiteRunnerWorker.java:52)
	at org.testng.SuiteRunnerWorker.run(SuiteRunnerWorker.java:86)
	at org.testng.TestNG.runSuitesSequentially(TestNG.java:1244)
	at org.testng.TestNG.runSuitesLocally(TestNG.java:1169)
	at org.testng.TestNG.run(TestNG.java:1064)
	at org.apache.maven.surefire.testng.TestNGExecutor.run(TestNGExecutor.java:217)
	at org.apache.maven.surefire.testng.TestNGXmlTestSuite.execute(TestNGXmlTestSuite.java:84)
	at org.apache.maven.surefire.testng.TestNGProvider.invoke(TestNGProvider.java:92)
	at org.apache.maven.surefire.booter.ForkedBooter.invokeProviderInSameClassLoader(ForkedBooter.java:200)
	at org.apache.maven.surefire.booter.ForkedBooter.runSuitesInProcess(ForkedBooter.java:153)
	at org.apache.maven.surefire.booter.ForkedBooter.main(ForkedBooter.java:103)
</pre></div></td>
<td>0</td>
<td>com.myntra.apiTests.portalservices.atsService.TestATSAPISV2@8576fa0</td></tr>
<tr>
<td title='com.myntra.apiTests.portalservices.atsService.TestATSAPISV2.testGetLinkedAccbyEmailWithoutClientID()'><b>testGetLinkedAccbyEmailWithoutClientID</b><br>Test class: com.myntra.apiTests.portalservices.atsService.TestATSAPISV2</td>
<td><div><pre>java.lang.AssertionError: expected [400] but found [200]
	at com.myntra.apiTests.portalservices.atsService.TestATSAPISV2.testGetLinkedAccbyEmailWithoutClientID(TestATSAPISV2.java:347)
... Removed 33 stack frames</pre></div><a href='#' onClick='toggleBox("stack-trace1473372297", this, "Click to show all stack frames", "Click to hide stack frames")'>Click to show all stack frames</a>
<div class='stack-trace' id='stack-trace1473372297'><pre>java.lang.AssertionError: expected [400] but found [200]
	at org.testng.Assert.fail(Assert.java:94)
	at org.testng.Assert.failNotEquals(Assert.java:513)
	at org.testng.Assert.assertEqualsImpl(Assert.java:135)
	at org.testng.Assert.assertEquals(Assert.java:116)
	at org.testng.Assert.assertEquals(Assert.java:389)
	at org.testng.Assert.assertEquals(Assert.java:399)
	at com.myntra.apiTests.portalservices.atsService.TestATSAPISV2.testGetLinkedAccbyEmailWithoutClientID(TestATSAPISV2.java:347)
	at sun.reflect.NativeMethodAccessorImpl.invoke0(Native Method)
	at sun.reflect.NativeMethodAccessorImpl.invoke(NativeMethodAccessorImpl.java:62)
	at sun.reflect.DelegatingMethodAccessorImpl.invoke(DelegatingMethodAccessorImpl.java:43)
	at java.lang.reflect.Method.invoke(Method.java:498)
	at org.testng.internal.MethodInvocationHelper.invokeMethod(MethodInvocationHelper.java:86)
	at org.testng.internal.Invoker.invokeMethod(Invoker.java:643)
	at org.testng.internal.Invoker.invokeTestMethod(Invoker.java:820)
	at org.testng.internal.Invoker.invokeTestMethods(Invoker.java:1128)
	at org.testng.internal.TestMethodWorker.invokeTestMethods(TestMethodWorker.java:129)
	at org.testng.internal.TestMethodWorker.run(TestMethodWorker.java:112)
	at org.testng.TestRunner.privateRun(TestRunner.java:782)
	at org.testng.TestRunner.run(TestRunner.java:632)
	at org.testng.SuiteRunner.runTest(SuiteRunner.java:366)
	at org.testng.SuiteRunner.runSequentially(SuiteRunner.java:361)
	at org.testng.SuiteRunner.privateRun(SuiteRunner.java:319)
	at org.testng.SuiteRunner.run(SuiteRunner.java:268)
	at org.testng.SuiteRunnerWorker.runSuite(SuiteRunnerWorker.java:52)
	at org.testng.SuiteRunnerWorker.run(SuiteRunnerWorker.java:86)
	at org.testng.TestNG.runSuitesSequentially(TestNG.java:1244)
	at org.testng.TestNG.runSuitesLocally(TestNG.java:1169)
	at org.testng.TestNG.run(TestNG.java:1064)
	at org.apache.maven.surefire.testng.TestNGExecutor.run(TestNGExecutor.java:217)
	at org.apache.maven.surefire.testng.TestNGXmlTestSuite.execute(TestNGXmlTestSuite.java:84)
	at org.apache.maven.surefire.testng.TestNGProvider.invoke(TestNGProvider.java:92)
	at org.apache.maven.surefire.booter.ForkedBooter.invokeProviderInSameClassLoader(ForkedBooter.java:200)
	at org.apache.maven.surefire.booter.ForkedBooter.runSuitesInProcess(ForkedBooter.java:153)
	at org.apache.maven.surefire.booter.ForkedBooter.main(ForkedBooter.java:103)
</pre></div></td>
<td>0</td>
<td>com.myntra.apiTests.portalservices.atsService.TestATSAPISV2@8576fa0</td></tr>
<tr>
<td title='com.myntra.apiTests.portalservices.atsService.TestATSAPISV2.testGetLinkedAccbyPhoneWithoutClientID()'><b>testGetLinkedAccbyPhoneWithoutClientID</b><br>Test class: com.myntra.apiTests.portalservices.atsService.TestATSAPISV2</td>
<td><div><pre>java.lang.AssertionError: expected [400] but found [200]
	at com.myntra.apiTests.portalservices.atsService.TestATSAPISV2.testGetLinkedAccbyPhoneWithoutClientID(TestATSAPISV2.java:359)
... Removed 33 stack frames</pre></div><a href='#' onClick='toggleBox("stack-trace1525471270", this, "Click to show all stack frames", "Click to hide stack frames")'>Click to show all stack frames</a>
<div class='stack-trace' id='stack-trace1525471270'><pre>java.lang.AssertionError: expected [400] but found [200]
	at org.testng.Assert.fail(Assert.java:94)
	at org.testng.Assert.failNotEquals(Assert.java:513)
	at org.testng.Assert.assertEqualsImpl(Assert.java:135)
	at org.testng.Assert.assertEquals(Assert.java:116)
	at org.testng.Assert.assertEquals(Assert.java:389)
	at org.testng.Assert.assertEquals(Assert.java:399)
	at com.myntra.apiTests.portalservices.atsService.TestATSAPISV2.testGetLinkedAccbyPhoneWithoutClientID(TestATSAPISV2.java:359)
	at sun.reflect.NativeMethodAccessorImpl.invoke0(Native Method)
	at sun.reflect.NativeMethodAccessorImpl.invoke(NativeMethodAccessorImpl.java:62)
	at sun.reflect.DelegatingMethodAccessorImpl.invoke(DelegatingMethodAccessorImpl.java:43)
	at java.lang.reflect.Method.invoke(Method.java:498)
	at org.testng.internal.MethodInvocationHelper.invokeMethod(MethodInvocationHelper.java:86)
	at org.testng.internal.Invoker.invokeMethod(Invoker.java:643)
	at org.testng.internal.Invoker.invokeTestMethod(Invoker.java:820)
	at org.testng.internal.Invoker.invokeTestMethods(Invoker.java:1128)
	at org.testng.internal.TestMethodWorker.invokeTestMethods(TestMethodWorker.java:129)
	at org.testng.internal.TestMethodWorker.run(TestMethodWorker.java:112)
	at org.testng.TestRunner.privateRun(TestRunner.java:782)
	at org.testng.TestRunner.run(TestRunner.java:632)
	at org.testng.SuiteRunner.runTest(SuiteRunner.java:366)
	at org.testng.SuiteRunner.runSequentially(SuiteRunner.java:361)
	at org.testng.SuiteRunner.privateRun(SuiteRunner.java:319)
	at org.testng.SuiteRunner.run(SuiteRunner.java:268)
	at org.testng.SuiteRunnerWorker.runSuite(SuiteRunnerWorker.java:52)
	at org.testng.SuiteRunnerWorker.run(SuiteRunnerWorker.java:86)
	at org.testng.TestNG.runSuitesSequentially(TestNG.java:1244)
	at org.testng.TestNG.runSuitesLocally(TestNG.java:1169)
	at org.testng.TestNG.run(TestNG.java:1064)
	at org.apache.maven.surefire.testng.TestNGExecutor.run(TestNGExecutor.java:217)
	at org.apache.maven.surefire.testng.TestNGXmlTestSuite.execute(TestNGXmlTestSuite.java:84)
	at org.apache.maven.surefire.testng.TestNGProvider.invoke(TestNGProvider.java:92)
	at org.apache.maven.surefire.booter.ForkedBooter.invokeProviderInSameClassLoader(ForkedBooter.java:200)
	at org.apache.maven.surefire.booter.ForkedBooter.runSuitesInProcess(ForkedBooter.java:153)
	at org.apache.maven.surefire.booter.ForkedBooter.main(ForkedBooter.java:103)
</pre></div></td>
<td>0</td>
<td>com.myntra.apiTests.portalservices.atsService.TestATSAPISV2@8576fa0</td></tr>
<tr>
<td title='com.myntra.apiTests.portalservices.atsService.TestATSAPISV2.testGetOpenOrdersValueWithoutClientID()'><b>testGetOpenOrdersValueWithoutClientID</b><br>Test class: com.myntra.apiTests.portalservices.atsService.TestATSAPISV2</td>
<td><div><pre>java.lang.AssertionError: expected [400] but found [200]
	at com.myntra.apiTests.portalservices.atsService.TestATSAPISV2.testGetOpenOrdersValueWithoutClientID(TestATSAPISV2.java:278)
... Removed 33 stack frames</pre></div><a href='#' onClick='toggleBox("stack-trace1501892655", this, "Click to show all stack frames", "Click to hide stack frames")'>Click to show all stack frames</a>
<div class='stack-trace' id='stack-trace1501892655'><pre>java.lang.AssertionError: expected [400] but found [200]
	at org.testng.Assert.fail(Assert.java:94)
	at org.testng.Assert.failNotEquals(Assert.java:513)
	at org.testng.Assert.assertEqualsImpl(Assert.java:135)
	at org.testng.Assert.assertEquals(Assert.java:116)
	at org.testng.Assert.assertEquals(Assert.java:389)
	at org.testng.Assert.assertEquals(Assert.java:399)
	at com.myntra.apiTests.portalservices.atsService.TestATSAPISV2.testGetOpenOrdersValueWithoutClientID(TestATSAPISV2.java:278)
	at sun.reflect.NativeMethodAccessorImpl.invoke0(Native Method)
	at sun.reflect.NativeMethodAccessorImpl.invoke(NativeMethodAccessorImpl.java:62)
	at sun.reflect.DelegatingMethodAccessorImpl.invoke(DelegatingMethodAccessorImpl.java:43)
	at java.lang.reflect.Method.invoke(Method.java:498)
	at org.testng.internal.MethodInvocationHelper.invokeMethod(MethodInvocationHelper.java:86)
	at org.testng.internal.Invoker.invokeMethod(Invoker.java:643)
	at org.testng.internal.Invoker.invokeTestMethod(Invoker.java:820)
	at org.testng.internal.Invoker.invokeTestMethods(Invoker.java:1128)
	at org.testng.internal.TestMethodWorker.invokeTestMethods(TestMethodWorker.java:129)
	at org.testng.internal.TestMethodWorker.run(TestMethodWorker.java:112)
	at org.testng.TestRunner.privateRun(TestRunner.java:782)
	at org.testng.TestRunner.run(TestRunner.java:632)
	at org.testng.SuiteRunner.runTest(SuiteRunner.java:366)
	at org.testng.SuiteRunner.runSequentially(SuiteRunner.java:361)
	at org.testng.SuiteRunner.privateRun(SuiteRunner.java:319)
	at org.testng.SuiteRunner.run(SuiteRunner.java:268)
	at org.testng.SuiteRunnerWorker.runSuite(SuiteRunnerWorker.java:52)
	at org.testng.SuiteRunnerWorker.run(SuiteRunnerWorker.java:86)
	at org.testng.TestNG.runSuitesSequentially(TestNG.java:1244)
	at org.testng.TestNG.runSuitesLocally(TestNG.java:1169)
	at org.testng.TestNG.run(TestNG.java:1064)
	at org.apache.maven.surefire.testng.TestNGExecutor.run(TestNGExecutor.java:217)
	at org.apache.maven.surefire.testng.TestNGXmlTestSuite.execute(TestNGXmlTestSuite.java:84)
	at org.apache.maven.surefire.testng.TestNGProvider.invoke(TestNGProvider.java:92)
	at org.apache.maven.surefire.booter.ForkedBooter.invokeProviderInSameClassLoader(ForkedBooter.java:200)
	at org.apache.maven.surefire.booter.ForkedBooter.runSuitesInProcess(ForkedBooter.java:153)
	at org.apache.maven.surefire.booter.ForkedBooter.main(ForkedBooter.java:103)
</pre></div></td>
<td>0</td>
<td>com.myntra.apiTests.portalservices.atsService.TestATSAPISV2@8576fa0</td></tr>
<tr>
<td title='com.myntra.apiTests.portalservices.atsService.TestATSAPISV2.testGetOutstandingCODLimitWithoutClientID()'><b>testGetOutstandingCODLimitWithoutClientID</b><br>Test class: com.myntra.apiTests.portalservices.atsService.TestATSAPISV2</td>
<td><div><pre>java.lang.AssertionError: expected [400] but found [200]
	at com.myntra.apiTests.portalservices.atsService.TestATSAPISV2.testGetOutstandingCODLimitWithoutClientID(TestATSAPISV2.java:270)
... Removed 33 stack frames</pre></div><a href='#' onClick='toggleBox("stack-trace581423858", this, "Click to show all stack frames", "Click to hide stack frames")'>Click to show all stack frames</a>
<div class='stack-trace' id='stack-trace581423858'><pre>java.lang.AssertionError: expected [400] but found [200]
	at org.testng.Assert.fail(Assert.java:94)
	at org.testng.Assert.failNotEquals(Assert.java:513)
	at org.testng.Assert.assertEqualsImpl(Assert.java:135)
	at org.testng.Assert.assertEquals(Assert.java:116)
	at org.testng.Assert.assertEquals(Assert.java:389)
	at org.testng.Assert.assertEquals(Assert.java:399)
	at com.myntra.apiTests.portalservices.atsService.TestATSAPISV2.testGetOutstandingCODLimitWithoutClientID(TestATSAPISV2.java:270)
	at sun.reflect.NativeMethodAccessorImpl.invoke0(Native Method)
	at sun.reflect.NativeMethodAccessorImpl.invoke(NativeMethodAccessorImpl.java:62)
	at sun.reflect.DelegatingMethodAccessorImpl.invoke(DelegatingMethodAccessorImpl.java:43)
	at java.lang.reflect.Method.invoke(Method.java:498)
	at org.testng.internal.MethodInvocationHelper.invokeMethod(MethodInvocationHelper.java:86)
	at org.testng.internal.Invoker.invokeMethod(Invoker.java:643)
	at org.testng.internal.Invoker.invokeTestMethod(Invoker.java:820)
	at org.testng.internal.Invoker.invokeTestMethods(Invoker.java:1128)
	at org.testng.internal.TestMethodWorker.invokeTestMethods(TestMethodWorker.java:129)
	at org.testng.internal.TestMethodWorker.run(TestMethodWorker.java:112)
	at org.testng.TestRunner.privateRun(TestRunner.java:782)
	at org.testng.TestRunner.run(TestRunner.java:632)
	at org.testng.SuiteRunner.runTest(SuiteRunner.java:366)
	at org.testng.SuiteRunner.runSequentially(SuiteRunner.java:361)
	at org.testng.SuiteRunner.privateRun(SuiteRunner.java:319)
	at org.testng.SuiteRunner.run(SuiteRunner.java:268)
	at org.testng.SuiteRunnerWorker.runSuite(SuiteRunnerWorker.java:52)
	at org.testng.SuiteRunnerWorker.run(SuiteRunnerWorker.java:86)
	at org.testng.TestNG.runSuitesSequentially(TestNG.java:1244)
	at org.testng.TestNG.runSuitesLocally(TestNG.java:1169)
	at org.testng.TestNG.run(TestNG.java:1064)
	at org.apache.maven.surefire.testng.TestNGExecutor.run(TestNGExecutor.java:217)
	at org.apache.maven.surefire.testng.TestNGXmlTestSuite.execute(TestNGXmlTestSuite.java:84)
	at org.apache.maven.surefire.testng.TestNGProvider.invoke(TestNGProvider.java:92)
	at org.apache.maven.surefire.booter.ForkedBooter.invokeProviderInSameClassLoader(ForkedBooter.java:200)
	at org.apache.maven.surefire.booter.ForkedBooter.runSuitesInProcess(ForkedBooter.java:153)
	at org.apache.maven.surefire.booter.ForkedBooter.main(ForkedBooter.java:103)
</pre></div></td>
<td>0</td>
<td>com.myntra.apiTests.portalservices.atsService.TestATSAPISV2@8576fa0</td></tr>
<tr>
<td title='com.myntra.apiTests.portalservices.atsService.TestATSAPISV2.testGetReturnAbuserWithoutClientID()'><b>testGetReturnAbuserWithoutClientID</b><br>Test class: com.myntra.apiTests.portalservices.atsService.TestATSAPISV2</td>
<td><div><pre>java.lang.AssertionError: expected [400] but found [200]
	at com.myntra.apiTests.portalservices.atsService.TestATSAPISV2.testGetReturnAbuserWithoutClientID(TestATSAPISV2.java:294)
... Removed 33 stack frames</pre></div><a href='#' onClick='toggleBox("stack-trace2001519785", this, "Click to show all stack frames", "Click to hide stack frames")'>Click to show all stack frames</a>
<div class='stack-trace' id='stack-trace2001519785'><pre>java.lang.AssertionError: expected [400] but found [200]
	at org.testng.Assert.fail(Assert.java:94)
	at org.testng.Assert.failNotEquals(Assert.java:513)
	at org.testng.Assert.assertEqualsImpl(Assert.java:135)
	at org.testng.Assert.assertEquals(Assert.java:116)
	at org.testng.Assert.assertEquals(Assert.java:389)
	at org.testng.Assert.assertEquals(Assert.java:399)
	at com.myntra.apiTests.portalservices.atsService.TestATSAPISV2.testGetReturnAbuserWithoutClientID(TestATSAPISV2.java:294)
	at sun.reflect.NativeMethodAccessorImpl.invoke0(Native Method)
	at sun.reflect.NativeMethodAccessorImpl.invoke(NativeMethodAccessorImpl.java:62)
	at sun.reflect.DelegatingMethodAccessorImpl.invoke(DelegatingMethodAccessorImpl.java:43)
	at java.lang.reflect.Method.invoke(Method.java:498)
	at org.testng.internal.MethodInvocationHelper.invokeMethod(MethodInvocationHelper.java:86)
	at org.testng.internal.Invoker.invokeMethod(Invoker.java:643)
	at org.testng.internal.Invoker.invokeTestMethod(Invoker.java:820)
	at org.testng.internal.Invoker.invokeTestMethods(Invoker.java:1128)
	at org.testng.internal.TestMethodWorker.invokeTestMethods(TestMethodWorker.java:129)
	at org.testng.internal.TestMethodWorker.run(TestMethodWorker.java:112)
	at org.testng.TestRunner.privateRun(TestRunner.java:782)
	at org.testng.TestRunner.run(TestRunner.java:632)
	at org.testng.SuiteRunner.runTest(SuiteRunner.java:366)
	at org.testng.SuiteRunner.runSequentially(SuiteRunner.java:361)
	at org.testng.SuiteRunner.privateRun(SuiteRunner.java:319)
	at org.testng.SuiteRunner.run(SuiteRunner.java:268)
	at org.testng.SuiteRunnerWorker.runSuite(SuiteRunnerWorker.java:52)
	at org.testng.SuiteRunnerWorker.run(SuiteRunnerWorker.java:86)
	at org.testng.TestNG.runSuitesSequentially(TestNG.java:1244)
	at org.testng.TestNG.runSuitesLocally(TestNG.java:1169)
	at org.testng.TestNG.run(TestNG.java:1064)
	at org.apache.maven.surefire.testng.TestNGExecutor.run(TestNGExecutor.java:217)
	at org.apache.maven.surefire.testng.TestNGXmlTestSuite.execute(TestNGXmlTestSuite.java:84)
	at org.apache.maven.surefire.testng.TestNGProvider.invoke(TestNGProvider.java:92)
	at org.apache.maven.surefire.booter.ForkedBooter.invokeProviderInSameClassLoader(ForkedBooter.java:200)
	at org.apache.maven.surefire.booter.ForkedBooter.runSuitesInProcess(ForkedBooter.java:153)
	at org.apache.maven.surefire.booter.ForkedBooter.main(ForkedBooter.java:103)
</pre></div></td>
<td>0</td>
<td>com.myntra.apiTests.portalservices.atsService.TestATSAPISV2@8576fa0</td></tr>
<tr>
<td title='com.myntra.apiTests.portalservices.atsService.TestATSAPISV2.testIsCustomerBlockedWithoutClientID()'><b>testIsCustomerBlockedWithoutClientID</b><br>Test class: com.myntra.apiTests.portalservices.atsService.TestATSAPISV2</td>
<td><div><pre>java.lang.AssertionError: expected [400] but found [200]
	at com.myntra.apiTests.portalservices.atsService.TestATSAPISV2.testIsCustomerBlockedWithoutClientID(TestATSAPISV2.java:333)
... Removed 33 stack frames</pre></div><a href='#' onClick='toggleBox("stack-trace70704621", this, "Click to show all stack frames", "Click to hide stack frames")'>Click to show all stack frames</a>
<div class='stack-trace' id='stack-trace70704621'><pre>java.lang.AssertionError: expected [400] but found [200]
	at org.testng.Assert.fail(Assert.java:94)
	at org.testng.Assert.failNotEquals(Assert.java:513)
	at org.testng.Assert.assertEqualsImpl(Assert.java:135)
	at org.testng.Assert.assertEquals(Assert.java:116)
	at org.testng.Assert.assertEquals(Assert.java:389)
	at org.testng.Assert.assertEquals(Assert.java:399)
	at com.myntra.apiTests.portalservices.atsService.TestATSAPISV2.testIsCustomerBlockedWithoutClientID(TestATSAPISV2.java:333)
	at sun.reflect.NativeMethodAccessorImpl.invoke0(Native Method)
	at sun.reflect.NativeMethodAccessorImpl.invoke(NativeMethodAccessorImpl.java:62)
	at sun.reflect.DelegatingMethodAccessorImpl.invoke(DelegatingMethodAccessorImpl.java:43)
	at java.lang.reflect.Method.invoke(Method.java:498)
	at org.testng.internal.MethodInvocationHelper.invokeMethod(MethodInvocationHelper.java:86)
	at org.testng.internal.Invoker.invokeMethod(Invoker.java:643)
	at org.testng.internal.Invoker.invokeTestMethod(Invoker.java:820)
	at org.testng.internal.Invoker.invokeTestMethods(Invoker.java:1128)
	at org.testng.internal.TestMethodWorker.invokeTestMethods(TestMethodWorker.java:129)
	at org.testng.internal.TestMethodWorker.run(TestMethodWorker.java:112)
	at org.testng.TestRunner.privateRun(TestRunner.java:782)
	at org.testng.TestRunner.run(TestRunner.java:632)
	at org.testng.SuiteRunner.runTest(SuiteRunner.java:366)
	at org.testng.SuiteRunner.runSequentially(SuiteRunner.java:361)
	at org.testng.SuiteRunner.privateRun(SuiteRunner.java:319)
	at org.testng.SuiteRunner.run(SuiteRunner.java:268)
	at org.testng.SuiteRunnerWorker.runSuite(SuiteRunnerWorker.java:52)
	at org.testng.SuiteRunnerWorker.run(SuiteRunnerWorker.java:86)
	at org.testng.TestNG.runSuitesSequentially(TestNG.java:1244)
	at org.testng.TestNG.runSuitesLocally(TestNG.java:1169)
	at org.testng.TestNG.run(TestNG.java:1064)
	at org.apache.maven.surefire.testng.TestNGExecutor.run(TestNGExecutor.java:217)
	at org.apache.maven.surefire.testng.TestNGXmlTestSuite.execute(TestNGXmlTestSuite.java:84)
	at org.apache.maven.surefire.testng.TestNGProvider.invoke(TestNGProvider.java:92)
	at org.apache.maven.surefire.booter.ForkedBooter.invokeProviderInSameClassLoader(ForkedBooter.java:200)
	at org.apache.maven.surefire.booter.ForkedBooter.runSuitesInProcess(ForkedBooter.java:153)
	at org.apache.maven.surefire.booter.ForkedBooter.main(ForkedBooter.java:103)
</pre></div></td>
<td>0</td>
<td>com.myntra.apiTests.portalservices.atsService.TestATSAPISV2@8576fa0</td></tr>
<tr>
<td title='com.myntra.apiTests.portalservices.atsService.TestATSAPISV2.testPostATSDetailsWithoutClientID()'><b>testPostATSDetailsWithoutClientID</b><br>Test class: com.myntra.apiTests.portalservices.atsService.TestATSAPISV2</td>
<td><div><pre>java.lang.AssertionError: expected [400] but found [200]
	at com.myntra.apiTests.portalservices.atsService.TestATSAPISV2.testPostATSDetailsWithoutClientID(TestATSAPISV2.java:261)
... Removed 33 stack frames</pre></div><a href='#' onClick='toggleBox("stack-trace788840947", this, "Click to show all stack frames", "Click to hide stack frames")'>Click to show all stack frames</a>
<div class='stack-trace' id='stack-trace788840947'><pre>java.lang.AssertionError: expected [400] but found [200]
	at org.testng.Assert.fail(Assert.java:94)
	at org.testng.Assert.failNotEquals(Assert.java:513)
	at org.testng.Assert.assertEqualsImpl(Assert.java:135)
	at org.testng.Assert.assertEquals(Assert.java:116)
	at org.testng.Assert.assertEquals(Assert.java:389)
	at org.testng.Assert.assertEquals(Assert.java:399)
	at com.myntra.apiTests.portalservices.atsService.TestATSAPISV2.testPostATSDetailsWithoutClientID(TestATSAPISV2.java:261)
	at sun.reflect.NativeMethodAccessorImpl.invoke0(Native Method)
	at sun.reflect.NativeMethodAccessorImpl.invoke(NativeMethodAccessorImpl.java:62)
	at sun.reflect.DelegatingMethodAccessorImpl.invoke(DelegatingMethodAccessorImpl.java:43)
	at java.lang.reflect.Method.invoke(Method.java:498)
	at org.testng.internal.MethodInvocationHelper.invokeMethod(MethodInvocationHelper.java:86)
	at org.testng.internal.Invoker.invokeMethod(Invoker.java:643)
	at org.testng.internal.Invoker.invokeTestMethod(Invoker.java:820)
	at org.testng.internal.Invoker.invokeTestMethods(Invoker.java:1128)
	at org.testng.internal.TestMethodWorker.invokeTestMethods(TestMethodWorker.java:129)
	at org.testng.internal.TestMethodWorker.run(TestMethodWorker.java:112)
	at org.testng.TestRunner.privateRun(TestRunner.java:782)
	at org.testng.TestRunner.run(TestRunner.java:632)
	at org.testng.SuiteRunner.runTest(SuiteRunner.java:366)
	at org.testng.SuiteRunner.runSequentially(SuiteRunner.java:361)
	at org.testng.SuiteRunner.privateRun(SuiteRunner.java:319)
	at org.testng.SuiteRunner.run(SuiteRunner.java:268)
	at org.testng.SuiteRunnerWorker.runSuite(SuiteRunnerWorker.java:52)
	at org.testng.SuiteRunnerWorker.run(SuiteRunnerWorker.java:86)
	at org.testng.TestNG.runSuitesSequentially(TestNG.java:1244)
	at org.testng.TestNG.runSuitesLocally(TestNG.java:1169)
	at org.testng.TestNG.run(TestNG.java:1064)
	at org.apache.maven.surefire.testng.TestNGExecutor.run(TestNGExecutor.java:217)
	at org.apache.maven.surefire.testng.TestNGXmlTestSuite.execute(TestNGXmlTestSuite.java:84)
	at org.apache.maven.surefire.testng.TestNGProvider.invoke(TestNGProvider.java:92)
	at org.apache.maven.surefire.booter.ForkedBooter.invokeProviderInSameClassLoader(ForkedBooter.java:200)
	at org.apache.maven.surefire.booter.ForkedBooter.runSuitesInProcess(ForkedBooter.java:153)
	at org.apache.maven.surefire.booter.ForkedBooter.main(ForkedBooter.java:103)
</pre></div></td>
<td>0</td>
<td>com.myntra.apiTests.portalservices.atsService.TestATSAPISV2@8576fa0</td></tr>
<tr>
<td title='com.myntra.apiTests.portalservices.atsService.TestATSAPISV2.testPutCustomerBlockedWithoutClientID()'><b>testPutCustomerBlockedWithoutClientID</b><br>Test class: com.myntra.apiTests.portalservices.atsService.TestATSAPISV2</td>
<td><div><pre>java.lang.AssertionError: expected [400] but found [200]
	at com.myntra.apiTests.portalservices.atsService.TestATSAPISV2.testPutCustomerBlockedWithoutClientID(TestATSAPISV2.java:340)
... Removed 33 stack frames</pre></div><a href='#' onClick='toggleBox("stack-trace692997173", this, "Click to show all stack frames", "Click to hide stack frames")'>Click to show all stack frames</a>
<div class='stack-trace' id='stack-trace692997173'><pre>java.lang.AssertionError: expected [400] but found [200]
	at org.testng.Assert.fail(Assert.java:94)
	at org.testng.Assert.failNotEquals(Assert.java:513)
	at org.testng.Assert.assertEqualsImpl(Assert.java:135)
	at org.testng.Assert.assertEquals(Assert.java:116)
	at org.testng.Assert.assertEquals(Assert.java:389)
	at org.testng.Assert.assertEquals(Assert.java:399)
	at com.myntra.apiTests.portalservices.atsService.TestATSAPISV2.testPutCustomerBlockedWithoutClientID(TestATSAPISV2.java:340)
	at sun.reflect.NativeMethodAccessorImpl.invoke0(Native Method)
	at sun.reflect.NativeMethodAccessorImpl.invoke(NativeMethodAccessorImpl.java:62)
	at sun.reflect.DelegatingMethodAccessorImpl.invoke(DelegatingMethodAccessorImpl.java:43)
	at java.lang.reflect.Method.invoke(Method.java:498)
	at org.testng.internal.MethodInvocationHelper.invokeMethod(MethodInvocationHelper.java:86)
	at org.testng.internal.Invoker.invokeMethod(Invoker.java:643)
	at org.testng.internal.Invoker.invokeTestMethod(Invoker.java:820)
	at org.testng.internal.Invoker.invokeTestMethods(Invoker.java:1128)
	at org.testng.internal.TestMethodWorker.invokeTestMethods(TestMethodWorker.java:129)
	at org.testng.internal.TestMethodWorker.run(TestMethodWorker.java:112)
	at org.testng.TestRunner.privateRun(TestRunner.java:782)
	at org.testng.TestRunner.run(TestRunner.java:632)
	at org.testng.SuiteRunner.runTest(SuiteRunner.java:366)
	at org.testng.SuiteRunner.runSequentially(SuiteRunner.java:361)
	at org.testng.SuiteRunner.privateRun(SuiteRunner.java:319)
	at org.testng.SuiteRunner.run(SuiteRunner.java:268)
	at org.testng.SuiteRunnerWorker.runSuite(SuiteRunnerWorker.java:52)
	at org.testng.SuiteRunnerWorker.run(SuiteRunnerWorker.java:86)
	at org.testng.TestNG.runSuitesSequentially(TestNG.java:1244)
	at org.testng.TestNG.runSuitesLocally(TestNG.java:1169)
	at org.testng.TestNG.run(TestNG.java:1064)
	at org.apache.maven.surefire.testng.TestNGExecutor.run(TestNGExecutor.java:217)
	at org.apache.maven.surefire.testng.TestNGXmlTestSuite.execute(TestNGXmlTestSuite.java:84)
	at org.apache.maven.surefire.testng.TestNGProvider.invoke(TestNGProvider.java:92)
	at org.apache.maven.surefire.booter.ForkedBooter.invokeProviderInSameClassLoader(ForkedBooter.java:200)
	at org.apache.maven.surefire.booter.ForkedBooter.runSuitesInProcess(ForkedBooter.java:153)
	at org.apache.maven.surefire.booter.ForkedBooter.main(ForkedBooter.java:103)
</pre></div></td>
<td>0</td>
<td>com.myntra.apiTests.portalservices.atsService.TestATSAPISV2@8576fa0</td></tr>
<tr>
<td title='com.myntra.apiTests.portalservices.atsService.TestATSAPISV2.testPutFakeEmailWithoutClientID()'><b>testPutFakeEmailWithoutClientID</b><br>Test class: com.myntra.apiTests.portalservices.atsService.TestATSAPISV2</td>
<td><div><pre>java.lang.AssertionError: expected [400] but found [200]
	at com.myntra.apiTests.portalservices.atsService.TestATSAPISV2.testPutFakeEmailWithoutClientID(TestATSAPISV2.java:383)
... Removed 33 stack frames</pre></div><a href='#' onClick='toggleBox("stack-trace1690962912", this, "Click to show all stack frames", "Click to hide stack frames")'>Click to show all stack frames</a>
<div class='stack-trace' id='stack-trace1690962912'><pre>java.lang.AssertionError: expected [400] but found [200]
	at org.testng.Assert.fail(Assert.java:94)
	at org.testng.Assert.failNotEquals(Assert.java:513)
	at org.testng.Assert.assertEqualsImpl(Assert.java:135)
	at org.testng.Assert.assertEquals(Assert.java:116)
	at org.testng.Assert.assertEquals(Assert.java:389)
	at org.testng.Assert.assertEquals(Assert.java:399)
	at com.myntra.apiTests.portalservices.atsService.TestATSAPISV2.testPutFakeEmailWithoutClientID(TestATSAPISV2.java:383)
	at sun.reflect.NativeMethodAccessorImpl.invoke0(Native Method)
	at sun.reflect.NativeMethodAccessorImpl.invoke(NativeMethodAccessorImpl.java:62)
	at sun.reflect.DelegatingMethodAccessorImpl.invoke(DelegatingMethodAccessorImpl.java:43)
	at java.lang.reflect.Method.invoke(Method.java:498)
	at org.testng.internal.MethodInvocationHelper.invokeMethod(MethodInvocationHelper.java:86)
	at org.testng.internal.Invoker.invokeMethod(Invoker.java:643)
	at org.testng.internal.Invoker.invokeTestMethod(Invoker.java:820)
	at org.testng.internal.Invoker.invokeTestMethods(Invoker.java:1128)
	at org.testng.internal.TestMethodWorker.invokeTestMethods(TestMethodWorker.java:129)
	at org.testng.internal.TestMethodWorker.run(TestMethodWorker.java:112)
	at org.testng.TestRunner.privateRun(TestRunner.java:782)
	at org.testng.TestRunner.run(TestRunner.java:632)
	at org.testng.SuiteRunner.runTest(SuiteRunner.java:366)
	at org.testng.SuiteRunner.runSequentially(SuiteRunner.java:361)
	at org.testng.SuiteRunner.privateRun(SuiteRunner.java:319)
	at org.testng.SuiteRunner.run(SuiteRunner.java:268)
	at org.testng.SuiteRunnerWorker.runSuite(SuiteRunnerWorker.java:52)
	at org.testng.SuiteRunnerWorker.run(SuiteRunnerWorker.java:86)
	at org.testng.TestNG.runSuitesSequentially(TestNG.java:1244)
	at org.testng.TestNG.runSuitesLocally(TestNG.java:1169)
	at org.testng.TestNG.run(TestNG.java:1064)
	at org.apache.maven.surefire.testng.TestNGExecutor.run(TestNGExecutor.java:217)
	at org.apache.maven.surefire.testng.TestNGXmlTestSuite.execute(TestNGXmlTestSuite.java:84)
	at org.apache.maven.surefire.testng.TestNGProvider.invoke(TestNGProvider.java:92)
	at org.apache.maven.surefire.booter.ForkedBooter.invokeProviderInSameClassLoader(ForkedBooter.java:200)
	at org.apache.maven.surefire.booter.ForkedBooter.runSuitesInProcess(ForkedBooter.java:153)
	at org.apache.maven.surefire.booter.ForkedBooter.main(ForkedBooter.java:103)
</pre></div></td>
<td>0</td>
<td>com.myntra.apiTests.portalservices.atsService.TestATSAPISV2@8576fa0</td></tr>
<tr>
<td title='com.myntra.apiTests.portalservices.atsService.TestATSAPISV2.testPutLinkedAccbyPhoneWithoutClientID()'><b>testPutLinkedAccbyPhoneWithoutClientID</b><br>Test class: com.myntra.apiTests.portalservices.atsService.TestATSAPISV2</td>
<td><div><pre>java.lang.AssertionError: expected [400] but found [200]
	at com.myntra.apiTests.portalservices.atsService.TestATSAPISV2.testPutLinkedAccbyPhoneWithoutClientID(TestATSAPISV2.java:367)
... Removed 33 stack frames</pre></div><a href='#' onClick='toggleBox("stack-trace532949290", this, "Click to show all stack frames", "Click to hide stack frames")'>Click to show all stack frames</a>
<div class='stack-trace' id='stack-trace532949290'><pre>java.lang.AssertionError: expected [400] but found [200]
	at org.testng.Assert.fail(Assert.java:94)
	at org.testng.Assert.failNotEquals(Assert.java:513)
	at org.testng.Assert.assertEqualsImpl(Assert.java:135)
	at org.testng.Assert.assertEquals(Assert.java:116)
	at org.testng.Assert.assertEquals(Assert.java:389)
	at org.testng.Assert.assertEquals(Assert.java:399)
	at com.myntra.apiTests.portalservices.atsService.TestATSAPISV2.testPutLinkedAccbyPhoneWithoutClientID(TestATSAPISV2.java:367)
	at sun.reflect.NativeMethodAccessorImpl.invoke0(Native Method)
	at sun.reflect.NativeMethodAccessorImpl.invoke(NativeMethodAccessorImpl.java:62)
	at sun.reflect.DelegatingMethodAccessorImpl.invoke(DelegatingMethodAccessorImpl.java:43)
	at java.lang.reflect.Method.invoke(Method.java:498)
	at org.testng.internal.MethodInvocationHelper.invokeMethod(MethodInvocationHelper.java:86)
	at org.testng.internal.Invoker.invokeMethod(Invoker.java:643)
	at org.testng.internal.Invoker.invokeTestMethod(Invoker.java:820)
	at org.testng.internal.Invoker.invokeTestMethods(Invoker.java:1128)
	at org.testng.internal.TestMethodWorker.invokeTestMethods(TestMethodWorker.java:129)
	at org.testng.internal.TestMethodWorker.run(TestMethodWorker.java:112)
	at org.testng.TestRunner.privateRun(TestRunner.java:782)
	at org.testng.TestRunner.run(TestRunner.java:632)
	at org.testng.SuiteRunner.runTest(SuiteRunner.java:366)
	at org.testng.SuiteRunner.runSequentially(SuiteRunner.java:361)
	at org.testng.SuiteRunner.privateRun(SuiteRunner.java:319)
	at org.testng.SuiteRunner.run(SuiteRunner.java:268)
	at org.testng.SuiteRunnerWorker.runSuite(SuiteRunnerWorker.java:52)
	at org.testng.SuiteRunnerWorker.run(SuiteRunnerWorker.java:86)
	at org.testng.TestNG.runSuitesSequentially(TestNG.java:1244)
	at org.testng.TestNG.runSuitesLocally(TestNG.java:1169)
	at org.testng.TestNG.run(TestNG.java:1064)
	at org.apache.maven.surefire.testng.TestNGExecutor.run(TestNGExecutor.java:217)
	at org.apache.maven.surefire.testng.TestNGXmlTestSuite.execute(TestNGXmlTestSuite.java:84)
	at org.apache.maven.surefire.testng.TestNGProvider.invoke(TestNGProvider.java:92)
	at org.apache.maven.surefire.booter.ForkedBooter.invokeProviderInSameClassLoader(ForkedBooter.java:200)
	at org.apache.maven.surefire.booter.ForkedBooter.runSuitesInProcess(ForkedBooter.java:153)
	at org.apache.maven.surefire.booter.ForkedBooter.main(ForkedBooter.java:103)
</pre></div></td>
<td>0</td>
<td>com.myntra.apiTests.portalservices.atsService.TestATSAPISV2@8576fa0</td></tr>
<tr>
<td title='com.myntra.apiTests.portalservices.atsService.TestATSAPISV2.testPutOpenOrdersValueWithoutClientID()'><b>testPutOpenOrdersValueWithoutClientID</b><br>Test class: com.myntra.apiTests.portalservices.atsService.TestATSAPISV2</td>
<td><div><pre>java.lang.AssertionError: expected [400] but found [200]
	at com.myntra.apiTests.portalservices.atsService.TestATSAPISV2.testPutOpenOrdersValueWithoutClientID(TestATSAPISV2.java:286)
... Removed 33 stack frames</pre></div><a href='#' onClick='toggleBox("stack-trace1473885540", this, "Click to show all stack frames", "Click to hide stack frames")'>Click to show all stack frames</a>
<div class='stack-trace' id='stack-trace1473885540'><pre>java.lang.AssertionError: expected [400] but found [200]
	at org.testng.Assert.fail(Assert.java:94)
	at org.testng.Assert.failNotEquals(Assert.java:513)
	at org.testng.Assert.assertEqualsImpl(Assert.java:135)
	at org.testng.Assert.assertEquals(Assert.java:116)
	at org.testng.Assert.assertEquals(Assert.java:389)
	at org.testng.Assert.assertEquals(Assert.java:399)
	at com.myntra.apiTests.portalservices.atsService.TestATSAPISV2.testPutOpenOrdersValueWithoutClientID(TestATSAPISV2.java:286)
	at sun.reflect.NativeMethodAccessorImpl.invoke0(Native Method)
	at sun.reflect.NativeMethodAccessorImpl.invoke(NativeMethodAccessorImpl.java:62)
	at sun.reflect.DelegatingMethodAccessorImpl.invoke(DelegatingMethodAccessorImpl.java:43)
	at java.lang.reflect.Method.invoke(Method.java:498)
	at org.testng.internal.MethodInvocationHelper.invokeMethod(MethodInvocationHelper.java:86)
	at org.testng.internal.Invoker.invokeMethod(Invoker.java:643)
	at org.testng.internal.Invoker.invokeTestMethod(Invoker.java:820)
	at org.testng.internal.Invoker.invokeTestMethods(Invoker.java:1128)
	at org.testng.internal.TestMethodWorker.invokeTestMethods(TestMethodWorker.java:129)
	at org.testng.internal.TestMethodWorker.run(TestMethodWorker.java:112)
	at org.testng.TestRunner.privateRun(TestRunner.java:782)
	at org.testng.TestRunner.run(TestRunner.java:632)
	at org.testng.SuiteRunner.runTest(SuiteRunner.java:366)
	at org.testng.SuiteRunner.runSequentially(SuiteRunner.java:361)
	at org.testng.SuiteRunner.privateRun(SuiteRunner.java:319)
	at org.testng.SuiteRunner.run(SuiteRunner.java:268)
	at org.testng.SuiteRunnerWorker.runSuite(SuiteRunnerWorker.java:52)
	at org.testng.SuiteRunnerWorker.run(SuiteRunnerWorker.java:86)
	at org.testng.TestNG.runSuitesSequentially(TestNG.java:1244)
	at org.testng.TestNG.runSuitesLocally(TestNG.java:1169)
	at org.testng.TestNG.run(TestNG.java:1064)
	at org.apache.maven.surefire.testng.TestNGExecutor.run(TestNGExecutor.java:217)
	at org.apache.maven.surefire.testng.TestNGXmlTestSuite.execute(TestNGXmlTestSuite.java:84)
	at org.apache.maven.surefire.testng.TestNGProvider.invoke(TestNGProvider.java:92)
	at org.apache.maven.surefire.booter.ForkedBooter.invokeProviderInSameClassLoader(ForkedBooter.java:200)
	at org.apache.maven.surefire.booter.ForkedBooter.runSuitesInProcess(ForkedBooter.java:153)
	at org.apache.maven.surefire.booter.ForkedBooter.main(ForkedBooter.java:103)
</pre></div></td>
<td>0</td>
<td>com.myntra.apiTests.portalservices.atsService.TestATSAPISV2@8576fa0</td></tr>
<tr>
<td title='com.myntra.apiTests.portalservices.atsService.TestATSAPISV2.testPutReturnAbuserWithoutClientID()'><b>testPutReturnAbuserWithoutClientID</b><br>Test class: com.myntra.apiTests.portalservices.atsService.TestATSAPISV2</td>
<td><div><pre>java.lang.AssertionError: expected [400] but found [200]
	at com.myntra.apiTests.portalservices.atsService.TestATSAPISV2.testPutReturnAbuserWithoutClientID(TestATSAPISV2.java:302)
... Removed 33 stack frames</pre></div><a href='#' onClick='toggleBox("stack-trace513482143", this, "Click to show all stack frames", "Click to hide stack frames")'>Click to show all stack frames</a>
<div class='stack-trace' id='stack-trace513482143'><pre>java.lang.AssertionError: expected [400] but found [200]
	at org.testng.Assert.fail(Assert.java:94)
	at org.testng.Assert.failNotEquals(Assert.java:513)
	at org.testng.Assert.assertEqualsImpl(Assert.java:135)
	at org.testng.Assert.assertEquals(Assert.java:116)
	at org.testng.Assert.assertEquals(Assert.java:389)
	at org.testng.Assert.assertEquals(Assert.java:399)
	at com.myntra.apiTests.portalservices.atsService.TestATSAPISV2.testPutReturnAbuserWithoutClientID(TestATSAPISV2.java:302)
	at sun.reflect.NativeMethodAccessorImpl.invoke0(Native Method)
	at sun.reflect.NativeMethodAccessorImpl.invoke(NativeMethodAccessorImpl.java:62)
	at sun.reflect.DelegatingMethodAccessorImpl.invoke(DelegatingMethodAccessorImpl.java:43)
	at java.lang.reflect.Method.invoke(Method.java:498)
	at org.testng.internal.MethodInvocationHelper.invokeMethod(MethodInvocationHelper.java:86)
	at org.testng.internal.Invoker.invokeMethod(Invoker.java:643)
	at org.testng.internal.Invoker.invokeTestMethod(Invoker.java:820)
	at org.testng.internal.Invoker.invokeTestMethods(Invoker.java:1128)
	at org.testng.internal.TestMethodWorker.invokeTestMethods(TestMethodWorker.java:129)
	at org.testng.internal.TestMethodWorker.run(TestMethodWorker.java:112)
	at org.testng.TestRunner.privateRun(TestRunner.java:782)
	at org.testng.TestRunner.run(TestRunner.java:632)
	at org.testng.SuiteRunner.runTest(SuiteRunner.java:366)
	at org.testng.SuiteRunner.runSequentially(SuiteRunner.java:361)
	at org.testng.SuiteRunner.privateRun(SuiteRunner.java:319)
	at org.testng.SuiteRunner.run(SuiteRunner.java:268)
	at org.testng.SuiteRunnerWorker.runSuite(SuiteRunnerWorker.java:52)
	at org.testng.SuiteRunnerWorker.run(SuiteRunnerWorker.java:86)
	at org.testng.TestNG.runSuitesSequentially(TestNG.java:1244)
	at org.testng.TestNG.runSuitesLocally(TestNG.java:1169)
	at org.testng.TestNG.run(TestNG.java:1064)
	at org.apache.maven.surefire.testng.TestNGExecutor.run(TestNGExecutor.java:217)
	at org.apache.maven.surefire.testng.TestNGXmlTestSuite.execute(TestNGXmlTestSuite.java:84)
	at org.apache.maven.surefire.testng.TestNGProvider.invoke(TestNGProvider.java:92)
	at org.apache.maven.surefire.booter.ForkedBooter.invokeProviderInSameClassLoader(ForkedBooter.java:200)
	at org.apache.maven.surefire.booter.ForkedBooter.runSuitesInProcess(ForkedBooter.java:153)
	at org.apache.maven.surefire.booter.ForkedBooter.main(ForkedBooter.java:103)
</pre></div></td>
<td>0</td>
<td>com.myntra.apiTests.portalservices.atsService.TestATSAPISV2@8576fa0</td></tr>
</table><p>
<table width='100%' border='1' class='invocation-passed'>
<tr><td colspan='4' align='center'><b>PASSED TESTS</b></td></tr>
<tr><td><b>Test method</b></td>
<td width="30%"><b>Exception</b></td>
<td width="10%"><b>Time (seconds)</b></td>
<td><b>Instance</b></td>
</tr>
<tr>
<td title='com.myntra.apiTests.portalservices.atsService.TestATSAPISV2.testAddressScoreAPIValidatation()'><b>testAddressScoreAPIValidatation</b><br>Test class: com.myntra.apiTests.portalservices.atsService.TestATSAPISV2<br>Parameters: a6 hermes drome near kailash super market vimannagar puneviman nagar, true, true</td>
<td></td>
<td>0</td>
<td>com.myntra.apiTests.portalservices.atsService.TestATSAPISV2@8576fa0</td></tr>
<tr>
<td title='com.myntra.apiTests.portalservices.atsService.TestATSAPISV2.testAddressScoreAPIValidatation()'><b>testAddressScoreAPIValidatation</b><br>Test class: com.myntra.apiTests.portalservices.atsService.TestATSAPISV2<br>Parameters: Webenza India Pvt Ltd #207 Regent Prime Whitefield main road, true, true</td>
<td></td>
<td>0</td>
<td>com.myntra.apiTests.portalservices.atsService.TestATSAPISV2@8576fa0</td></tr>
<tr>
<td title='com.myntra.apiTests.portalservices.atsService.TestATSAPISV2.testAddressScoreAPIValidatation()'><b>testAddressScoreAPIValidatation</b><br>Test class: com.myntra.apiTests.portalservices.atsService.TestATSAPISV2<br>Parameters: Myntra, Flat 123,Near Kudlu Gate,Bommanhalli, 560068, true, true</td>
<td></td>
<td>0</td>
<td>com.myntra.apiTests.portalservices.atsService.TestATSAPISV2@8576fa0</td></tr>
<tr>
<td title='com.myntra.apiTests.portalservices.atsService.TestATSAPISV2.testAddressScoreAPIValidatation()'><b>testAddressScoreAPIValidatation</b><br>Test class: com.myntra.apiTests.portalservices.atsService.TestATSAPISV2<br>Parameters: C/O-Shri Sushil Kumar Sinha, Doordarshan Staff Qtr, Qtr no-C-V/V, Chandmari road, Tarapur, Silchar, Cachar, Assam, true, true</td>
<td></td>
<td>0</td>
<td>com.myntra.apiTests.portalservices.atsService.TestATSAPISV2@8576fa0</td></tr>
<tr>
<td title='com.myntra.apiTests.portalservices.atsService.TestATSAPISV2.testAddressScoreAPIValidatation()'><b>testAddressScoreAPIValidatation</b><br>Test class: com.myntra.apiTests.portalservices.atsService.TestATSAPISV2<br>Parameters: Kalpana chawla block(b block),Ladies hostel,VIT university,Vellore,Pin-632014, true, true</td>
<td></td>
<td>0</td>
<td>com.myntra.apiTests.portalservices.atsService.TestATSAPISV2@8576fa0</td></tr>
<tr>
<td title='com.myntra.apiTests.portalservices.atsService.TestATSAPISV2.testAddressScoreAPIValidatation()'><b>testAddressScoreAPIValidatation</b><br>Test class: com.myntra.apiTests.portalservices.atsService.TestATSAPISV2<br>Parameters: somedummy Address, false, false</td>
<td></td>
<td>0</td>
<td>com.myntra.apiTests.portalservices.atsService.TestATSAPISV2@8576fa0</td></tr>
<tr>
<td title='com.myntra.apiTests.portalservices.atsService.TestATSAPISV2.testAddressScoreAPIValidatation()'><b>testAddressScoreAPIValidatation</b><br>Test class: com.myntra.apiTests.portalservices.atsService.TestATSAPISV2<br>Parameters: inland container depot icd ppg ghazipur new delhi-110096ghazipur, false, true</td>
<td></td>
<td>0</td>
<td>com.myntra.apiTests.portalservices.atsService.TestATSAPISV2@8576fa0</td></tr>
<tr>
<td title='com.myntra.apiTests.portalservices.atsService.TestATSAPISV2.testAddressScoreAPIValidatation()'><b>testAddressScoreAPIValidatation</b><br>Test class: com.myntra.apiTests.portalservices.atsService.TestATSAPISV2<br>Parameters: HCB Road, false, false</td>
<td></td>
<td>0</td>
<td>com.myntra.apiTests.portalservices.atsService.TestATSAPISV2@8576fa0</td></tr>
<tr>
<td title='com.myntra.apiTests.portalservices.atsService.TestATSAPISV2.testAddressScoreAPIValidatation()'><b>testAddressScoreAPIValidatation</b><br>Test class: com.myntra.apiTests.portalservices.atsService.TestATSAPISV2<br>Parameters: ma suman plazabhagalpur central jail, false, false</td>
<td></td>
<td>0</td>
<td>com.myntra.apiTests.portalservices.atsService.TestATSAPISV2@8576fa0</td></tr>
<tr>
<td title='com.myntra.apiTests.portalservices.atsService.TestATSAPISV2.testAddressScoreAPIValidatation()'><b>testAddressScoreAPIValidatation</b><br>Test class: com.myntra.apiTests.portalservices.atsService.TestATSAPISV2<br>Parameters: ram nagar colony khair road aligarh, false, true</td>
<td></td>
<td>0</td>
<td>com.myntra.apiTests.portalservices.atsService.TestATSAPISV2@8576fa0</td></tr>
<tr>
<td title='com.myntra.apiTests.portalservices.atsService.TestATSAPISV2.testPostandGetOutstandingCODLimit()'><b>testPostandGetOutstandingCODLimit</b><br>Test class: com.myntra.apiTests.portalservices.atsService.TestATSAPISV2<br>Parameters: 1, 0.0, true</td>
<td></td>
<td>0</td>
<td>com.myntra.apiTests.portalservices.atsService.TestATSAPISV2@8576fa0</td></tr>
<tr>
<td title='com.myntra.apiTests.portalservices.atsService.TestATSAPISV2.testPostandGetOutstandingCODLimit()'><b>testPostandGetOutstandingCODLimit</b><br>Test class: com.myntra.apiTests.portalservices.atsService.TestATSAPISV2<br>Parameters: 2, 1500.0, true</td>
<td></td>
<td>0</td>
<td>com.myntra.apiTests.portalservices.atsService.TestATSAPISV2@8576fa0</td></tr>
<tr>
<td title='com.myntra.apiTests.portalservices.atsService.TestATSAPISV2.testPostandGetOutstandingCODLimit()'><b>testPostandGetOutstandingCODLimit</b><br>Test class: com.myntra.apiTests.portalservices.atsService.TestATSAPISV2<br>Parameters: 3, 3000.0, true</td>
<td></td>
<td>0</td>
<td>com.myntra.apiTests.portalservices.atsService.TestATSAPISV2@8576fa0</td></tr>
<tr>
<td title='com.myntra.apiTests.portalservices.atsService.TestATSAPISV2.testPostandGetOutstandingCODLimit()'><b>testPostandGetOutstandingCODLimit</b><br>Test class: com.myntra.apiTests.portalservices.atsService.TestATSAPISV2<br>Parameters: 4, 100000.0, false</td>
<td></td>
<td>0</td>
<td>com.myntra.apiTests.portalservices.atsService.TestATSAPISV2@8576fa0</td></tr>
<tr>
<td title='com.myntra.apiTests.portalservices.atsService.TestATSAPISV2.testPostandGetOutstandingCODLimit()'><b>testPostandGetOutstandingCODLimit</b><br>Test class: com.myntra.apiTests.portalservices.atsService.TestATSAPISV2<br>Parameters: 5, 299.0, true</td>
<td></td>
<td>0</td>
<td>com.myntra.apiTests.portalservices.atsService.TestATSAPISV2@8576fa0</td></tr>
<tr>
<td title='com.myntra.apiTests.portalservices.atsService.TestATSAPISV2.testPostandGetOutstandingCODLimit()'><b>testPostandGetOutstandingCODLimit</b><br>Test class: com.myntra.apiTests.portalservices.atsService.TestATSAPISV2<br>Parameters: 6, 100000.0, false</td>
<td></td>
<td>0</td>
<td>com.myntra.apiTests.portalservices.atsService.TestATSAPISV2@8576fa0</td></tr>
<tr>
<td title='com.myntra.apiTests.portalservices.atsService.TestATSAPISV2.testPostandGetOutstandingCODLimit()'><b>testPostandGetOutstandingCODLimit</b><br>Test class: com.myntra.apiTests.portalservices.atsService.TestATSAPISV2<br>Parameters: 7, 24999.0, true</td>
<td></td>
<td>0</td>
<td>com.myntra.apiTests.portalservices.atsService.TestATSAPISV2@8576fa0</td></tr>
<tr>
<td title='com.myntra.apiTests.portalservices.atsService.TestATSAPISV2.testPostandGetOutstandingCODLimit()'><b>testPostandGetOutstandingCODLimit</b><br>Test class: com.myntra.apiTests.portalservices.atsService.TestATSAPISV2<br>Parameters: 8, 1500.0, true</td>
<td></td>
<td>0</td>
<td>com.myntra.apiTests.portalservices.atsService.TestATSAPISV2@8576fa0</td></tr>
<tr>
<td title='com.myntra.apiTests.portalservices.atsService.TestATSAPISV2.testPutandGetBlockedCustomerByDevice()'><b>testPutandGetBlockedCustomerByDevice</b><br>Test class: com.myntra.apiTests.portalservices.atsService.TestATSAPISV2</td>
<td></td>
<td>0</td>
<td>com.myntra.apiTests.portalservices.atsService.TestATSAPISV2@8576fa0</td></tr>
<tr>
<td title='com.myntra.apiTests.portalservices.atsService.TestATSAPISV2.testPutandGetBlockedCustomerByLogin()'><b>testPutandGetBlockedCustomerByLogin</b><br>Test class: com.myntra.apiTests.portalservices.atsService.TestATSAPISV2</td>
<td></td>
<td>0</td>
<td>com.myntra.apiTests.portalservices.atsService.TestATSAPISV2@8576fa0</td></tr>
<tr>
<td title='com.myntra.apiTests.portalservices.atsService.TestATSAPISV2.testPutandGetBlockedCustomerByPhone()'><b>testPutandGetBlockedCustomerByPhone</b><br>Test class: com.myntra.apiTests.portalservices.atsService.TestATSAPISV2</td>
<td></td>
<td>0</td>
<td>com.myntra.apiTests.portalservices.atsService.TestATSAPISV2@8576fa0</td></tr>
<tr>
<td title='com.myntra.apiTests.portalservices.atsService.TestATSAPISV2.testPutandGetFakeEmailDetails()'><b>testPutandGetFakeEmailDetails</b><br>Test class: com.myntra.apiTests.portalservices.atsService.TestATSAPISV2<br>Parameters: true</td>
<td></td>
<td>0</td>
<td>com.myntra.apiTests.portalservices.atsService.TestATSAPISV2@8576fa0</td></tr>
<tr>
<td title='com.myntra.apiTests.portalservices.atsService.TestATSAPISV2.testPutandGetFakeEmailDetails()'><b>testPutandGetFakeEmailDetails</b><br>Test class: com.myntra.apiTests.portalservices.atsService.TestATSAPISV2<br>Parameters: false</td>
<td></td>
<td>0</td>
<td>com.myntra.apiTests.portalservices.atsService.TestATSAPISV2@8576fa0</td></tr>
<tr>
<td title='com.myntra.apiTests.portalservices.atsService.TestATSAPISV2.testPutandGetIsCustomerBlocked()'><b>testPutandGetIsCustomerBlocked</b><br>Test class: com.myntra.apiTests.portalservices.atsService.TestATSAPISV2</td>
<td></td>
<td>0</td>
<td>com.myntra.apiTests.portalservices.atsService.TestATSAPISV2@8576fa0</td></tr>
<tr>
<td title='com.myntra.apiTests.portalservices.atsService.TestATSAPISV2.testPutandGetLinkedEmail()'><b>testPutandGetLinkedEmail</b><br>Test class: com.myntra.apiTests.portalservices.atsService.TestATSAPISV2</td>
<td></td>
<td>2</td>
<td>com.myntra.apiTests.portalservices.atsService.TestATSAPISV2@8576fa0</td></tr>
<tr>
<td title='com.myntra.apiTests.portalservices.atsService.TestATSAPISV2.testPutandGetLinkedPhone()'><b>testPutandGetLinkedPhone</b><br>Test class: com.myntra.apiTests.portalservices.atsService.TestATSAPISV2</td>
<td></td>
<td>2</td>
<td>com.myntra.apiTests.portalservices.atsService.TestATSAPISV2@8576fa0</td></tr>
<tr>
<td title='com.myntra.apiTests.portalservices.atsService.TestATSAPISV2.testPutandGetReturnAbuserDetails()'><b>testPutandGetReturnAbuserDetails</b><br>Test class: com.myntra.apiTests.portalservices.atsService.TestATSAPISV2<br>Parameters: true</td>
<td></td>
<td>0</td>
<td>com.myntra.apiTests.portalservices.atsService.TestATSAPISV2@8576fa0</td></tr>
<tr>
<td title='com.myntra.apiTests.portalservices.atsService.TestATSAPISV2.testPutandGetReturnAbuserDetails()'><b>testPutandGetReturnAbuserDetails</b><br>Test class: com.myntra.apiTests.portalservices.atsService.TestATSAPISV2<br>Parameters: false</td>
<td></td>
<td>0</td>
<td>com.myntra.apiTests.portalservices.atsService.TestATSAPISV2@8576fa0</td></tr>
<tr>
<td title='com.myntra.apiTests.portalservices.atsService.TestATSAPISV2.testSetandGetATSUserDetailsVerification()'><b>testSetandGetATSUserDetailsVerification</b><br>Test class: com.myntra.apiTests.portalservices.atsService.TestATSAPISV2<br>Parameters: true, HIGH_RETURNS, true, COD103, true, DEFAULT, 1, 0.0, 0.0, 0.0</td>
<td></td>
<td>1</td>
<td>com.myntra.apiTests.portalservices.atsService.TestATSAPISV2@8576fa0</td></tr>
<tr>
<td title='com.myntra.apiTests.portalservices.atsService.TestATSAPISV2.testSetandGetATSUserDetailsVerification()'><b>testSetandGetATSUserDetailsVerification</b><br>Test class: com.myntra.apiTests.portalservices.atsService.TestATSAPISV2<br>Parameters: true, HIGH_RETURNS, true, COD103, true, DEFAULT, 2, 0.0, 0.0, 0.0</td>
<td></td>
<td>0</td>
<td>com.myntra.apiTests.portalservices.atsService.TestATSAPISV2@8576fa0</td></tr>
<tr>
<td title='com.myntra.apiTests.portalservices.atsService.TestATSAPISV2.testSetandGetATSUserDetailsVerification()'><b>testSetandGetATSUserDetailsVerification</b><br>Test class: com.myntra.apiTests.portalservices.atsService.TestATSAPISV2<br>Parameters: true, HIGH_RETURNS, true, COD103, false, DEFAULT, 2, 0.0, 299.0, 1500.0</td>
<td></td>
<td>0</td>
<td>com.myntra.apiTests.portalservices.atsService.TestATSAPISV2@8576fa0</td></tr>
<tr>
<td title='com.myntra.apiTests.portalservices.atsService.TestATSAPISV2.testSetandGetATSUserDetailsVerification()'><b>testSetandGetATSUserDetailsVerification</b><br>Test class: com.myntra.apiTests.portalservices.atsService.TestATSAPISV2<br>Parameters: true, HIGH_RETURNS, false, COD103, true, DEFAULT, 2, 0.0, 0.0, 0.0</td>
<td></td>
<td>0</td>
<td>com.myntra.apiTests.portalservices.atsService.TestATSAPISV2@8576fa0</td></tr>
<tr>
<td title='com.myntra.apiTests.portalservices.atsService.TestATSAPISV2.testSetandGetATSUserDetailsVerification()'><b>testSetandGetATSUserDetailsVerification</b><br>Test class: com.myntra.apiTests.portalservices.atsService.TestATSAPISV2<br>Parameters: true, HIGH_RETURNS, false, COD103, false, DEFAULT, 2, 0.0, 299.0, 1500.0</td>
<td></td>
<td>0</td>
<td>com.myntra.apiTests.portalservices.atsService.TestATSAPISV2@8576fa0</td></tr>
<tr>
<td title='com.myntra.apiTests.portalservices.atsService.TestATSAPISV2.testSetandGetATSUserDetailsVerification()'><b>testSetandGetATSUserDetailsVerification</b><br>Test class: com.myntra.apiTests.portalservices.atsService.TestATSAPISV2<br>Parameters: false, HIGH_RETURNS, true, COD103, true, DEFAULT, 2, 0.0, 0.0, 0.0</td>
<td></td>
<td>0</td>
<td>com.myntra.apiTests.portalservices.atsService.TestATSAPISV2@8576fa0</td></tr>
<tr>
<td title='com.myntra.apiTests.portalservices.atsService.TestATSAPISV2.testSetandGetATSUserDetailsVerification()'><b>testSetandGetATSUserDetailsVerification</b><br>Test class: com.myntra.apiTests.portalservices.atsService.TestATSAPISV2<br>Parameters: false, HIGH_RETURNS, true, COD103, false, DEFAULT, 2, 0.0, 299.0, 1500.0</td>
<td></td>
<td>0</td>
<td>com.myntra.apiTests.portalservices.atsService.TestATSAPISV2@8576fa0</td></tr>
<tr>
<td title='com.myntra.apiTests.portalservices.atsService.TestATSAPISV2.testSetandGetATSUserDetailsVerification()'><b>testSetandGetATSUserDetailsVerification</b><br>Test class: com.myntra.apiTests.portalservices.atsService.TestATSAPISV2<br>Parameters: false, HIGH_RETURNS, false, COD103, true, DEFAULT, 2, 0.0, 0.0, 0.0</td>
<td></td>
<td>0</td>
<td>com.myntra.apiTests.portalservices.atsService.TestATSAPISV2@8576fa0</td></tr>
<tr>
<td title='com.myntra.apiTests.portalservices.atsService.TestATSAPISV2.testSetandGetATSUserDetailsVerification()'><b>testSetandGetATSUserDetailsVerification</b><br>Test class: com.myntra.apiTests.portalservices.atsService.TestATSAPISV2<br>Parameters: false, HIGH_RETURNS, false, COD103, false, DEFAULT, 2, 0.0, 299.0, 1500.0</td>
<td></td>
<td>0</td>
<td>com.myntra.apiTests.portalservices.atsService.TestATSAPISV2@8576fa0</td></tr>
<tr>
<td title='com.myntra.apiTests.portalservices.atsService.TestATSAPISV2.testSetandGetATSUserDetailsVerification()'><b>testSetandGetATSUserDetailsVerification</b><br>Test class: com.myntra.apiTests.portalservices.atsService.TestATSAPISV2<br>Parameters: true, HIGH_RETURNS, true, COD103, false, DEFAULT, 2, -1000.0, 299.0, 500.0</td>
<td></td>
<td>0</td>
<td>com.myntra.apiTests.portalservices.atsService.TestATSAPISV2@8576fa0</td></tr>
<tr>
<td title='com.myntra.apiTests.portalservices.atsService.TestATSAPISV2.testSetandGetATSUserDetailsVerification()'><b>testSetandGetATSUserDetailsVerification</b><br>Test class: com.myntra.apiTests.portalservices.atsService.TestATSAPISV2<br>Parameters: true, HIGH_RETURNS, true, COD103, true, DEFAULT, 3, 0.0, 0.0, 0.0</td>
<td></td>
<td>0</td>
<td>com.myntra.apiTests.portalservices.atsService.TestATSAPISV2@8576fa0</td></tr>
<tr>
<td title='com.myntra.apiTests.portalservices.atsService.TestATSAPISV2.testSetandGetATSUserDetailsVerification()'><b>testSetandGetATSUserDetailsVerification</b><br>Test class: com.myntra.apiTests.portalservices.atsService.TestATSAPISV2<br>Parameters: true, HIGH_RETURNS, true, COD103, false, DEFAULT, 3, 0.0, 299.0, 3000.0</td>
<td></td>
<td>0</td>
<td>com.myntra.apiTests.portalservices.atsService.TestATSAPISV2@8576fa0</td></tr>
<tr>
<td title='com.myntra.apiTests.portalservices.atsService.TestATSAPISV2.testSetandGetATSUserDetailsVerification()'><b>testSetandGetATSUserDetailsVerification</b><br>Test class: com.myntra.apiTests.portalservices.atsService.TestATSAPISV2<br>Parameters: true, HIGH_RETURNS, false, COD103, true, DEFAULT, 3, 0.0, 0.0, 0.0</td>
<td></td>
<td>0</td>
<td>com.myntra.apiTests.portalservices.atsService.TestATSAPISV2@8576fa0</td></tr>
<tr>
<td title='com.myntra.apiTests.portalservices.atsService.TestATSAPISV2.testSetandGetATSUserDetailsVerification()'><b>testSetandGetATSUserDetailsVerification</b><br>Test class: com.myntra.apiTests.portalservices.atsService.TestATSAPISV2<br>Parameters: true, HIGH_RETURNS, false, COD103, false, DEFAULT, 3, 0.0, 299.0, 3000.0</td>
<td></td>
<td>0</td>
<td>com.myntra.apiTests.portalservices.atsService.TestATSAPISV2@8576fa0</td></tr>
<tr>
<td title='com.myntra.apiTests.portalservices.atsService.TestATSAPISV2.testSetandGetATSUserDetailsVerification()'><b>testSetandGetATSUserDetailsVerification</b><br>Test class: com.myntra.apiTests.portalservices.atsService.TestATSAPISV2<br>Parameters: false, HIGH_RETURNS, true, COD103, true, DEFAULT, 3, 0.0, 0.0, 0.0</td>
<td></td>
<td>0</td>
<td>com.myntra.apiTests.portalservices.atsService.TestATSAPISV2@8576fa0</td></tr>
<tr>
<td title='com.myntra.apiTests.portalservices.atsService.TestATSAPISV2.testSetandGetATSUserDetailsVerification()'><b>testSetandGetATSUserDetailsVerification</b><br>Test class: com.myntra.apiTests.portalservices.atsService.TestATSAPISV2<br>Parameters: false, HIGH_RETURNS, true, COD103, false, DEFAULT, 3, 0.0, 299.0, 3000.0</td>
<td></td>
<td>0</td>
<td>com.myntra.apiTests.portalservices.atsService.TestATSAPISV2@8576fa0</td></tr>
<tr>
<td title='com.myntra.apiTests.portalservices.atsService.TestATSAPISV2.testSetandGetATSUserDetailsVerification()'><b>testSetandGetATSUserDetailsVerification</b><br>Test class: com.myntra.apiTests.portalservices.atsService.TestATSAPISV2<br>Parameters: false, HIGH_RETURNS, false, COD103, true, DEFAULT, 3, 0.0, 0.0, 0.0</td>
<td></td>
<td>0</td>
<td>com.myntra.apiTests.portalservices.atsService.TestATSAPISV2@8576fa0</td></tr>
<tr>
<td title='com.myntra.apiTests.portalservices.atsService.TestATSAPISV2.testSetandGetATSUserDetailsVerification()'><b>testSetandGetATSUserDetailsVerification</b><br>Test class: com.myntra.apiTests.portalservices.atsService.TestATSAPISV2<br>Parameters: false, HIGH_RETURNS, false, COD103, false, DEFAULT, 3, 0.0, 299.0, 3000.0</td>
<td></td>
<td>0</td>
<td>com.myntra.apiTests.portalservices.atsService.TestATSAPISV2@8576fa0</td></tr>
<tr>
<td title='com.myntra.apiTests.portalservices.atsService.TestATSAPISV2.testSetandGetATSUserDetailsVerification()'><b>testSetandGetATSUserDetailsVerification</b><br>Test class: com.myntra.apiTests.portalservices.atsService.TestATSAPISV2<br>Parameters: true, HIGH_RETURNS, true, COD103, false, DEFAULT, 3, -1000.0, 299.0, 2000.0</td>
<td></td>
<td>0</td>
<td>com.myntra.apiTests.portalservices.atsService.TestATSAPISV2@8576fa0</td></tr>
<tr>
<td title='com.myntra.apiTests.portalservices.atsService.TestATSAPISV2.testSetandGetATSUserDetailsVerification()'><b>testSetandGetATSUserDetailsVerification</b><br>Test class: com.myntra.apiTests.portalservices.atsService.TestATSAPISV2<br>Parameters: true, HIGH_RETURNS, true, COD103, true, DEFAULT, 4, 0.0, 0.0, 0.0</td>
<td></td>
<td>0</td>
<td>com.myntra.apiTests.portalservices.atsService.TestATSAPISV2@8576fa0</td></tr>
<tr>
<td title='com.myntra.apiTests.portalservices.atsService.TestATSAPISV2.testSetandGetATSUserDetailsVerification()'><b>testSetandGetATSUserDetailsVerification</b><br>Test class: com.myntra.apiTests.portalservices.atsService.TestATSAPISV2<br>Parameters: true, HIGH_RETURNS, true, COD103, false, DEFAULT, 4, 0.0, 299.0, 49999.0</td>
<td></td>
<td>0</td>
<td>com.myntra.apiTests.portalservices.atsService.TestATSAPISV2@8576fa0</td></tr>
<tr>
<td title='com.myntra.apiTests.portalservices.atsService.TestATSAPISV2.testSetandGetATSUserDetailsVerification()'><b>testSetandGetATSUserDetailsVerification</b><br>Test class: com.myntra.apiTests.portalservices.atsService.TestATSAPISV2<br>Parameters: true, HIGH_RETURNS, false, COD103, true, DEFAULT, 4, 0.0, 0.0, 0.0</td>
<td></td>
<td>0</td>
<td>com.myntra.apiTests.portalservices.atsService.TestATSAPISV2@8576fa0</td></tr>
<tr>
<td title='com.myntra.apiTests.portalservices.atsService.TestATSAPISV2.testSetandGetATSUserDetailsVerification()'><b>testSetandGetATSUserDetailsVerification</b><br>Test class: com.myntra.apiTests.portalservices.atsService.TestATSAPISV2<br>Parameters: true, HIGH_RETURNS, false, COD103, false, DEFAULT, 4, 0.0, 299.0, 49999.0</td>
<td></td>
<td>0</td>
<td>com.myntra.apiTests.portalservices.atsService.TestATSAPISV2@8576fa0</td></tr>
<tr>
<td title='com.myntra.apiTests.portalservices.atsService.TestATSAPISV2.testSetandGetATSUserDetailsVerification()'><b>testSetandGetATSUserDetailsVerification</b><br>Test class: com.myntra.apiTests.portalservices.atsService.TestATSAPISV2<br>Parameters: false, HIGH_RETURNS, true, COD103, true, DEFAULT, 4, 0.0, 0.0, 0.0</td>
<td></td>
<td>0</td>
<td>com.myntra.apiTests.portalservices.atsService.TestATSAPISV2@8576fa0</td></tr>
<tr>
<td title='com.myntra.apiTests.portalservices.atsService.TestATSAPISV2.testSetandGetATSUserDetailsVerification()'><b>testSetandGetATSUserDetailsVerification</b><br>Test class: com.myntra.apiTests.portalservices.atsService.TestATSAPISV2<br>Parameters: false, HIGH_RETURNS, true, COD103, false, DEFAULT, 4, 0.0, 299.0, 49999.0</td>
<td></td>
<td>0</td>
<td>com.myntra.apiTests.portalservices.atsService.TestATSAPISV2@8576fa0</td></tr>
<tr>
<td title='com.myntra.apiTests.portalservices.atsService.TestATSAPISV2.testSetandGetATSUserDetailsVerification()'><b>testSetandGetATSUserDetailsVerification</b><br>Test class: com.myntra.apiTests.portalservices.atsService.TestATSAPISV2<br>Parameters: false, HIGH_RETURNS, false, COD103, true, DEFAULT, 4, 0.0, 0.0, 0.0</td>
<td></td>
<td>0</td>
<td>com.myntra.apiTests.portalservices.atsService.TestATSAPISV2@8576fa0</td></tr>
<tr>
<td title='com.myntra.apiTests.portalservices.atsService.TestATSAPISV2.testSetandGetATSUserDetailsVerification()'><b>testSetandGetATSUserDetailsVerification</b><br>Test class: com.myntra.apiTests.portalservices.atsService.TestATSAPISV2<br>Parameters: false, HIGH_RETURNS, false, COD103, false, DEFAULT, 4, 0.0, 299.0, 49999.0</td>
<td></td>
<td>0</td>
<td>com.myntra.apiTests.portalservices.atsService.TestATSAPISV2@8576fa0</td></tr>
<tr>
<td title='com.myntra.apiTests.portalservices.atsService.TestATSAPISV2.testSetandGetATSUserDetailsVerification()'><b>testSetandGetATSUserDetailsVerification</b><br>Test class: com.myntra.apiTests.portalservices.atsService.TestATSAPISV2<br>Parameters: true, HIGH_RETURNS, true, COD103, false, DEFAULT, 4, -9999.0, 299.0, 49999.0</td>
<td></td>
<td>0</td>
<td>com.myntra.apiTests.portalservices.atsService.TestATSAPISV2@8576fa0</td></tr>
<tr>
<td title='com.myntra.apiTests.portalservices.atsService.TestATSAPISV2.testSetandGetATSUserDetailsVerification()'><b>testSetandGetATSUserDetailsVerification</b><br>Test class: com.myntra.apiTests.portalservices.atsService.TestATSAPISV2<br>Parameters: true, HIGH_RETURNS, true, COD103, true, DEFAULT, 5, 0.0, 0.0, 0.0</td>
<td></td>
<td>0</td>
<td>com.myntra.apiTests.portalservices.atsService.TestATSAPISV2@8576fa0</td></tr>
<tr>
<td title='com.myntra.apiTests.portalservices.atsService.TestATSAPISV2.testSetandGetATSUserDetailsVerification()'><b>testSetandGetATSUserDetailsVerification</b><br>Test class: com.myntra.apiTests.portalservices.atsService.TestATSAPISV2<br>Parameters: true, HIGH_RETURNS, true, COD103, false, DEFAULT, 5, 0.0, 299.0, 299.0</td>
<td></td>
<td>0</td>
<td>com.myntra.apiTests.portalservices.atsService.TestATSAPISV2@8576fa0</td></tr>
<tr>
<td title='com.myntra.apiTests.portalservices.atsService.TestATSAPISV2.testSetandGetATSUserDetailsVerification()'><b>testSetandGetATSUserDetailsVerification</b><br>Test class: com.myntra.apiTests.portalservices.atsService.TestATSAPISV2<br>Parameters: true, HIGH_RETURNS, false, COD103, true, DEFAULT, 5, 0.0, 0.0, 0.0</td>
<td></td>
<td>0</td>
<td>com.myntra.apiTests.portalservices.atsService.TestATSAPISV2@8576fa0</td></tr>
<tr>
<td title='com.myntra.apiTests.portalservices.atsService.TestATSAPISV2.testSetandGetATSUserDetailsVerification()'><b>testSetandGetATSUserDetailsVerification</b><br>Test class: com.myntra.apiTests.portalservices.atsService.TestATSAPISV2<br>Parameters: true, HIGH_RETURNS, false, COD103, false, DEFAULT, 5, 0.0, 299.0, 299.0</td>
<td></td>
<td>0</td>
<td>com.myntra.apiTests.portalservices.atsService.TestATSAPISV2@8576fa0</td></tr>
<tr>
<td title='com.myntra.apiTests.portalservices.atsService.TestATSAPISV2.testSetandGetATSUserDetailsVerification()'><b>testSetandGetATSUserDetailsVerification</b><br>Test class: com.myntra.apiTests.portalservices.atsService.TestATSAPISV2<br>Parameters: false, HIGH_RETURNS, true, COD103, true, DEFAULT, 5, 0.0, 0.0, 0.0</td>
<td></td>
<td>0</td>
<td>com.myntra.apiTests.portalservices.atsService.TestATSAPISV2@8576fa0</td></tr>
<tr>
<td title='com.myntra.apiTests.portalservices.atsService.TestATSAPISV2.testSetandGetATSUserDetailsVerification()'><b>testSetandGetATSUserDetailsVerification</b><br>Test class: com.myntra.apiTests.portalservices.atsService.TestATSAPISV2<br>Parameters: false, HIGH_RETURNS, true, COD103, false, DEFAULT, 5, 0.0, 299.0, 299.0</td>
<td></td>
<td>0</td>
<td>com.myntra.apiTests.portalservices.atsService.TestATSAPISV2@8576fa0</td></tr>
<tr>
<td title='com.myntra.apiTests.portalservices.atsService.TestATSAPISV2.testSetandGetATSUserDetailsVerification()'><b>testSetandGetATSUserDetailsVerification</b><br>Test class: com.myntra.apiTests.portalservices.atsService.TestATSAPISV2<br>Parameters: false, HIGH_RETURNS, false, COD103, true, DEFAULT, 5, 0.0, 0.0, 0.0</td>
<td></td>
<td>0</td>
<td>com.myntra.apiTests.portalservices.atsService.TestATSAPISV2@8576fa0</td></tr>
<tr>
<td title='com.myntra.apiTests.portalservices.atsService.TestATSAPISV2.testSetandGetATSUserDetailsVerification()'><b>testSetandGetATSUserDetailsVerification</b><br>Test class: com.myntra.apiTests.portalservices.atsService.TestATSAPISV2<br>Parameters: false, HIGH_RETURNS, false, COD103, false, DEFAULT, 5, 0.0, 299.0, 299.0</td>
<td></td>
<td>0</td>
<td>com.myntra.apiTests.portalservices.atsService.TestATSAPISV2@8576fa0</td></tr>
<tr>
<td title='com.myntra.apiTests.portalservices.atsService.TestATSAPISV2.testSetandGetATSUserDetailsVerification()'><b>testSetandGetATSUserDetailsVerification</b><br>Test class: com.myntra.apiTests.portalservices.atsService.TestATSAPISV2<br>Parameters: true, HIGH_RETURNS, true, COD103, true, DEFAULT, 6, 0.0, 0.0, 0.0</td>
<td></td>
<td>0</td>
<td>com.myntra.apiTests.portalservices.atsService.TestATSAPISV2@8576fa0</td></tr>
<tr>
<td title='com.myntra.apiTests.portalservices.atsService.TestATSAPISV2.testSetandGetATSUserDetailsVerification()'><b>testSetandGetATSUserDetailsVerification</b><br>Test class: com.myntra.apiTests.portalservices.atsService.TestATSAPISV2<br>Parameters: true, HIGH_RETURNS, true, COD103, false, DEFAULT, 6, 0.0, 299.0, 49999.0</td>
<td></td>
<td>0</td>
<td>com.myntra.apiTests.portalservices.atsService.TestATSAPISV2@8576fa0</td></tr>
<tr>
<td title='com.myntra.apiTests.portalservices.atsService.TestATSAPISV2.testSetandGetATSUserDetailsVerification()'><b>testSetandGetATSUserDetailsVerification</b><br>Test class: com.myntra.apiTests.portalservices.atsService.TestATSAPISV2<br>Parameters: true, HIGH_RETURNS, false, COD103, true, DEFAULT, 6, 0.0, 0.0, 0.0</td>
<td></td>
<td>0</td>
<td>com.myntra.apiTests.portalservices.atsService.TestATSAPISV2@8576fa0</td></tr>
<tr>
<td title='com.myntra.apiTests.portalservices.atsService.TestATSAPISV2.testSetandGetATSUserDetailsVerification()'><b>testSetandGetATSUserDetailsVerification</b><br>Test class: com.myntra.apiTests.portalservices.atsService.TestATSAPISV2<br>Parameters: true, HIGH_RETURNS, false, COD103, false, DEFAULT, 6, 0.0, 299.0, 49999.0</td>
<td></td>
<td>0</td>
<td>com.myntra.apiTests.portalservices.atsService.TestATSAPISV2@8576fa0</td></tr>
<tr>
<td title='com.myntra.apiTests.portalservices.atsService.TestATSAPISV2.testSetandGetATSUserDetailsVerification()'><b>testSetandGetATSUserDetailsVerification</b><br>Test class: com.myntra.apiTests.portalservices.atsService.TestATSAPISV2<br>Parameters: false, HIGH_RETURNS, true, COD103, true, DEFAULT, 6, 0.0, 0.0, 0.0</td>
<td></td>
<td>0</td>
<td>com.myntra.apiTests.portalservices.atsService.TestATSAPISV2@8576fa0</td></tr>
<tr>
<td title='com.myntra.apiTests.portalservices.atsService.TestATSAPISV2.testSetandGetATSUserDetailsVerification()'><b>testSetandGetATSUserDetailsVerification</b><br>Test class: com.myntra.apiTests.portalservices.atsService.TestATSAPISV2<br>Parameters: false, HIGH_RETURNS, true, COD103, false, DEFAULT, 6, 0.0, 299.0, 49999.0</td>
<td></td>
<td>0</td>
<td>com.myntra.apiTests.portalservices.atsService.TestATSAPISV2@8576fa0</td></tr>
<tr>
<td title='com.myntra.apiTests.portalservices.atsService.TestATSAPISV2.testSetandGetATSUserDetailsVerification()'><b>testSetandGetATSUserDetailsVerification</b><br>Test class: com.myntra.apiTests.portalservices.atsService.TestATSAPISV2<br>Parameters: false, HIGH_RETURNS, false, COD103, true, DEFAULT, 6, 0.0, 0.0, 0.0</td>
<td></td>
<td>0</td>
<td>com.myntra.apiTests.portalservices.atsService.TestATSAPISV2@8576fa0</td></tr>
<tr>
<td title='com.myntra.apiTests.portalservices.atsService.TestATSAPISV2.testSetandGetATSUserDetailsVerification()'><b>testSetandGetATSUserDetailsVerification</b><br>Test class: com.myntra.apiTests.portalservices.atsService.TestATSAPISV2<br>Parameters: false, HIGH_RETURNS, false, COD103, false, DEFAULT, 6, 0.0, 299.0, 49999.0</td>
<td></td>
<td>0</td>
<td>com.myntra.apiTests.portalservices.atsService.TestATSAPISV2@8576fa0</td></tr>
<tr>
<td title='com.myntra.apiTests.portalservices.atsService.TestATSAPISV2.testSetandGetATSUserDetailsVerification()'><b>testSetandGetATSUserDetailsVerification</b><br>Test class: com.myntra.apiTests.portalservices.atsService.TestATSAPISV2<br>Parameters: true, HIGH_RETURNS, true, COD103, false, DEFAULT, 6, -9999.0, 299.0, 49999.0</td>
<td></td>
<td>0</td>
<td>com.myntra.apiTests.portalservices.atsService.TestATSAPISV2@8576fa0</td></tr>
<tr>
<td title='com.myntra.apiTests.portalservices.atsService.TestATSAPISV2.testSetandGetATSUserDetailsVerification()'><b>testSetandGetATSUserDetailsVerification</b><br>Test class: com.myntra.apiTests.portalservices.atsService.TestATSAPISV2<br>Parameters: true, HIGH_RETURNS, true, COD103, true, DEFAULT, 7, 0.0, 0.0, 0.0</td>
<td></td>
<td>0</td>
<td>com.myntra.apiTests.portalservices.atsService.TestATSAPISV2@8576fa0</td></tr>
<tr>
<td title='com.myntra.apiTests.portalservices.atsService.TestATSAPISV2.testSetandGetATSUserDetailsVerification()'><b>testSetandGetATSUserDetailsVerification</b><br>Test class: com.myntra.apiTests.portalservices.atsService.TestATSAPISV2<br>Parameters: true, HIGH_RETURNS, true, COD103, false, DEFAULT, 7, 0.0, 299.0, 24999.0</td>
<td></td>
<td>0</td>
<td>com.myntra.apiTests.portalservices.atsService.TestATSAPISV2@8576fa0</td></tr>
<tr>
<td title='com.myntra.apiTests.portalservices.atsService.TestATSAPISV2.testSetandGetATSUserDetailsVerification()'><b>testSetandGetATSUserDetailsVerification</b><br>Test class: com.myntra.apiTests.portalservices.atsService.TestATSAPISV2<br>Parameters: true, HIGH_RETURNS, false, COD103, true, DEFAULT, 7, 0.0, 0.0, 0.0</td>
<td></td>
<td>0</td>
<td>com.myntra.apiTests.portalservices.atsService.TestATSAPISV2@8576fa0</td></tr>
<tr>
<td title='com.myntra.apiTests.portalservices.atsService.TestATSAPISV2.testSetandGetATSUserDetailsVerification()'><b>testSetandGetATSUserDetailsVerification</b><br>Test class: com.myntra.apiTests.portalservices.atsService.TestATSAPISV2<br>Parameters: true, HIGH_RETURNS, false, COD103, false, DEFAULT, 7, 0.0, 299.0, 24999.0</td>
<td></td>
<td>0</td>
<td>com.myntra.apiTests.portalservices.atsService.TestATSAPISV2@8576fa0</td></tr>
<tr>
<td title='com.myntra.apiTests.portalservices.atsService.TestATSAPISV2.testSetandGetATSUserDetailsVerification()'><b>testSetandGetATSUserDetailsVerification</b><br>Test class: com.myntra.apiTests.portalservices.atsService.TestATSAPISV2<br>Parameters: false, HIGH_RETURNS, true, COD103, true, DEFAULT, 7, 0.0, 0.0, 0.0</td>
<td></td>
<td>0</td>
<td>com.myntra.apiTests.portalservices.atsService.TestATSAPISV2@8576fa0</td></tr>
<tr>
<td title='com.myntra.apiTests.portalservices.atsService.TestATSAPISV2.testSetandGetATSUserDetailsVerification()'><b>testSetandGetATSUserDetailsVerification</b><br>Test class: com.myntra.apiTests.portalservices.atsService.TestATSAPISV2<br>Parameters: false, HIGH_RETURNS, true, COD103, false, DEFAULT, 7, 0.0, 299.0, 24999.0</td>
<td></td>
<td>0</td>
<td>com.myntra.apiTests.portalservices.atsService.TestATSAPISV2@8576fa0</td></tr>
<tr>
<td title='com.myntra.apiTests.portalservices.atsService.TestATSAPISV2.testSetandGetATSUserDetailsVerification()'><b>testSetandGetATSUserDetailsVerification</b><br>Test class: com.myntra.apiTests.portalservices.atsService.TestATSAPISV2<br>Parameters: false, HIGH_RETURNS, false, COD103, true, DEFAULT, 7, 0.0, 0.0, 0.0</td>
<td></td>
<td>0</td>
<td>com.myntra.apiTests.portalservices.atsService.TestATSAPISV2@8576fa0</td></tr>
<tr>
<td title='com.myntra.apiTests.portalservices.atsService.TestATSAPISV2.testSetandGetATSUserDetailsVerification()'><b>testSetandGetATSUserDetailsVerification</b><br>Test class: com.myntra.apiTests.portalservices.atsService.TestATSAPISV2<br>Parameters: false, HIGH_RETURNS, false, COD103, false, DEFAULT, 7, 0.0, 299.0, 24999.0</td>
<td></td>
<td>0</td>
<td>com.myntra.apiTests.portalservices.atsService.TestATSAPISV2@8576fa0</td></tr>
<tr>
<td title='com.myntra.apiTests.portalservices.atsService.TestATSAPISV2.testSetandGetATSUserDetailsVerification()'><b>testSetandGetATSUserDetailsVerification</b><br>Test class: com.myntra.apiTests.portalservices.atsService.TestATSAPISV2<br>Parameters: true, HIGH_RETURNS, true, COD103, false, DEFAULT, 7, -4999.0, 299.0, 20000.0</td>
<td></td>
<td>0</td>
<td>com.myntra.apiTests.portalservices.atsService.TestATSAPISV2@8576fa0</td></tr>
<tr>
<td title='com.myntra.apiTests.portalservices.atsService.TestATSAPISV2.testSetandGetATSUserDetailsVerification()'><b>testSetandGetATSUserDetailsVerification</b><br>Test class: com.myntra.apiTests.portalservices.atsService.TestATSAPISV2<br>Parameters: true, HIGH_RETURNS, true, COD103, true, DEFAULT, 8, 0.0, 0.0, 0.0</td>
<td></td>
<td>0</td>
<td>com.myntra.apiTests.portalservices.atsService.TestATSAPISV2@8576fa0</td></tr>
<tr>
<td title='com.myntra.apiTests.portalservices.atsService.TestATSAPISV2.testSetandGetATSUserDetailsVerification()'><b>testSetandGetATSUserDetailsVerification</b><br>Test class: com.myntra.apiTests.portalservices.atsService.TestATSAPISV2<br>Parameters: true, HIGH_RETURNS, false, COD103, true, DEFAULT, 8, 0.0, 0.0, 0.0</td>
<td></td>
<td>0</td>
<td>com.myntra.apiTests.portalservices.atsService.TestATSAPISV2@8576fa0</td></tr>
<tr>
<td title='com.myntra.apiTests.portalservices.atsService.TestATSAPISV2.testSetandGetATSUserDetailsVerification()'><b>testSetandGetATSUserDetailsVerification</b><br>Test class: com.myntra.apiTests.portalservices.atsService.TestATSAPISV2<br>Parameters: true, HIGH_RETURNS, true, COD103, false, DEFAULT, 8, 0.0, 299.0, 1500.0</td>
<td></td>
<td>0</td>
<td>com.myntra.apiTests.portalservices.atsService.TestATSAPISV2@8576fa0</td></tr>
<tr>
<td title='com.myntra.apiTests.portalservices.atsService.TestATSAPISV2.testSetandGetATSUserDetailsVerification()'><b>testSetandGetATSUserDetailsVerification</b><br>Test class: com.myntra.apiTests.portalservices.atsService.TestATSAPISV2<br>Parameters: true, HIGH_RETURNS, false, COD103, false, DEFAULT, 8, 0.0, 299.0, 1500.0</td>
<td></td>
<td>0</td>
<td>com.myntra.apiTests.portalservices.atsService.TestATSAPISV2@8576fa0</td></tr>
<tr>
<td title='com.myntra.apiTests.portalservices.atsService.TestATSAPISV2.testSetandGetATSUserDetailsVerification()'><b>testSetandGetATSUserDetailsVerification</b><br>Test class: com.myntra.apiTests.portalservices.atsService.TestATSAPISV2<br>Parameters: false, HIGH_RETURNS, true, COD103, true, DEFAULT, 8, 0.0, 0.0, 0.0</td>
<td></td>
<td>0</td>
<td>com.myntra.apiTests.portalservices.atsService.TestATSAPISV2@8576fa0</td></tr>
<tr>
<td title='com.myntra.apiTests.portalservices.atsService.TestATSAPISV2.testSetandGetATSUserDetailsVerification()'><b>testSetandGetATSUserDetailsVerification</b><br>Test class: com.myntra.apiTests.portalservices.atsService.TestATSAPISV2<br>Parameters: false, HIGH_RETURNS, true, COD103, false, DEFAULT, 8, 0.0, 299.0, 1500.0</td>
<td></td>
<td>0</td>
<td>com.myntra.apiTests.portalservices.atsService.TestATSAPISV2@8576fa0</td></tr>
<tr>
<td title='com.myntra.apiTests.portalservices.atsService.TestATSAPISV2.testSetandGetATSUserDetailsVerification()'><b>testSetandGetATSUserDetailsVerification</b><br>Test class: com.myntra.apiTests.portalservices.atsService.TestATSAPISV2<br>Parameters: false, HIGH_RETURNS, false, COD103, true, DEFAULT, 8, 0.0, 0.0, 0.0</td>
<td></td>
<td>0</td>
<td>com.myntra.apiTests.portalservices.atsService.TestATSAPISV2@8576fa0</td></tr>
<tr>
<td title='com.myntra.apiTests.portalservices.atsService.TestATSAPISV2.testSetandGetATSUserDetailsVerification()'><b>testSetandGetATSUserDetailsVerification</b><br>Test class: com.myntra.apiTests.portalservices.atsService.TestATSAPISV2<br>Parameters: false, HIGH_RETURNS, false, COD103, false, DEFAULT, 8, 0.0, 299.0, 1500.0</td>
<td></td>
<td>0</td>
<td>com.myntra.apiTests.portalservices.atsService.TestATSAPISV2@8576fa0</td></tr>
<tr>
<td title='com.myntra.apiTests.portalservices.atsService.TestATSAPISV2.testSetandGetATSUserDetailsVerification()'><b>testSetandGetATSUserDetailsVerification</b><br>Test class: com.myntra.apiTests.portalservices.atsService.TestATSAPISV2<br>Parameters: true, HIGH_RETURNS, true, COD103, false, DEFAULT, 8, -1000.0, 299.0, 500.0</td>
<td></td>
<td>0</td>
<td>com.myntra.apiTests.portalservices.atsService.TestATSAPISV2@8576fa0</td></tr>
<tr>
<td title='com.myntra.apiTests.portalservices.atsService.TestATSAPISV2.testSetandGetATSUserOpenOrdersValue()'><b>testSetandGetATSUserOpenOrdersValue</b><br>Test class: com.myntra.apiTests.portalservices.atsService.TestATSAPISV2<br>Parameters: 1000.0</td>
<td></td>
<td>0</td>
<td>com.myntra.apiTests.portalservices.atsService.TestATSAPISV2@8576fa0</td></tr>
<tr>
<td title='com.myntra.apiTests.portalservices.atsService.TestATSAPISV2.testSetandGetATSUserOpenOrdersValue()'><b>testSetandGetATSUserOpenOrdersValue</b><br>Test class: com.myntra.apiTests.portalservices.atsService.TestATSAPISV2<br>Parameters: -2000.0</td>
<td></td>
<td>0</td>
<td>com.myntra.apiTests.portalservices.atsService.TestATSAPISV2@8576fa0</td></tr>
</table><p>
</body>
</html>